[ HPS ANALYSIS ]:  Output file is VertexHistograms/Data/pass4/hps_005704_IsoCut_1pt0_v0chi2_10_useGBL_ECalMatch.root
Loading HpsEvent Library from /nfs/slac/g/hps3/users/mgraham/hps-dst/hps-dst-0.10/build/lib/libHpsEvent.so
[ HPS ANALYSIS ]: Reading in root chain from pass4-dst/hps_005704
			Trident Selection Summary
******************************************************************************************
Number of Events:		0 			Traceback (most recent call last):
  File "vertexAnalysis_pass4.py", line 321, in <module>
    main()
  File "vertexAnalysis_pass4.py", line 311, in main
    print "Number of Events:\t\t",nEvents,"\t\t\t",float(nEvents)/nEvents,"\t\t\t",float(nEvents)/nEvents
ZeroDivisionError: float division by zero

------------------------------------------------------------
Sender: LSF System <lsf@fell0253>
Subject: Job 559152: <python vertexAnalysis_pass4.py -o VertexHistograms/Data/pass4/hps_005704_IsoCut_1pt0_v0chi2_10_useGBL_ECalMatch.root pass4-dst/hps_005704> in cluster <slac> Exited

Job <python vertexAnalysis_pass4.py -o VertexHistograms/Data/pass4/hps_005704_IsoCut_1pt0_v0chi2_10_useGBL_ECalMatch.root pass4-dst/hps_005704> was submitted from host <rhel6-64f> by user <mgraham> in cluster <slac>.
Job was executed on host(s) <fell0253>, in queue <long>, as user <mgraham> in cluster <slac>.
</u/br/mgraham> was used as the home directory.
</u/br/mgraham/hps-analysis/tridents> was used as the working directory.
Started at Thu Feb 11 07:39:24 2016
Results reported on Thu Feb 11 07:39:26 2016

Your job looked like:

------------------------------------------------------------
# LSBATCH: User input
python vertexAnalysis_pass4.py -o VertexHistograms/Data/pass4/hps_005704_IsoCut_1pt0_v0chi2_10_useGBL_ECalMatch.root pass4-dst/hps_005704
------------------------------------------------------------

Exited with exit code 1.

Resource usage summary:

    CPU time :                                   1.25 sec.
    Total Requested Memory :                     -
    Delta Memory :                               -
    Run time :                                   2 sec.
    Turnaround time :                            5 sec.

The output (if any) is above this job summary.

[ HPS ANALYSIS ]:  Output file is VertexHistograms/Data/pass4/hps_005704_IsoCut_1pt0_v0chi2_10_useGBL_ECalMatch.root
Loading HpsEvent Library from /nfs/slac/g/hps3/users/mgraham/hps-dst/hps-dst-0.10/build/lib/libHpsEvent.so
[ HPS ANALYSIS ]: Reading in root chain from pass4-dst/hps_005704
			Trident Selection Summary
******************************************************************************************
Number of Events:		0 			Traceback (most recent call last):
  File "vertexAnalysis_pass4.py", line 322, in <module>
    main()
  File "vertexAnalysis_pass4.py", line 312, in main
    print "Number of Events:\t\t",nEvents,"\t\t\t",float(nEvents)/nEvents,"\t\t\t",float(nEvents)/nEvents
ZeroDivisionError: float division by zero

------------------------------------------------------------
Sender: LSF System <lsf@fell0164>
Subject: Job 695386: <python vertexAnalysis_pass4.py -o VertexHistograms/Data/pass4/hps_005704_IsoCut_1pt0_v0chi2_10_useGBL_ECalMatch.root pass4-dst/hps_005704> in cluster <slac> Exited

Job <python vertexAnalysis_pass4.py -o VertexHistograms/Data/pass4/hps_005704_IsoCut_1pt0_v0chi2_10_useGBL_ECalMatch.root pass4-dst/hps_005704> was submitted from host <rhel6-64f> by user <mgraham> in cluster <slac>.
Job was executed on host(s) <fell0164>, in queue <long>, as user <mgraham> in cluster <slac>.
</u/br/mgraham> was used as the home directory.
</u/br/mgraham/hps-analysis/tridents> was used as the working directory.
Started at Thu Feb 11 14:28:29 2016
Results reported on Thu Feb 11 14:29:16 2016

Your job looked like:

------------------------------------------------------------
# LSBATCH: User input
python vertexAnalysis_pass4.py -o VertexHistograms/Data/pass4/hps_005704_IsoCut_1pt0_v0chi2_10_useGBL_ECalMatch.root pass4-dst/hps_005704
------------------------------------------------------------

Exited with exit code 1.

Resource usage summary:

    CPU time :                                   1.83 sec.
    Max Memory :                                 88 MB
    Average Memory :                             45.50 MB
    Total Requested Memory :                     -
    Delta Memory :                               -
    Max Processes :                              3
    Max Threads :                                4
    Run time :                                   47 sec.
    Turnaround time :                            53 sec.

The output (if any) is above this job summary.

[ HPS ANALYSIS ]:  Output file is VertexHistograms/Data/pass4/hps_005704_IsoCut_1pt0_v0chi2_10_useGBL_ECalMatch.root
Loading HpsEvent Library from /nfs/slac/g/hps3/users/mgraham/hps-dst/hps-dst-0.10/build/lib/libHpsEvent.so
[ HPS ANALYSIS ]: Reading in root chain from pass4-dst/hps_005704
			Trident Selection Summary
******************************************************************************************
Number of Events:		0 			Traceback (most recent call last):
  File "vertexAnalysis_pass4.py", line 323, in <module>
    main()
  File "vertexAnalysis_pass4.py", line 313, in main
    print "Number of Events:\t\t",nEvents,"\t\t\t",float(nEvents)/nEvents,"\t\t\t",float(nEvents)/nEvents
ZeroDivisionError: float division by zero

------------------------------------------------------------
Sender: LSF System <lsf@fell0092>
Subject: Job 698810: <python vertexAnalysis_pass4.py -o VertexHistograms/Data/pass4/hps_005704_IsoCut_1pt0_v0chi2_10_useGBL_ECalMatch.root pass4-dst/hps_005704> in cluster <slac> Exited

Job <python vertexAnalysis_pass4.py -o VertexHistograms/Data/pass4/hps_005704_IsoCut_1pt0_v0chi2_10_useGBL_ECalMatch.root pass4-dst/hps_005704> was submitted from host <rhel6-64f> by user <mgraham> in cluster <slac>.
Job was executed on host(s) <fell0092>, in queue <long>, as user <mgraham> in cluster <slac>.
</u/br/mgraham> was used as the home directory.
</u/br/mgraham/hps-analysis/tridents> was used as the working directory.
Started at Thu Feb 11 14:37:20 2016
Results reported on Thu Feb 11 14:37:45 2016

Your job looked like:

------------------------------------------------------------
# LSBATCH: User input
python vertexAnalysis_pass4.py -o VertexHistograms/Data/pass4/hps_005704_IsoCut_1pt0_v0chi2_10_useGBL_ECalMatch.root pass4-dst/hps_005704
------------------------------------------------------------

Exited with exit code 1.

Resource usage summary:

    CPU time :                                   1.79 sec.
    Max Memory :                                 91 MB
    Average Memory :                             27.00 MB
    Total Requested Memory :                     -
    Delta Memory :                               -
    Max Processes :                              3
    Max Threads :                                4
    Run time :                                   25 sec.
    Turnaround time :                            28 sec.

The output (if any) is above this job summary.

