[ HPS ANALYSIS ]:  Output file is VertexHistograms/Data/pass4/hps_005651_IsoCut_1pt0_v0chi2_10_useGBL_ECalMatch.root
Loading HpsEvent Library from /nfs/slac/g/hps3/users/mgraham/hps-dst/hps-dst-0.10/build/lib/libHpsEvent.so
[ HPS ANALYSIS ]: Reading in root chain from pass4-dst/hps_005651
			Trident Selection Summary
******************************************************************************************
Number of Events:		0 			Traceback (most recent call last):
  File "vertexAnalysis_pass4.py", line 321, in <module>
    main()
  File "vertexAnalysis_pass4.py", line 311, in main
    print "Number of Events:\t\t",nEvents,"\t\t\t",float(nEvents)/nEvents,"\t\t\t",float(nEvents)/nEvents
ZeroDivisionError: float division by zero

------------------------------------------------------------
Sender: LSF System <lsf@fell0274>
Subject: Job 559089: <python vertexAnalysis_pass4.py -o VertexHistograms/Data/pass4/hps_005651_IsoCut_1pt0_v0chi2_10_useGBL_ECalMatch.root pass4-dst/hps_005651> in cluster <slac> Exited

Job <python vertexAnalysis_pass4.py -o VertexHistograms/Data/pass4/hps_005651_IsoCut_1pt0_v0chi2_10_useGBL_ECalMatch.root pass4-dst/hps_005651> was submitted from host <rhel6-64f> by user <mgraham> in cluster <slac>.
Job was executed on host(s) <fell0274>, in queue <long>, as user <mgraham> in cluster <slac>.
</u/br/mgraham> was used as the home directory.
</u/br/mgraham/hps-analysis/tridents> was used as the working directory.
Started at Thu Feb 11 07:39:14 2016
Results reported on Thu Feb 11 07:39:21 2016

Your job looked like:

------------------------------------------------------------
# LSBATCH: User input
python vertexAnalysis_pass4.py -o VertexHistograms/Data/pass4/hps_005651_IsoCut_1pt0_v0chi2_10_useGBL_ECalMatch.root pass4-dst/hps_005651
------------------------------------------------------------

Exited with exit code 1.

Resource usage summary:

    CPU time :                                   1.56 sec.
    Max Memory :                                 37 MB
    Average Memory :                             35.00 MB
    Total Requested Memory :                     -
    Delta Memory :                               -
    Max Processes :                              3
    Max Threads :                                4
    Run time :                                   7 sec.
    Turnaround time :                            11 sec.

The output (if any) is above this job summary.

[ HPS ANALYSIS ]:  Output file is VertexHistograms/Data/pass4/hps_005651_IsoCut_1pt0_v0chi2_10_useGBL_ECalMatch.root
Loading HpsEvent Library from /nfs/slac/g/hps3/users/mgraham/hps-dst/hps-dst-0.10/build/lib/libHpsEvent.so
[ HPS ANALYSIS ]: Reading in root chain from pass4-dst/hps_005651
			Trident Selection Summary
******************************************************************************************
Number of Events:		0 			Traceback (most recent call last):
  File "vertexAnalysis_pass4.py", line 322, in <module>
    main()
  File "vertexAnalysis_pass4.py", line 312, in main
    print "Number of Events:\t\t",nEvents,"\t\t\t",float(nEvents)/nEvents,"\t\t\t",float(nEvents)/nEvents
ZeroDivisionError: float division by zero

------------------------------------------------------------
Sender: LSF System <lsf@fell0121>
Subject: Job 695359: <python vertexAnalysis_pass4.py -o VertexHistograms/Data/pass4/hps_005651_IsoCut_1pt0_v0chi2_10_useGBL_ECalMatch.root pass4-dst/hps_005651> in cluster <slac> Exited

Job <python vertexAnalysis_pass4.py -o VertexHistograms/Data/pass4/hps_005651_IsoCut_1pt0_v0chi2_10_useGBL_ECalMatch.root pass4-dst/hps_005651> was submitted from host <rhel6-64f> by user <mgraham> in cluster <slac>.
Job was executed on host(s) <fell0121>, in queue <long>, as user <mgraham> in cluster <slac>.
</u/br/mgraham> was used as the home directory.
</u/br/mgraham/hps-analysis/tridents> was used as the working directory.
Started at Thu Feb 11 14:28:25 2016
Results reported on Thu Feb 11 14:29:08 2016

Your job looked like:

------------------------------------------------------------
# LSBATCH: User input
python vertexAnalysis_pass4.py -o VertexHistograms/Data/pass4/hps_005651_IsoCut_1pt0_v0chi2_10_useGBL_ECalMatch.root pass4-dst/hps_005651
------------------------------------------------------------

Exited with exit code 1.

Resource usage summary:

    CPU time :                                   1.81 sec.
    Max Memory :                                 90 MB
    Average Memory :                             55.00 MB
    Total Requested Memory :                     -
    Delta Memory :                               -
    Max Processes :                              3
    Max Threads :                                4
    Run time :                                   43 sec.
    Turnaround time :                            47 sec.

The output (if any) is above this job summary.

[ HPS ANALYSIS ]:  Output file is VertexHistograms/Data/pass4/hps_005651_IsoCut_1pt0_v0chi2_10_useGBL_ECalMatch.root
Loading HpsEvent Library from /nfs/slac/g/hps3/users/mgraham/hps-dst/hps-dst-0.10/build/lib/libHpsEvent.so
[ HPS ANALYSIS ]: Reading in root chain from pass4-dst/hps_005651
			Trident Selection Summary
******************************************************************************************
Number of Events:		0 			Traceback (most recent call last):
  File "vertexAnalysis_pass4.py", line 323, in <module>
    main()
  File "vertexAnalysis_pass4.py", line 313, in main
    print "Number of Events:\t\t",nEvents,"\t\t\t",float(nEvents)/nEvents,"\t\t\t",float(nEvents)/nEvents
ZeroDivisionError: float division by zero

------------------------------------------------------------
Sender: LSF System <lsf@fell0184>
Subject: Job 698782: <python vertexAnalysis_pass4.py -o VertexHistograms/Data/pass4/hps_005651_IsoCut_1pt0_v0chi2_10_useGBL_ECalMatch.root pass4-dst/hps_005651> in cluster <slac> Exited

Job <python vertexAnalysis_pass4.py -o VertexHistograms/Data/pass4/hps_005651_IsoCut_1pt0_v0chi2_10_useGBL_ECalMatch.root pass4-dst/hps_005651> was submitted from host <rhel6-64f> by user <mgraham> in cluster <slac>.
Job was executed on host(s) <fell0184>, in queue <long>, as user <mgraham> in cluster <slac>.
</u/br/mgraham> was used as the home directory.
</u/br/mgraham/hps-analysis/tridents> was used as the working directory.
Started at Thu Feb 11 14:37:20 2016
Results reported on Thu Feb 11 14:37:28 2016

Your job looked like:

------------------------------------------------------------
# LSBATCH: User input
python vertexAnalysis_pass4.py -o VertexHistograms/Data/pass4/hps_005651_IsoCut_1pt0_v0chi2_10_useGBL_ECalMatch.root pass4-dst/hps_005651
------------------------------------------------------------

Exited with exit code 1.

Resource usage summary:

    CPU time :                                   1.31 sec.
    Max Memory :                                 114 MB
    Average Memory :                             47.00 MB
    Total Requested Memory :                     -
    Delta Memory :                               -
    Max Processes :                              3
    Max Threads :                                4
    Run time :                                   8 sec.
    Turnaround time :                            13 sec.

The output (if any) is above this job summary.

