[ HPS ANALYSIS ]:  Output file is VertexHistograms/Data/pass4/hps_005770_IsoCut_1pt0_v0chi2_10_useGBL_ECalMatch.root
Loading HpsEvent Library from /nfs/slac/g/hps3/users/mgraham/hps-dst/hps-dst-0.10/build/lib/libHpsEvent.so
[ HPS ANALYSIS ]: Reading in root chain from pass4-dst/hps_005770
			Trident Selection Summary
******************************************************************************************
Number of Events:		0 			Traceback (most recent call last):
  File "vertexAnalysis_pass4.py", line 321, in <module>
    main()
  File "vertexAnalysis_pass4.py", line 311, in main
    print "Number of Events:\t\t",nEvents,"\t\t\t",float(nEvents)/nEvents,"\t\t\t",float(nEvents)/nEvents
ZeroDivisionError: float division by zero

------------------------------------------------------------
Sender: LSF System <lsf@fell0257>
Subject: Job 559173: <python vertexAnalysis_pass4.py -o VertexHistograms/Data/pass4/hps_005770_IsoCut_1pt0_v0chi2_10_useGBL_ECalMatch.root pass4-dst/hps_005770> in cluster <slac> Exited

Job <python vertexAnalysis_pass4.py -o VertexHistograms/Data/pass4/hps_005770_IsoCut_1pt0_v0chi2_10_useGBL_ECalMatch.root pass4-dst/hps_005770> was submitted from host <rhel6-64f> by user <mgraham> in cluster <slac>.
Job was executed on host(s) <fell0257>, in queue <long>, as user <mgraham> in cluster <slac>.
</u/br/mgraham> was used as the home directory.
</u/br/mgraham/hps-analysis/tridents> was used as the working directory.
Started at Thu Feb 11 07:39:26 2016
Results reported on Thu Feb 11 07:39:30 2016

Your job looked like:

------------------------------------------------------------
# LSBATCH: User input
python vertexAnalysis_pass4.py -o VertexHistograms/Data/pass4/hps_005770_IsoCut_1pt0_v0chi2_10_useGBL_ECalMatch.root pass4-dst/hps_005770
------------------------------------------------------------

Exited with exit code 1.

Resource usage summary:

    CPU time :                                   1.23 sec.
    Total Requested Memory :                     -
    Delta Memory :                               -
    Run time :                                   3 sec.
    Turnaround time :                            6 sec.

The output (if any) is above this job summary.

[ HPS ANALYSIS ]:  Output file is VertexHistograms/Data/pass4/hps_005770_IsoCut_1pt0_v0chi2_10_useGBL_ECalMatch.root
Loading HpsEvent Library from /nfs/slac/g/hps3/users/mgraham/hps-dst/hps-dst-0.10/build/lib/libHpsEvent.so
[ HPS ANALYSIS ]: Reading in root chain from pass4-dst/hps_005770
			Trident Selection Summary
******************************************************************************************
Number of Events:		0 			Traceback (most recent call last):
  File "vertexAnalysis_pass4.py", line 322, in <module>
    main()
  File "vertexAnalysis_pass4.py", line 312, in main
    print "Number of Events:\t\t",nEvents,"\t\t\t",float(nEvents)/nEvents,"\t\t\t",float(nEvents)/nEvents
ZeroDivisionError: float division by zero

------------------------------------------------------------
Sender: LSF System <lsf@fell0055>
Subject: Job 695397: <python vertexAnalysis_pass4.py -o VertexHistograms/Data/pass4/hps_005770_IsoCut_1pt0_v0chi2_10_useGBL_ECalMatch.root pass4-dst/hps_005770> in cluster <slac> Exited

Job <python vertexAnalysis_pass4.py -o VertexHistograms/Data/pass4/hps_005770_IsoCut_1pt0_v0chi2_10_useGBL_ECalMatch.root pass4-dst/hps_005770> was submitted from host <rhel6-64f> by user <mgraham> in cluster <slac>.
Job was executed on host(s) <fell0055>, in queue <long>, as user <mgraham> in cluster <slac>.
</u/br/mgraham> was used as the home directory.
</u/br/mgraham/hps-analysis/tridents> was used as the working directory.
Started at Thu Feb 11 14:28:29 2016
Results reported on Thu Feb 11 14:29:14 2016

Your job looked like:

------------------------------------------------------------
# LSBATCH: User input
python vertexAnalysis_pass4.py -o VertexHistograms/Data/pass4/hps_005770_IsoCut_1pt0_v0chi2_10_useGBL_ECalMatch.root pass4-dst/hps_005770
------------------------------------------------------------

Exited with exit code 1.

Resource usage summary:

    CPU time :                                   1.43 sec.
    Max Memory :                                 93 MB
    Average Memory :                             56.00 MB
    Total Requested Memory :                     -
    Delta Memory :                               -
    Max Processes :                              3
    Max Threads :                                4
    Run time :                                   45 sec.
    Turnaround time :                            50 sec.

The output (if any) is above this job summary.

[ HPS ANALYSIS ]:  Output file is VertexHistograms/Data/pass4/hps_005770_IsoCut_1pt0_v0chi2_10_useGBL_ECalMatch.root
Loading HpsEvent Library from /nfs/slac/g/hps3/users/mgraham/hps-dst/hps-dst-0.10/build/lib/libHpsEvent.so
[ HPS ANALYSIS ]: Reading in root chain from pass4-dst/hps_005770
			Trident Selection Summary
******************************************************************************************
Number of Events:		0 			Traceback (most recent call last):
  File "vertexAnalysis_pass4.py", line 323, in <module>
    main()
  File "vertexAnalysis_pass4.py", line 313, in main
    print "Number of Events:\t\t",nEvents,"\t\t\t",float(nEvents)/nEvents,"\t\t\t",float(nEvents)/nEvents
ZeroDivisionError: float division by zero

------------------------------------------------------------
Sender: LSF System <lsf@fell0238>
Subject: Job 698820: <python vertexAnalysis_pass4.py -o VertexHistograms/Data/pass4/hps_005770_IsoCut_1pt0_v0chi2_10_useGBL_ECalMatch.root pass4-dst/hps_005770> in cluster <slac> Exited

Job <python vertexAnalysis_pass4.py -o VertexHistograms/Data/pass4/hps_005770_IsoCut_1pt0_v0chi2_10_useGBL_ECalMatch.root pass4-dst/hps_005770> was submitted from host <rhel6-64f> by user <mgraham> in cluster <slac>.
Job was executed on host(s) <fell0238>, in queue <long>, as user <mgraham> in cluster <slac>.
</u/br/mgraham> was used as the home directory.
</u/br/mgraham/hps-analysis/tridents> was used as the working directory.
Started at Thu Feb 11 14:37:23 2016
Results reported on Thu Feb 11 14:37:46 2016

Your job looked like:

------------------------------------------------------------
# LSBATCH: User input
python vertexAnalysis_pass4.py -o VertexHistograms/Data/pass4/hps_005770_IsoCut_1pt0_v0chi2_10_useGBL_ECalMatch.root pass4-dst/hps_005770
------------------------------------------------------------

Exited with exit code 1.

Resource usage summary:

    CPU time :                                   1.84 sec.
    Max Memory :                                 65 MB
    Average Memory :                             22.00 MB
    Total Requested Memory :                     -
    Delta Memory :                               -
    Max Processes :                              3
    Max Threads :                                4
    Run time :                                   22 sec.
    Turnaround time :                            29 sec.

The output (if any) is above this job summary.

