Loading HpsEvent Library from /nfs/slac/g/hps3/software/hps-dst/build/lib/libHpsEvent.so
			Trident Selection Summary
******************************************************************************************
Number of Events:		0 			Traceback (most recent call last):
  File "tridentAnalysis_pass2.py", line 392, in <module>
    main()
  File "tridentAnalysis_pass2.py", line 378, in main
    print "Number of Events:\t\t",nEvents,"\t\t\t",float(nEvents)/nEvents,"\t\t\t",float(nEvents)/nEvents
ZeroDivisionError: float division by zero

------------------------------------------------------------
Sender: LSF System <lsf@bullet0268>
Subject: Job 489801: <python tridentAnalysis_pass2.py -o OutputHistograms/Data/pass2/hps_005742_09252015.root pass2-dst/hps_005742> in cluster <slac> Exited

Job <python tridentAnalysis_pass2.py -o OutputHistograms/Data/pass2/hps_005742_09252015.root pass2-dst/hps_005742> was submitted from host <rhel6-64k> by user <mgraham> in cluster <slac>.
Job was executed on host(s) <bullet0268>, in queue <long>, as user <mgraham> in cluster <slac>.
</u/br/mgraham> was used as the home directory.
</u/br/mgraham/hps3/analysis/tridents> was used as the working directory.
Started at Fri Sep 25 06:08:46 2015
Results reported on Fri Sep 25 06:08:55 2015

Your job looked like:

------------------------------------------------------------
# LSBATCH: User input
python tridentAnalysis_pass2.py -o OutputHistograms/Data/pass2/hps_005742_09252015.root pass2-dst/hps_005742
------------------------------------------------------------

Exited with exit code 1.

Resource usage summary:

    CPU time :                                   11.73 sec.
    Max Memory :                                 30 MB
    Average Memory :                             5.00 MB
    Total Requested Memory :                     -
    Delta Memory :                               -
    Max Processes :                              3
    Max Threads :                                4
    Run time :                                   9 sec.
    Turnaround time :                            9 sec.

The output (if any) is above this job summary.

Loading HpsEvent Library from /nfs/slac/g/hps3/software/hps-dst/build/lib/libHpsEvent.so
			Trident Selection Summary
******************************************************************************************
Number of Events:		0 			Traceback (most recent call last):
  File "tridentAnalysis_pass2.py", line 392, in <module>
    main()
  File "tridentAnalysis_pass2.py", line 378, in main
    print "Number of Events:\t\t",nEvents,"\t\t\t",float(nEvents)/nEvents,"\t\t\t",float(nEvents)/nEvents
ZeroDivisionError: float division by zero

------------------------------------------------------------
Sender: LSF System <lsf@hequ0010>
Subject: Job 500582: <python tridentAnalysis_pass2.py -o OutputHistograms/Data/pass2/hps_005742_09252015.root pass2-dst/hps_005742> in cluster <slac> Exited

Job <python tridentAnalysis_pass2.py -o OutputHistograms/Data/pass2/hps_005742_09252015.root pass2-dst/hps_005742> was submitted from host <rhel6-64k> by user <mgraham> in cluster <slac>.
Job was executed on host(s) <hequ0010>, in queue <long>, as user <mgraham> in cluster <slac>.
</u/br/mgraham> was used as the home directory.
</u/br/mgraham/hps3/analysis/tridents> was used as the working directory.
Started at Fri Sep 25 06:50:35 2015
Results reported on Fri Sep 25 06:50:53 2015

Your job looked like:

------------------------------------------------------------
# LSBATCH: User input
python tridentAnalysis_pass2.py -o OutputHistograms/Data/pass2/hps_005742_09252015.root pass2-dst/hps_005742
------------------------------------------------------------

Exited with exit code 1.

Resource usage summary:

    CPU time :                                   1.12 sec.
    Max Memory :                                 5 MB
    Average Memory :                             5.00 MB
    Total Requested Memory :                     -
    Delta Memory :                               -
    Max Swap :                                   257 MB
    Max Processes :                              3
    Max Threads :                                4
    Run time :                                   18 sec.
    Turnaround time :                            19 sec.

The output (if any) is above this job summary.

Loading HpsEvent Library from /nfs/slac/g/hps3/software/hps-dst/build/lib/libHpsEvent.so
			Trident Selection Summary
******************************************************************************************
Number of Events:		0 			Traceback (most recent call last):
  File "tridentAnalysis_pass2.py", line 393, in <module>
    main()
  File "tridentAnalysis_pass2.py", line 379, in main
    print "Number of Events:\t\t",nEvents,"\t\t\t",float(nEvents)/nEvents,"\t\t\t",float(nEvents)/nEvents
ZeroDivisionError: float division by zero

------------------------------------------------------------
Sender: LSF System <lsf@hequ0010>
Subject: Job 504920: <python tridentAnalysis_pass2.py -o OutputHistograms/Data/pass2/hps_005742_09252015.root pass2-dst/hps_005742> in cluster <slac> Exited

Job <python tridentAnalysis_pass2.py -o OutputHistograms/Data/pass2/hps_005742_09252015.root pass2-dst/hps_005742> was submitted from host <rhel6-64k> by user <mgraham> in cluster <slac>.
Job was executed on host(s) <hequ0010>, in queue <long>, as user <mgraham> in cluster <slac>.
</u/br/mgraham> was used as the home directory.
</u/br/mgraham/hps3/analysis/tridents> was used as the working directory.
Started at Fri Sep 25 07:08:15 2015
Results reported on Fri Sep 25 07:08:20 2015

Your job looked like:

------------------------------------------------------------
# LSBATCH: User input
python tridentAnalysis_pass2.py -o OutputHistograms/Data/pass2/hps_005742_09252015.root pass2-dst/hps_005742
------------------------------------------------------------

Exited with exit code 1.

Resource usage summary:

    CPU time :                                   0.84 sec.
    Total Requested Memory :                     -
    Delta Memory :                               -
    Run time :                                   2 sec.
    Turnaround time :                            6 sec.

The output (if any) is above this job summary.

Loading HpsEvent Library from /nfs/slac/g/hps3/software/hps-dst/build/lib/libHpsEvent.so
			Trident Selection Summary
******************************************************************************************
Number of Events:		0 			Traceback (most recent call last):
  File "tridentAnalysis_pass2.py", line 393, in <module>
    main()
  File "tridentAnalysis_pass2.py", line 379, in main
    print "Number of Events:\t\t",nEvents,"\t\t\t",float(nEvents)/nEvents,"\t\t\t",float(nEvents)/nEvents
ZeroDivisionError: float division by zero

------------------------------------------------------------
Sender: LSF System <lsf@hequ0010>
Subject: Job 505066: <python tridentAnalysis_pass2.py -o OutputHistograms/Data/pass2/hps_005742_09252015.root pass2-dst/hps_005742> in cluster <slac> Exited

Job <python tridentAnalysis_pass2.py -o OutputHistograms/Data/pass2/hps_005742_09252015.root pass2-dst/hps_005742> was submitted from host <rhel6-64k> by user <mgraham> in cluster <slac>.
Job was executed on host(s) <hequ0010>, in queue <long>, as user <mgraham> in cluster <slac>.
</u/br/mgraham> was used as the home directory.
</u/br/mgraham/hps3/analysis/tridents> was used as the working directory.
Started at Fri Sep 25 07:08:41 2015
Results reported on Fri Sep 25 07:08:43 2015

Your job looked like:

------------------------------------------------------------
# LSBATCH: User input
python tridentAnalysis_pass2.py -o OutputHistograms/Data/pass2/hps_005742_09252015.root pass2-dst/hps_005742
------------------------------------------------------------

Exited with exit code 1.

Resource usage summary:

    CPU time :                                   0.98 sec.
    Total Requested Memory :                     -
    Delta Memory :                               -
    Run time :                                   2 sec.
    Turnaround time :                            3 sec.

The output (if any) is above this job summary.

Loading HpsEvent Library from /nfs/slac/g/hps3/software/hps-dst/build/lib/libHpsEvent.so
			Trident Selection Summary
******************************************************************************************
Number of Events:		0 			Traceback (most recent call last):
  File "tridentAnalysis_pass2.py", line 393, in <module>
    main()
  File "tridentAnalysis_pass2.py", line 379, in main
    print "Number of Events:\t\t",nEvents,"\t\t\t",float(nEvents)/nEvents,"\t\t\t",float(nEvents)/nEvents
ZeroDivisionError: float division by zero

------------------------------------------------------------
Sender: LSF System <lsf@bullet0126>
Subject: Job 507368: <python tridentAnalysis_pass2.py -o OutputHistograms/Data/pass2/hps_005742_09252015.root pass2-dst/hps_005742> in cluster <slac> Exited

Job <python tridentAnalysis_pass2.py -o OutputHistograms/Data/pass2/hps_005742_09252015.root pass2-dst/hps_005742> was submitted from host <rhel6-64k> by user <mgraham> in cluster <slac>.
Job was executed on host(s) <bullet0126>, in queue <long>, as user <mgraham> in cluster <slac>.
</u/br/mgraham> was used as the home directory.
</u/br/mgraham/hps3/analysis/tridents> was used as the working directory.
Started at Fri Sep 25 07:16:20 2015
Results reported on Fri Sep 25 07:16:47 2015

Your job looked like:

------------------------------------------------------------
# LSBATCH: User input
python tridentAnalysis_pass2.py -o OutputHistograms/Data/pass2/hps_005742_09252015.root pass2-dst/hps_005742
------------------------------------------------------------

Exited with exit code 1.

Resource usage summary:

    CPU time :                                   31.76 sec.
    Max Memory :                                 31 MB
    Average Memory :                             4.00 MB
    Total Requested Memory :                     -
    Delta Memory :                               -
    Max Processes :                              3
    Max Threads :                                4
    Run time :                                   27 sec.
    Turnaround time :                            28 sec.

The output (if any) is above this job summary.

Loading HpsEvent Library from /nfs/slac/g/hps3/software/hps-dst/build/lib/libHpsEvent.so
			Trident Selection Summary
******************************************************************************************
Number of Events:		0 			Traceback (most recent call last):
  File "tridentAnalysis_pass2.py", line 393, in <module>
    main()
  File "tridentAnalysis_pass2.py", line 379, in main
    print "Number of Events:\t\t",nEvents,"\t\t\t",float(nEvents)/nEvents,"\t\t\t",float(nEvents)/nEvents
ZeroDivisionError: float division by zero

------------------------------------------------------------
Sender: LSF System <lsf@bullet0191>
Subject: Job 523407: <python tridentAnalysis_pass2.py -o OutputHistograms/Data/pass2/hps_005742_09252015.root pass2-dst/hps_005742> in cluster <slac> Exited

Job <python tridentAnalysis_pass2.py -o OutputHistograms/Data/pass2/hps_005742_09252015.root pass2-dst/hps_005742> was submitted from host <rhel6-64k> by user <mgraham> in cluster <slac>.
Job was executed on host(s) <bullet0191>, in queue <long>, as user <mgraham> in cluster <slac>.
</u/br/mgraham> was used as the home directory.
</u/br/mgraham/hps3/analysis/tridents> was used as the working directory.
Started at Fri Sep 25 08:16:20 2015
Results reported on Fri Sep 25 08:16:50 2015

Your job looked like:

------------------------------------------------------------
# LSBATCH: User input
python tridentAnalysis_pass2.py -o OutputHistograms/Data/pass2/hps_005742_09252015.root pass2-dst/hps_005742
------------------------------------------------------------

Exited with exit code 1.

Resource usage summary:

    CPU time :                                   25.20 sec.
    Max Memory :                                 33 MB
    Average Memory :                             3.00 MB
    Total Requested Memory :                     -
    Delta Memory :                               -
    Max Processes :                              3
    Max Threads :                                4
    Run time :                                   32 sec.
    Turnaround time :                            32 sec.

The output (if any) is above this job summary.

