Loading HpsEvent Library from /nfs/slac/g/hps3/software/hps-dst/build/lib/libHpsEvent.so
			Trident Selection Summary
******************************************************************************************
Number of Events:		0 			Traceback (most recent call last):
  File "tridentAnalysis_pass2.py", line 392, in <module>
    main()
  File "tridentAnalysis_pass2.py", line 378, in main
    print "Number of Events:\t\t",nEvents,"\t\t\t",float(nEvents)/nEvents,"\t\t\t",float(nEvents)/nEvents
ZeroDivisionError: float division by zero

------------------------------------------------------------
Sender: LSF System <lsf@bullet0170>
Subject: Job 489777: <python tridentAnalysis_pass2.py -o OutputHistograms/Data/pass2/hps_005689_09252015.root pass2-dst/hps_005689> in cluster <slac> Exited

Job <python tridentAnalysis_pass2.py -o OutputHistograms/Data/pass2/hps_005689_09252015.root pass2-dst/hps_005689> was submitted from host <rhel6-64k> by user <mgraham> in cluster <slac>.
Job was executed on host(s) <bullet0170>, in queue <long>, as user <mgraham> in cluster <slac>.
</u/br/mgraham> was used as the home directory.
</u/br/mgraham/hps3/analysis/tridents> was used as the working directory.
Started at Fri Sep 25 06:08:44 2015
Results reported on Fri Sep 25 06:08:59 2015

Your job looked like:

------------------------------------------------------------
# LSBATCH: User input
python tridentAnalysis_pass2.py -o OutputHistograms/Data/pass2/hps_005689_09252015.root pass2-dst/hps_005689
------------------------------------------------------------

Exited with exit code 1.

Resource usage summary:

    CPU time :                                   1.30 sec.
    Max Memory :                                 60 MB
    Average Memory :                             4.00 MB
    Total Requested Memory :                     -
    Delta Memory :                               -
    Max Processes :                              3
    Max Threads :                                4
    Run time :                                   15 sec.
    Turnaround time :                            16 sec.

The output (if any) is above this job summary.

Loading HpsEvent Library from /nfs/slac/g/hps3/software/hps-dst/build/lib/libHpsEvent.so
			Trident Selection Summary
******************************************************************************************
Number of Events:		0 			Traceback (most recent call last):
  File "tridentAnalysis_pass2.py", line 392, in <module>
    main()
  File "tridentAnalysis_pass2.py", line 378, in main
    print "Number of Events:\t\t",nEvents,"\t\t\t",float(nEvents)/nEvents,"\t\t\t",float(nEvents)/nEvents
ZeroDivisionError: float division by zero

------------------------------------------------------------
Sender: LSF System <lsf@hequ0078>
Subject: Job 500558: <python tridentAnalysis_pass2.py -o OutputHistograms/Data/pass2/hps_005689_09252015.root pass2-dst/hps_005689> in cluster <slac> Exited

Job <python tridentAnalysis_pass2.py -o OutputHistograms/Data/pass2/hps_005689_09252015.root pass2-dst/hps_005689> was submitted from host <rhel6-64k> by user <mgraham> in cluster <slac>.
Job was executed on host(s) <hequ0078>, in queue <long>, as user <mgraham> in cluster <slac>.
</u/br/mgraham> was used as the home directory.
</u/br/mgraham/hps3/analysis/tridents> was used as the working directory.
Started at Fri Sep 25 06:50:32 2015
Results reported on Fri Sep 25 06:50:51 2015

Your job looked like:

------------------------------------------------------------
# LSBATCH: User input
python tridentAnalysis_pass2.py -o OutputHistograms/Data/pass2/hps_005689_09252015.root pass2-dst/hps_005689
------------------------------------------------------------

Exited with exit code 1.

Resource usage summary:

    CPU time :                                   0.94 sec.
    Max Memory :                                 9 MB
    Average Memory :                             9.00 MB
    Total Requested Memory :                     -
    Delta Memory :                               -
    Max Swap :                                   320 MB
    Max Processes :                              3
    Max Threads :                                4
    Run time :                                   19 sec.
    Turnaround time :                            20 sec.

The output (if any) is above this job summary.

Loading HpsEvent Library from /nfs/slac/g/hps3/software/hps-dst/build/lib/libHpsEvent.so
			Trident Selection Summary
******************************************************************************************
Number of Events:		0 			Traceback (most recent call last):
  File "tridentAnalysis_pass2.py", line 393, in <module>
    main()
  File "tridentAnalysis_pass2.py", line 379, in main
    print "Number of Events:\t\t",nEvents,"\t\t\t",float(nEvents)/nEvents,"\t\t\t",float(nEvents)/nEvents
ZeroDivisionError: float division by zero

------------------------------------------------------------
Sender: LSF System <lsf@hequ0136>
Subject: Job 504894: <python tridentAnalysis_pass2.py -o OutputHistograms/Data/pass2/hps_005689_09252015.root pass2-dst/hps_005689> in cluster <slac> Exited

Job <python tridentAnalysis_pass2.py -o OutputHistograms/Data/pass2/hps_005689_09252015.root pass2-dst/hps_005689> was submitted from host <rhel6-64k> by user <mgraham> in cluster <slac>.
Job was executed on host(s) <hequ0136>, in queue <long>, as user <mgraham> in cluster <slac>.
</u/br/mgraham> was used as the home directory.
</u/br/mgraham/hps3/analysis/tridents> was used as the working directory.
Started at Fri Sep 25 07:08:13 2015
Results reported on Fri Sep 25 07:08:18 2015

Your job looked like:

------------------------------------------------------------
# LSBATCH: User input
python tridentAnalysis_pass2.py -o OutputHistograms/Data/pass2/hps_005689_09252015.root pass2-dst/hps_005689
------------------------------------------------------------

Exited with exit code 1.

Resource usage summary:

    CPU time :                                   0.92 sec.
    Max Memory :                                 36 MB
    Average Memory :                             36.00 MB
    Total Requested Memory :                     -
    Delta Memory :                               -
    Max Swap :                                   346 MB
    Max Processes :                              3
    Max Threads :                                4
    Run time :                                   5 sec.
    Turnaround time :                            7 sec.

The output (if any) is above this job summary.

Loading HpsEvent Library from /nfs/slac/g/hps3/software/hps-dst/build/lib/libHpsEvent.so
			Trident Selection Summary
******************************************************************************************
Number of Events:		0 			Traceback (most recent call last):
  File "tridentAnalysis_pass2.py", line 393, in <module>
    main()
  File "tridentAnalysis_pass2.py", line 379, in main
    print "Number of Events:\t\t",nEvents,"\t\t\t",float(nEvents)/nEvents,"\t\t\t",float(nEvents)/nEvents
ZeroDivisionError: float division by zero

------------------------------------------------------------
Sender: LSF System <lsf@hequ0108>
Subject: Job 505041: <python tridentAnalysis_pass2.py -o OutputHistograms/Data/pass2/hps_005689_09252015.root pass2-dst/hps_005689> in cluster <slac> Exited

Job <python tridentAnalysis_pass2.py -o OutputHistograms/Data/pass2/hps_005689_09252015.root pass2-dst/hps_005689> was submitted from host <rhel6-64k> by user <mgraham> in cluster <slac>.
Job was executed on host(s) <hequ0108>, in queue <long>, as user <mgraham> in cluster <slac>.
</u/br/mgraham> was used as the home directory.
</u/br/mgraham/hps3/analysis/tridents> was used as the working directory.
Started at Fri Sep 25 07:08:39 2015
Results reported on Fri Sep 25 07:08:44 2015

Your job looked like:

------------------------------------------------------------
# LSBATCH: User input
python tridentAnalysis_pass2.py -o OutputHistograms/Data/pass2/hps_005689_09252015.root pass2-dst/hps_005689
------------------------------------------------------------

Exited with exit code 1.

Resource usage summary:

    CPU time :                                   0.79 sec.
    Max Memory :                                 47 MB
    Average Memory :                             47.00 MB
    Total Requested Memory :                     -
    Delta Memory :                               -
    Max Swap :                                   379 MB
    Max Processes :                              3
    Max Threads :                                4
    Run time :                                   5 sec.
    Turnaround time :                            6 sec.

The output (if any) is above this job summary.

Loading HpsEvent Library from /nfs/slac/g/hps3/software/hps-dst/build/lib/libHpsEvent.so
			Trident Selection Summary
******************************************************************************************
Number of Events:		0 			Traceback (most recent call last):
  File "tridentAnalysis_pass2.py", line 393, in <module>
    main()
  File "tridentAnalysis_pass2.py", line 379, in main
    print "Number of Events:\t\t",nEvents,"\t\t\t",float(nEvents)/nEvents,"\t\t\t",float(nEvents)/nEvents
ZeroDivisionError: float division by zero

------------------------------------------------------------
Sender: LSF System <lsf@hequ0150>
Subject: Job 507343: <python tridentAnalysis_pass2.py -o OutputHistograms/Data/pass2/hps_005689_09252015.root pass2-dst/hps_005689> in cluster <slac> Exited

Job <python tridentAnalysis_pass2.py -o OutputHistograms/Data/pass2/hps_005689_09252015.root pass2-dst/hps_005689> was submitted from host <rhel6-64k> by user <mgraham> in cluster <slac>.
Job was executed on host(s) <hequ0150>, in queue <long>, as user <mgraham> in cluster <slac>.
</u/br/mgraham> was used as the home directory.
</u/br/mgraham/hps3/analysis/tridents> was used as the working directory.
Started at Fri Sep 25 07:16:18 2015
Results reported on Fri Sep 25 07:16:21 2015

Your job looked like:

------------------------------------------------------------
# LSBATCH: User input
python tridentAnalysis_pass2.py -o OutputHistograms/Data/pass2/hps_005689_09252015.root pass2-dst/hps_005689
------------------------------------------------------------

Exited with exit code 1.

Resource usage summary:

    CPU time :                                   0.76 sec.
    Max Memory :                                 4 MB
    Average Memory :                             4.00 MB
    Total Requested Memory :                     -
    Delta Memory :                               -
    Max Swap :                                   149 MB
    Max Processes :                              3
    Max Threads :                                4
    Run time :                                   2 sec.
    Turnaround time :                            4 sec.

The output (if any) is above this job summary.

Loading HpsEvent Library from /nfs/slac/g/hps3/software/hps-dst/build/lib/libHpsEvent.so
			Trident Selection Summary
******************************************************************************************
Number of Events:		0 			Traceback (most recent call last):
  File "tridentAnalysis_pass2.py", line 393, in <module>
    main()
  File "tridentAnalysis_pass2.py", line 379, in main
    print "Number of Events:\t\t",nEvents,"\t\t\t",float(nEvents)/nEvents,"\t\t\t",float(nEvents)/nEvents
ZeroDivisionError: float division by zero

------------------------------------------------------------
Sender: LSF System <lsf@bullet0126>
Subject: Job 523383: <python tridentAnalysis_pass2.py -o OutputHistograms/Data/pass2/hps_005689_09252015.root pass2-dst/hps_005689> in cluster <slac> Exited

Job <python tridentAnalysis_pass2.py -o OutputHistograms/Data/pass2/hps_005689_09252015.root pass2-dst/hps_005689> was submitted from host <rhel6-64k> by user <mgraham> in cluster <slac>.
Job was executed on host(s) <bullet0126>, in queue <long>, as user <mgraham> in cluster <slac>.
</u/br/mgraham> was used as the home directory.
</u/br/mgraham/hps3/analysis/tridents> was used as the working directory.
Started at Fri Sep 25 08:16:17 2015
Results reported on Fri Sep 25 08:16:22 2015

Your job looked like:

------------------------------------------------------------
# LSBATCH: User input
python tridentAnalysis_pass2.py -o OutputHistograms/Data/pass2/hps_005689_09252015.root pass2-dst/hps_005689
------------------------------------------------------------

Exited with exit code 1.

Resource usage summary:

    CPU time :                                   1.03 sec.
    Max Memory :                                 48 MB
    Average Memory :                             1.00 MB
    Total Requested Memory :                     -
    Delta Memory :                               -
    Max Processes :                              3
    Max Threads :                                4
    Run time :                                   5 sec.
    Turnaround time :                            6 sec.

The output (if any) is above this job summary.

