Loading HpsEvent Library from /nfs/slac/g/hps3/software/hps-dst/build/lib/libHpsEvent.so
			Trident Selection Summary
******************************************************************************************
Number of Events:		0 			Traceback (most recent call last):
  File "tridentAnalysis_pass2.py", line 392, in <module>
    main()
  File "tridentAnalysis_pass2.py", line 378, in main
    print "Number of Events:\t\t",nEvents,"\t\t\t",float(nEvents)/nEvents,"\t\t\t",float(nEvents)/nEvents
ZeroDivisionError: float division by zero

------------------------------------------------------------
Sender: LSF System <lsf@hequ0110>
Subject: Job 489768: <python tridentAnalysis_pass2.py -o OutputHistograms/Data/pass2/hps_005623_09252015.root pass2-dst/hps_005623> in cluster <slac> Exited

Job <python tridentAnalysis_pass2.py -o OutputHistograms/Data/pass2/hps_005623_09252015.root pass2-dst/hps_005623> was submitted from host <rhel6-64k> by user <mgraham> in cluster <slac>.
Job was executed on host(s) <hequ0110>, in queue <long>, as user <mgraham> in cluster <slac>.
</u/br/mgraham> was used as the home directory.
</u/br/mgraham/hps3/analysis/tridents> was used as the working directory.
Started at Fri Sep 25 06:08:44 2015
Results reported on Fri Sep 25 06:08:57 2015

Your job looked like:

------------------------------------------------------------
# LSBATCH: User input
python tridentAnalysis_pass2.py -o OutputHistograms/Data/pass2/hps_005623_09252015.root pass2-dst/hps_005623
------------------------------------------------------------

Exited with exit code 1.

Resource usage summary:

    CPU time :                                   0.85 sec.
    Max Memory :                                 7 MB
    Average Memory :                             7.00 MB
    Total Requested Memory :                     -
    Delta Memory :                               -
    Max Swap :                                   300 MB
    Max Processes :                              3
    Max Threads :                                4
    Run time :                                   13 sec.
    Turnaround time :                            14 sec.

The output (if any) is above this job summary.

Loading HpsEvent Library from /nfs/slac/g/hps3/software/hps-dst/build/lib/libHpsEvent.so
			Trident Selection Summary
******************************************************************************************
Number of Events:		0 			Traceback (most recent call last):
  File "tridentAnalysis_pass2.py", line 392, in <module>
    main()
  File "tridentAnalysis_pass2.py", line 378, in main
    print "Number of Events:\t\t",nEvents,"\t\t\t",float(nEvents)/nEvents,"\t\t\t",float(nEvents)/nEvents
ZeroDivisionError: float division by zero

------------------------------------------------------------
Sender: LSF System <lsf@hequ0018>
Subject: Job 500547: <python tridentAnalysis_pass2.py -o OutputHistograms/Data/pass2/hps_005623_09252015.root pass2-dst/hps_005623> in cluster <slac> Exited

Job <python tridentAnalysis_pass2.py -o OutputHistograms/Data/pass2/hps_005623_09252015.root pass2-dst/hps_005623> was submitted from host <rhel6-64k> by user <mgraham> in cluster <slac>.
Job was executed on host(s) <hequ0018>, in queue <long>, as user <mgraham> in cluster <slac>.
</u/br/mgraham> was used as the home directory.
</u/br/mgraham/hps3/analysis/tridents> was used as the working directory.
Started at Fri Sep 25 06:50:32 2015
Results reported on Fri Sep 25 06:50:40 2015

Your job looked like:

------------------------------------------------------------
# LSBATCH: User input
python tridentAnalysis_pass2.py -o OutputHistograms/Data/pass2/hps_005623_09252015.root pass2-dst/hps_005623
------------------------------------------------------------

Exited with exit code 1.

Resource usage summary:

    CPU time :                                   1.15 sec.
    Max Memory :                                 25 MB
    Average Memory :                             2.00 MB
    Total Requested Memory :                     -
    Delta Memory :                               -
    Max Swap :                                   344 MB
    Max Processes :                              3
    Max Threads :                                4
    Run time :                                   8 sec.
    Turnaround time :                            10 sec.

The output (if any) is above this job summary.

Loading HpsEvent Library from /nfs/slac/g/hps3/software/hps-dst/build/lib/libHpsEvent.so
			Trident Selection Summary
******************************************************************************************
Number of Events:		0 			Traceback (most recent call last):
  File "tridentAnalysis_pass2.py", line 393, in <module>
    main()
  File "tridentAnalysis_pass2.py", line 379, in main
    print "Number of Events:\t\t",nEvents,"\t\t\t",float(nEvents)/nEvents,"\t\t\t",float(nEvents)/nEvents
ZeroDivisionError: float division by zero

------------------------------------------------------------
Sender: LSF System <lsf@hequ0017>
Subject: Job 504884: <python tridentAnalysis_pass2.py -o OutputHistograms/Data/pass2/hps_005623_09252015.root pass2-dst/hps_005623> in cluster <slac> Exited

Job <python tridentAnalysis_pass2.py -o OutputHistograms/Data/pass2/hps_005623_09252015.root pass2-dst/hps_005623> was submitted from host <rhel6-64k> by user <mgraham> in cluster <slac>.
Job was executed on host(s) <hequ0017>, in queue <long>, as user <mgraham> in cluster <slac>.
</u/br/mgraham> was used as the home directory.
</u/br/mgraham/hps3/analysis/tridents> was used as the working directory.
Started at Fri Sep 25 07:08:11 2015
Results reported on Fri Sep 25 07:08:18 2015

Your job looked like:

------------------------------------------------------------
# LSBATCH: User input
python tridentAnalysis_pass2.py -o OutputHistograms/Data/pass2/hps_005623_09252015.root pass2-dst/hps_005623
------------------------------------------------------------

Exited with exit code 1.

Resource usage summary:

    CPU time :                                   0.87 sec.
    Max Memory :                                 31 MB
    Average Memory :                             31.00 MB
    Total Requested Memory :                     -
    Delta Memory :                               -
    Max Swap :                                   342 MB
    Max Processes :                              3
    Max Threads :                                4
    Run time :                                   7 sec.
    Turnaround time :                            8 sec.

The output (if any) is above this job summary.

Loading HpsEvent Library from /nfs/slac/g/hps3/software/hps-dst/build/lib/libHpsEvent.so
			Trident Selection Summary
******************************************************************************************
Number of Events:		0 			Traceback (most recent call last):
  File "tridentAnalysis_pass2.py", line 393, in <module>
    main()
  File "tridentAnalysis_pass2.py", line 379, in main
    print "Number of Events:\t\t",nEvents,"\t\t\t",float(nEvents)/nEvents,"\t\t\t",float(nEvents)/nEvents
ZeroDivisionError: float division by zero

------------------------------------------------------------
Sender: LSF System <lsf@hequ0026>
Subject: Job 505031: <python tridentAnalysis_pass2.py -o OutputHistograms/Data/pass2/hps_005623_09252015.root pass2-dst/hps_005623> in cluster <slac> Exited

Job <python tridentAnalysis_pass2.py -o OutputHistograms/Data/pass2/hps_005623_09252015.root pass2-dst/hps_005623> was submitted from host <rhel6-64k> by user <mgraham> in cluster <slac>.
Job was executed on host(s) <hequ0026>, in queue <long>, as user <mgraham> in cluster <slac>.
</u/br/mgraham> was used as the home directory.
</u/br/mgraham/hps3/analysis/tridents> was used as the working directory.
Started at Fri Sep 25 07:08:38 2015
Results reported on Fri Sep 25 07:08:39 2015

Your job looked like:

------------------------------------------------------------
# LSBATCH: User input
python tridentAnalysis_pass2.py -o OutputHistograms/Data/pass2/hps_005623_09252015.root pass2-dst/hps_005623
------------------------------------------------------------

Exited with exit code 1.

Resource usage summary:

    CPU time :                                   0.71 sec.
    Total Requested Memory :                     -
    Delta Memory :                               -
    Run time :                                   1 sec.
    Turnaround time :                            2 sec.

The output (if any) is above this job summary.

Loading HpsEvent Library from /nfs/slac/g/hps3/software/hps-dst/build/lib/libHpsEvent.so
			Trident Selection Summary
******************************************************************************************
Number of Events:		0 			Traceback (most recent call last):
  File "tridentAnalysis_pass2.py", line 393, in <module>
    main()
  File "tridentAnalysis_pass2.py", line 379, in main
    print "Number of Events:\t\t",nEvents,"\t\t\t",float(nEvents)/nEvents,"\t\t\t",float(nEvents)/nEvents
ZeroDivisionError: float division by zero

------------------------------------------------------------
Sender: LSF System <lsf@hequ0010>
Subject: Job 507334: <python tridentAnalysis_pass2.py -o OutputHistograms/Data/pass2/hps_005623_09252015.root pass2-dst/hps_005623> in cluster <slac> Exited

Job <python tridentAnalysis_pass2.py -o OutputHistograms/Data/pass2/hps_005623_09252015.root pass2-dst/hps_005623> was submitted from host <rhel6-64k> by user <mgraham> in cluster <slac>.
Job was executed on host(s) <hequ0010>, in queue <long>, as user <mgraham> in cluster <slac>.
</u/br/mgraham> was used as the home directory.
</u/br/mgraham/hps3/analysis/tridents> was used as the working directory.
Started at Fri Sep 25 07:16:17 2015
Results reported on Fri Sep 25 07:16:18 2015

Your job looked like:

------------------------------------------------------------
# LSBATCH: User input
python tridentAnalysis_pass2.py -o OutputHistograms/Data/pass2/hps_005623_09252015.root pass2-dst/hps_005623
------------------------------------------------------------

Exited with exit code 1.

Resource usage summary:

    CPU time :                                   0.70 sec.
    Max Memory :                                 26 MB
    Average Memory :                             26.00 MB
    Total Requested Memory :                     -
    Delta Memory :                               -
    Max Swap :                                   339 MB
    Max Processes :                              3
    Max Threads :                                4
    Run time :                                   1 sec.
    Turnaround time :                            2 sec.

The output (if any) is above this job summary.

Loading HpsEvent Library from /nfs/slac/g/hps3/software/hps-dst/build/lib/libHpsEvent.so
			Trident Selection Summary
******************************************************************************************
Number of Events:		0 			Traceback (most recent call last):
  File "tridentAnalysis_pass2.py", line 393, in <module>
    main()
  File "tridentAnalysis_pass2.py", line 379, in main
    print "Number of Events:\t\t",nEvents,"\t\t\t",float(nEvents)/nEvents,"\t\t\t",float(nEvents)/nEvents
ZeroDivisionError: float division by zero

------------------------------------------------------------
Sender: LSF System <lsf@fell0090>
Subject: Job 523373: <python tridentAnalysis_pass2.py -o OutputHistograms/Data/pass2/hps_005623_09252015.root pass2-dst/hps_005623> in cluster <slac> Exited

Job <python tridentAnalysis_pass2.py -o OutputHistograms/Data/pass2/hps_005623_09252015.root pass2-dst/hps_005623> was submitted from host <rhel6-64k> by user <mgraham> in cluster <slac>.
Job was executed on host(s) <fell0090>, in queue <long>, as user <mgraham> in cluster <slac>.
</u/br/mgraham> was used as the home directory.
</u/br/mgraham/hps3/analysis/tridents> was used as the working directory.
Started at Fri Sep 25 08:16:17 2015
Results reported on Fri Sep 25 08:17:01 2015

Your job looked like:

------------------------------------------------------------
# LSBATCH: User input
python tridentAnalysis_pass2.py -o OutputHistograms/Data/pass2/hps_005623_09252015.root pass2-dst/hps_005623
------------------------------------------------------------

Exited with exit code 1.

Resource usage summary:

    CPU time :                                   1.35 sec.
    Max Memory :                                 72 MB
    Average Memory :                             29.50 MB
    Total Requested Memory :                     -
    Delta Memory :                               -
    Max Processes :                              3
    Max Threads :                                4
    Run time :                                   44 sec.
    Turnaround time :                            46 sec.

The output (if any) is above this job summary.

