Loading HpsEvent Library from /nfs/slac/g/hps3/software/hps-dst/build/lib/libHpsEvent.so
			Trident Selection Summary
******************************************************************************************
Number of Events:		0 			Traceback (most recent call last):
  File "tridentAnalysis_pass2.py", line 392, in <module>
    main()
  File "tridentAnalysis_pass2.py", line 378, in main
    print "Number of Events:\t\t",nEvents,"\t\t\t",float(nEvents)/nEvents,"\t\t\t",float(nEvents)/nEvents
ZeroDivisionError: float division by zero

------------------------------------------------------------
Sender: LSF System <lsf@bullet0106>
Subject: Job 489779: <python tridentAnalysis_pass2.py -o OutputHistograms/Data/pass2/hps_005692_09252015.root pass2-dst/hps_005692> in cluster <slac> Exited

Job <python tridentAnalysis_pass2.py -o OutputHistograms/Data/pass2/hps_005692_09252015.root pass2-dst/hps_005692> was submitted from host <rhel6-64k> by user <mgraham> in cluster <slac>.
Job was executed on host(s) <bullet0106>, in queue <long>, as user <mgraham> in cluster <slac>.
</u/br/mgraham> was used as the home directory.
</u/br/mgraham/hps3/analysis/tridents> was used as the working directory.
Started at Fri Sep 25 06:08:44 2015
Results reported on Fri Sep 25 06:08:57 2015

Your job looked like:

------------------------------------------------------------
# LSBATCH: User input
python tridentAnalysis_pass2.py -o OutputHistograms/Data/pass2/hps_005692_09252015.root pass2-dst/hps_005692
------------------------------------------------------------

Exited with exit code 1.

Resource usage summary:

    CPU time :                                   1.10 sec.
    Max Memory :                                 68 MB
    Average Memory :                             16.00 MB
    Total Requested Memory :                     -
    Delta Memory :                               -
    Max Processes :                              3
    Max Threads :                                4
    Run time :                                   13 sec.
    Turnaround time :                            13 sec.

The output (if any) is above this job summary.

Loading HpsEvent Library from /nfs/slac/g/hps3/software/hps-dst/build/lib/libHpsEvent.so
			Trident Selection Summary
******************************************************************************************
Number of Events:		0 			Traceback (most recent call last):
  File "tridentAnalysis_pass2.py", line 392, in <module>
    main()
  File "tridentAnalysis_pass2.py", line 378, in main
    print "Number of Events:\t\t",nEvents,"\t\t\t",float(nEvents)/nEvents,"\t\t\t",float(nEvents)/nEvents
ZeroDivisionError: float division by zero

------------------------------------------------------------
Sender: LSF System <lsf@fell0117>
Subject: Job 500560: <python tridentAnalysis_pass2.py -o OutputHistograms/Data/pass2/hps_005692_09252015.root pass2-dst/hps_005692> in cluster <slac> Exited

Job <python tridentAnalysis_pass2.py -o OutputHistograms/Data/pass2/hps_005692_09252015.root pass2-dst/hps_005692> was submitted from host <rhel6-64k> by user <mgraham> in cluster <slac>.
Job was executed on host(s) <fell0117>, in queue <long>, as user <mgraham> in cluster <slac>.
</u/br/mgraham> was used as the home directory.
</u/br/mgraham/hps3/analysis/tridents> was used as the working directory.
Started at Fri Sep 25 06:50:33 2015
Results reported on Fri Sep 25 06:50:52 2015

Your job looked like:

------------------------------------------------------------
# LSBATCH: User input
python tridentAnalysis_pass2.py -o OutputHistograms/Data/pass2/hps_005692_09252015.root pass2-dst/hps_005692
------------------------------------------------------------

Exited with exit code 1.

Resource usage summary:

    CPU time :                                   1.20 sec.
    Max Memory :                                 75 MB
    Average Memory :                             19.00 MB
    Total Requested Memory :                     -
    Delta Memory :                               -
    Max Processes :                              3
    Max Threads :                                4
    Run time :                                   19 sec.
    Turnaround time :                            20 sec.

The output (if any) is above this job summary.

Loading HpsEvent Library from /nfs/slac/g/hps3/software/hps-dst/build/lib/libHpsEvent.so
			Trident Selection Summary
******************************************************************************************
Number of Events:		0 			Traceback (most recent call last):
  File "tridentAnalysis_pass2.py", line 393, in <module>
    main()
  File "tridentAnalysis_pass2.py", line 379, in main
    print "Number of Events:\t\t",nEvents,"\t\t\t",float(nEvents)/nEvents,"\t\t\t",float(nEvents)/nEvents
ZeroDivisionError: float division by zero

------------------------------------------------------------
Sender: LSF System <lsf@hequ0045>
Subject: Job 504896: <python tridentAnalysis_pass2.py -o OutputHistograms/Data/pass2/hps_005692_09252015.root pass2-dst/hps_005692> in cluster <slac> Exited

Job <python tridentAnalysis_pass2.py -o OutputHistograms/Data/pass2/hps_005692_09252015.root pass2-dst/hps_005692> was submitted from host <rhel6-64k> by user <mgraham> in cluster <slac>.
Job was executed on host(s) <hequ0045>, in queue <long>, as user <mgraham> in cluster <slac>.
</u/br/mgraham> was used as the home directory.
</u/br/mgraham/hps3/analysis/tridents> was used as the working directory.
Started at Fri Sep 25 07:08:13 2015
Results reported on Fri Sep 25 07:08:17 2015

Your job looked like:

------------------------------------------------------------
# LSBATCH: User input
python tridentAnalysis_pass2.py -o OutputHistograms/Data/pass2/hps_005692_09252015.root pass2-dst/hps_005692
------------------------------------------------------------

Exited with exit code 1.

Resource usage summary:

    CPU time :                                   0.82 sec.
    Max Memory :                                 34 MB
    Average Memory :                             34.00 MB
    Total Requested Memory :                     -
    Delta Memory :                               -
    Max Swap :                                   355 MB
    Max Processes :                              3
    Max Threads :                                4
    Run time :                                   4 sec.
    Turnaround time :                            6 sec.

The output (if any) is above this job summary.

Loading HpsEvent Library from /nfs/slac/g/hps3/software/hps-dst/build/lib/libHpsEvent.so
			Trident Selection Summary
******************************************************************************************
Number of Events:		0 			Traceback (most recent call last):
  File "tridentAnalysis_pass2.py", line 393, in <module>
    main()
  File "tridentAnalysis_pass2.py", line 379, in main
    print "Number of Events:\t\t",nEvents,"\t\t\t",float(nEvents)/nEvents,"\t\t\t",float(nEvents)/nEvents
ZeroDivisionError: float division by zero

------------------------------------------------------------
Sender: LSF System <lsf@dole0027>
Subject: Job 505043: <python tridentAnalysis_pass2.py -o OutputHistograms/Data/pass2/hps_005692_09252015.root pass2-dst/hps_005692> in cluster <slac> Exited

Job <python tridentAnalysis_pass2.py -o OutputHistograms/Data/pass2/hps_005692_09252015.root pass2-dst/hps_005692> was submitted from host <rhel6-64k> by user <mgraham> in cluster <slac>.
Job was executed on host(s) <dole0027>, in queue <long>, as user <mgraham> in cluster <slac>.
</u/br/mgraham> was used as the home directory.
</u/br/mgraham/hps3/analysis/tridents> was used as the working directory.
Started at Fri Sep 25 07:08:39 2015
Results reported on Fri Sep 25 07:08:48 2015

Your job looked like:

------------------------------------------------------------
# LSBATCH: User input
python tridentAnalysis_pass2.py -o OutputHistograms/Data/pass2/hps_005692_09252015.root pass2-dst/hps_005692
------------------------------------------------------------

Exited with exit code 1.

Resource usage summary:

    CPU time :                                   1.02 sec.
    Max Memory :                                 62 MB
    Average Memory :                             7.00 MB
    Total Requested Memory :                     -
    Delta Memory :                               -
    Max Processes :                              3
    Max Threads :                                4
    Run time :                                   9 sec.
    Turnaround time :                            10 sec.

The output (if any) is above this job summary.

Loading HpsEvent Library from /nfs/slac/g/hps3/software/hps-dst/build/lib/libHpsEvent.so
			Trident Selection Summary
******************************************************************************************
Number of Events:		0 			Traceback (most recent call last):
  File "tridentAnalysis_pass2.py", line 393, in <module>
    main()
  File "tridentAnalysis_pass2.py", line 379, in main
    print "Number of Events:\t\t",nEvents,"\t\t\t",float(nEvents)/nEvents,"\t\t\t",float(nEvents)/nEvents
ZeroDivisionError: float division by zero

------------------------------------------------------------
Sender: LSF System <lsf@hequ0069>
Subject: Job 507345: <python tridentAnalysis_pass2.py -o OutputHistograms/Data/pass2/hps_005692_09252015.root pass2-dst/hps_005692> in cluster <slac> Exited

Job <python tridentAnalysis_pass2.py -o OutputHistograms/Data/pass2/hps_005692_09252015.root pass2-dst/hps_005692> was submitted from host <rhel6-64k> by user <mgraham> in cluster <slac>.
Job was executed on host(s) <hequ0069>, in queue <long>, as user <mgraham> in cluster <slac>.
</u/br/mgraham> was used as the home directory.
</u/br/mgraham/hps3/analysis/tridents> was used as the working directory.
Started at Fri Sep 25 07:16:18 2015
Results reported on Fri Sep 25 07:16:19 2015

Your job looked like:

------------------------------------------------------------
# LSBATCH: User input
python tridentAnalysis_pass2.py -o OutputHistograms/Data/pass2/hps_005692_09252015.root pass2-dst/hps_005692
------------------------------------------------------------

Exited with exit code 1.

Resource usage summary:

    CPU time :                                   0.75 sec.
    Total Requested Memory :                     -
    Delta Memory :                               -
    Run time :                                   1 sec.
    Turnaround time :                            2 sec.

The output (if any) is above this job summary.

Loading HpsEvent Library from /nfs/slac/g/hps3/software/hps-dst/build/lib/libHpsEvent.so
			Trident Selection Summary
******************************************************************************************
Number of Events:		0 			Traceback (most recent call last):
  File "tridentAnalysis_pass2.py", line 393, in <module>
    main()
  File "tridentAnalysis_pass2.py", line 379, in main
    print "Number of Events:\t\t",nEvents,"\t\t\t",float(nEvents)/nEvents,"\t\t\t",float(nEvents)/nEvents
ZeroDivisionError: float division by zero

------------------------------------------------------------
Sender: LSF System <lsf@bullet0053>
Subject: Job 523384: <python tridentAnalysis_pass2.py -o OutputHistograms/Data/pass2/hps_005692_09252015.root pass2-dst/hps_005692> in cluster <slac> Exited

Job <python tridentAnalysis_pass2.py -o OutputHistograms/Data/pass2/hps_005692_09252015.root pass2-dst/hps_005692> was submitted from host <rhel6-64k> by user <mgraham> in cluster <slac>.
Job was executed on host(s) <bullet0053>, in queue <long>, as user <mgraham> in cluster <slac>.
</u/br/mgraham> was used as the home directory.
</u/br/mgraham/hps3/analysis/tridents> was used as the working directory.
Started at Fri Sep 25 08:16:17 2015
Results reported on Fri Sep 25 08:16:21 2015

Your job looked like:

------------------------------------------------------------
# LSBATCH: User input
python tridentAnalysis_pass2.py -o OutputHistograms/Data/pass2/hps_005692_09252015.root pass2-dst/hps_005692
------------------------------------------------------------

Exited with exit code 1.

Resource usage summary:

    CPU time :                                   2.30 sec.
    Max Memory :                                 44 MB
    Average Memory :                             38.00 MB
    Total Requested Memory :                     -
    Delta Memory :                               -
    Max Processes :                              3
    Max Threads :                                4
    Run time :                                   4 sec.
    Turnaround time :                            5 sec.

The output (if any) is above this job summary.

