Loading HpsEvent Library from /nfs/slac/g/hps3/software/hps-dst/build/lib/libHpsEvent.so
			Trident Selection Summary
******************************************************************************************
Number of Events:		0 			Traceback (most recent call last):
  File "tridentAnalysis_pass2.py", line 392, in <module>
    main()
  File "tridentAnalysis_pass2.py", line 378, in main
    print "Number of Events:\t\t",nEvents,"\t\t\t",float(nEvents)/nEvents,"\t\t\t",float(nEvents)/nEvents
ZeroDivisionError: float division by zero

------------------------------------------------------------
Sender: LSF System <lsf@bullet0291>
Subject: Job 489821: <python tridentAnalysis_pass2.py -o OutputHistograms/Data/pass2/hps_005783_09252015.root pass2-dst/hps_005783> in cluster <slac> Exited

Job <python tridentAnalysis_pass2.py -o OutputHistograms/Data/pass2/hps_005783_09252015.root pass2-dst/hps_005783> was submitted from host <rhel6-64k> by user <mgraham> in cluster <slac>.
Job was executed on host(s) <bullet0291>, in queue <long>, as user <mgraham> in cluster <slac>.
</u/br/mgraham> was used as the home directory.
</u/br/mgraham/hps3/analysis/tridents> was used as the working directory.
Started at Fri Sep 25 06:08:49 2015
Results reported on Fri Sep 25 06:08:52 2015

Your job looked like:

------------------------------------------------------------
# LSBATCH: User input
python tridentAnalysis_pass2.py -o OutputHistograms/Data/pass2/hps_005783_09252015.root pass2-dst/hps_005783
------------------------------------------------------------

Exited with exit code 1.

Resource usage summary:

    CPU time :                                   2.69 sec.
    Total Requested Memory :                     -
    Delta Memory :                               -
    Run time :                                   5 sec.
    Turnaround time :                            5 sec.

The output (if any) is above this job summary.

Loading HpsEvent Library from /nfs/slac/g/hps3/software/hps-dst/build/lib/libHpsEvent.so
			Trident Selection Summary
******************************************************************************************
Number of Events:		0 			Traceback (most recent call last):
  File "tridentAnalysis_pass2.py", line 392, in <module>
    main()
  File "tridentAnalysis_pass2.py", line 378, in main
    print "Number of Events:\t\t",nEvents,"\t\t\t",float(nEvents)/nEvents,"\t\t\t",float(nEvents)/nEvents
ZeroDivisionError: float division by zero

------------------------------------------------------------
Sender: LSF System <lsf@hequ0012>
Subject: Job 500601: <python tridentAnalysis_pass2.py -o OutputHistograms/Data/pass2/hps_005783_09252015.root pass2-dst/hps_005783> in cluster <slac> Exited

Job <python tridentAnalysis_pass2.py -o OutputHistograms/Data/pass2/hps_005783_09252015.root pass2-dst/hps_005783> was submitted from host <rhel6-64k> by user <mgraham> in cluster <slac>.
Job was executed on host(s) <hequ0012>, in queue <long>, as user <mgraham> in cluster <slac>.
</u/br/mgraham> was used as the home directory.
</u/br/mgraham/hps3/analysis/tridents> was used as the working directory.
Started at Fri Sep 25 06:50:36 2015
Results reported on Fri Sep 25 06:50:55 2015

Your job looked like:

------------------------------------------------------------
# LSBATCH: User input
python tridentAnalysis_pass2.py -o OutputHistograms/Data/pass2/hps_005783_09252015.root pass2-dst/hps_005783
------------------------------------------------------------

Exited with exit code 1.

Resource usage summary:

    CPU time :                                   2.85 sec.
    Max Memory :                                 5 MB
    Average Memory :                             5.00 MB
    Total Requested Memory :                     -
    Delta Memory :                               -
    Max Swap :                                   285 MB
    Max Processes :                              3
    Max Threads :                                4
    Run time :                                   19 sec.
    Turnaround time :                            20 sec.

The output (if any) is above this job summary.

Loading HpsEvent Library from /nfs/slac/g/hps3/software/hps-dst/build/lib/libHpsEvent.so
			Trident Selection Summary
******************************************************************************************
Number of Events:		0 			Traceback (most recent call last):
  File "tridentAnalysis_pass2.py", line 393, in <module>
    main()
  File "tridentAnalysis_pass2.py", line 379, in main
    print "Number of Events:\t\t",nEvents,"\t\t\t",float(nEvents)/nEvents,"\t\t\t",float(nEvents)/nEvents
ZeroDivisionError: float division by zero

------------------------------------------------------------
Sender: LSF System <lsf@hequ0012>
Subject: Job 504941: <python tridentAnalysis_pass2.py -o OutputHistograms/Data/pass2/hps_005783_09252015.root pass2-dst/hps_005783> in cluster <slac> Exited

Job <python tridentAnalysis_pass2.py -o OutputHistograms/Data/pass2/hps_005783_09252015.root pass2-dst/hps_005783> was submitted from host <rhel6-64k> by user <mgraham> in cluster <slac>.
Job was executed on host(s) <hequ0012>, in queue <long>, as user <mgraham> in cluster <slac>.
</u/br/mgraham> was used as the home directory.
</u/br/mgraham/hps3/analysis/tridents> was used as the working directory.
Started at Fri Sep 25 07:08:17 2015
Results reported on Fri Sep 25 07:08:20 2015

Your job looked like:

------------------------------------------------------------
# LSBATCH: User input
python tridentAnalysis_pass2.py -o OutputHistograms/Data/pass2/hps_005783_09252015.root pass2-dst/hps_005783
------------------------------------------------------------

Exited with exit code 1.

Resource usage summary:

    CPU time :                                   0.76 sec.
    Total Requested Memory :                     -
    Delta Memory :                               -
    Run time :                                   2 sec.
    Turnaround time :                            4 sec.

The output (if any) is above this job summary.

Loading HpsEvent Library from /nfs/slac/g/hps3/software/hps-dst/build/lib/libHpsEvent.so
			Trident Selection Summary
******************************************************************************************
Number of Events:		0 			Traceback (most recent call last):
  File "tridentAnalysis_pass2.py", line 393, in <module>
    main()
  File "tridentAnalysis_pass2.py", line 379, in main
    print "Number of Events:\t\t",nEvents,"\t\t\t",float(nEvents)/nEvents,"\t\t\t",float(nEvents)/nEvents
ZeroDivisionError: float division by zero

------------------------------------------------------------
Sender: LSF System <lsf@fell0070>
Subject: Job 505086: <python tridentAnalysis_pass2.py -o OutputHistograms/Data/pass2/hps_005783_09252015.root pass2-dst/hps_005783> in cluster <slac> Exited

Job <python tridentAnalysis_pass2.py -o OutputHistograms/Data/pass2/hps_005783_09252015.root pass2-dst/hps_005783> was submitted from host <rhel6-64k> by user <mgraham> in cluster <slac>.
Job was executed on host(s) <fell0070>, in queue <long>, as user <mgraham> in cluster <slac>.
</u/br/mgraham> was used as the home directory.
</u/br/mgraham/hps3/analysis/tridents> was used as the working directory.
Started at Fri Sep 25 07:08:43 2015
Results reported on Fri Sep 25 07:08:46 2015

Your job looked like:

------------------------------------------------------------
# LSBATCH: User input
python tridentAnalysis_pass2.py -o OutputHistograms/Data/pass2/hps_005783_09252015.root pass2-dst/hps_005783
------------------------------------------------------------

Exited with exit code 1.

Resource usage summary:

    CPU time :                                   1.05 sec.
    Total Requested Memory :                     -
    Delta Memory :                               -
    Run time :                                   2 sec.
    Turnaround time :                            4 sec.

The output (if any) is above this job summary.

Loading HpsEvent Library from /nfs/slac/g/hps3/software/hps-dst/build/lib/libHpsEvent.so
			Trident Selection Summary
******************************************************************************************
Number of Events:		0 			Traceback (most recent call last):
  File "tridentAnalysis_pass2.py", line 393, in <module>
    main()
  File "tridentAnalysis_pass2.py", line 379, in main
    print "Number of Events:\t\t",nEvents,"\t\t\t",float(nEvents)/nEvents,"\t\t\t",float(nEvents)/nEvents
ZeroDivisionError: float division by zero

------------------------------------------------------------
Sender: LSF System <lsf@fell0073>
Subject: Job 507387: <python tridentAnalysis_pass2.py -o OutputHistograms/Data/pass2/hps_005783_09252015.root pass2-dst/hps_005783> in cluster <slac> Exited

Job <python tridentAnalysis_pass2.py -o OutputHistograms/Data/pass2/hps_005783_09252015.root pass2-dst/hps_005783> was submitted from host <rhel6-64k> by user <mgraham> in cluster <slac>.
Job was executed on host(s) <fell0073>, in queue <long>, as user <mgraham> in cluster <slac>.
</u/br/mgraham> was used as the home directory.
</u/br/mgraham/hps3/analysis/tridents> was used as the working directory.
Started at Fri Sep 25 07:16:22 2015
Results reported on Fri Sep 25 07:16:24 2015

Your job looked like:

------------------------------------------------------------
# LSBATCH: User input
python tridentAnalysis_pass2.py -o OutputHistograms/Data/pass2/hps_005783_09252015.root pass2-dst/hps_005783
------------------------------------------------------------

Exited with exit code 1.

Resource usage summary:

    CPU time :                                   1.12 sec.
    Total Requested Memory :                     -
    Delta Memory :                               -
    Run time :                                   2 sec.
    Turnaround time :                            3 sec.

The output (if any) is above this job summary.

Loading HpsEvent Library from /nfs/slac/g/hps3/software/hps-dst/build/lib/libHpsEvent.so
			Trident Selection Summary
******************************************************************************************
Number of Events:		0 			Traceback (most recent call last):
  File "tridentAnalysis_pass2.py", line 393, in <module>
    main()
  File "tridentAnalysis_pass2.py", line 379, in main
    print "Number of Events:\t\t",nEvents,"\t\t\t",float(nEvents)/nEvents,"\t\t\t",float(nEvents)/nEvents
ZeroDivisionError: float division by zero

------------------------------------------------------------
Sender: LSF System <lsf@bullet0005>
Subject: Job 523427: <python tridentAnalysis_pass2.py -o OutputHistograms/Data/pass2/hps_005783_09252015.root pass2-dst/hps_005783> in cluster <slac> Exited

Job <python tridentAnalysis_pass2.py -o OutputHistograms/Data/pass2/hps_005783_09252015.root pass2-dst/hps_005783> was submitted from host <rhel6-64k> by user <mgraham> in cluster <slac>.
Job was executed on host(s) <bullet0005>, in queue <long>, as user <mgraham> in cluster <slac>.
</u/br/mgraham> was used as the home directory.
</u/br/mgraham/hps3/analysis/tridents> was used as the working directory.
Started at Fri Sep 25 08:16:22 2015
Results reported on Fri Sep 25 08:16:40 2015

Your job looked like:

------------------------------------------------------------
# LSBATCH: User input
python tridentAnalysis_pass2.py -o OutputHistograms/Data/pass2/hps_005783_09252015.root pass2-dst/hps_005783
------------------------------------------------------------

Exited with exit code 1.

Resource usage summary:

    CPU time :                                   25.70 sec.
    Max Memory :                                 31 MB
    Average Memory :                             4.00 MB
    Total Requested Memory :                     -
    Delta Memory :                               -
    Max Processes :                              3
    Max Threads :                                4
    Run time :                                   18 sec.
    Turnaround time :                            20 sec.

The output (if any) is above this job summary.

