
 *** Break *** segmentation violation
Loading HpsEvent Library from /nfs/slac/g/hps3/software/hps-dst/build/lib/libHpsEvent.so
Event 10000
Event 20000
Event 30000
Event 40000
Event 50000
Event 60000
Event 70000
Event 80000
Event 90000
Event 100000
Event 110000
Event 120000
Event 130000
Event 140000
Event 150000
Event 160000
Event 170000
Event 180000
Event 190000
Event 200000
Event 210000
Event 220000
Event 230000
Event 240000
Event 250000
Event 260000
Event 270000
Event 280000
Event 290000
Event 300000
Event 310000
Event 320000
Event 330000
Event 340000
Event 350000
Event 360000
Event 370000
Event 380000
Event 390000
Event 400000
Event 410000
Event 420000
Event 430000
Event 440000
Event 450000
Event 460000
Event 470000
Event 480000
Event 490000
Event 500000
Event 510000
Event 520000
Event 530000
Event 540000
Event 550000
Event 560000
Event 570000
Event 580000
Event 590000
Event 600000
Event 610000
Event 620000
Event 630000
Event 640000
Event 650000
Event 660000
Event 670000
Event 680000
Event 690000
Event 700000
Event 710000
Event 720000
Event 730000
Event 740000
Event 750000
Event 760000
Event 770000
Event 780000
Event 790000
Event 800000
Event 810000
Event 820000
Event 830000
Event 840000
Event 850000
Event 860000
Event 870000
Event 880000
Event 890000
Event 900000
Event 910000
Event 920000
Event 930000
Event 940000
Event 950000
Event 960000
Event 970000
Event 980000
Event 990000
Event 1000000
Event 1010000
Event 1020000
Event 1030000
Event 1040000
Event 1050000
Event 1060000
Event 1070000
Event 1080000
Event 1090000
Event 1100000
Event 1110000
Event 1120000
Event 1130000
Event 1140000
Event 1150000
Event 1160000
Event 1170000
Event 1180000
Event 1190000
Event 1200000
Event 1210000
Event 1220000
Event 1230000
Event 1240000
Event 1250000
Event 1260000
Event 1270000
Event 1280000
Event 1290000
Event 1300000
Event 1310000
Event 1320000
Event 1330000
Event 1340000
Event 1350000
Event 1360000
Event 1370000
Event 1380000
Event 1390000
Event 1400000
Event 1410000
Event 1420000
Event 1430000
Event 1440000
Event 1450000
Event 1460000
Event 1470000
Event 1480000
Event 1490000
Event 1500000
Event 1510000
Event 1520000
Event 1530000
Event 1540000
Event 1550000
Event 1560000
Event 1570000
Event 1580000
Event 1590000
Event 1600000
Event 1610000
Event 1620000
Event 1630000
Event 1640000
Event 1650000
Event 1660000
Event 1670000
Event 1680000
Event 1690000
Event 1700000
Event 1710000
Event 1720000
Event 1730000
Event 1740000
Event 1750000
Event 1760000



===========================================================
There was a crash.
This is the entire stack trace of all threads:
===========================================================
#0  0x00002ad891f5765e in waitpid () from /lib64/libc.so.6
#1  0x00002ad891ee9609 in do_system () from /lib64/libc.so.6
#2  0x00002ad89a1ce3f8 in TUnixSystem::StackTrace() () from /afs/slac/package/cernroot/53426/lib/libCore.so
#3  0x00002ad89a1cd273 in TUnixSystem::DispatchSignals(ESignals) () from /afs/slac/package/cernroot/53426/lib/libCore.so
#4  <signal handler called>
#5  0x00002ad89e46ca02 in HpsParticle::getCharge() const () from /nfs/slac/g/hps3/software/hps-dst/build/lib/libHpsEvent.so
#6  0x00002ad89e47234c in SvtTrack::getCharge() () from /nfs/slac/g/hps3/software/hps-dst/build/lib/libHpsEvent.so
#7  0x00002ad89e451d8e in G__HpsEventDic_203_0_21(G__value*, char const*, G__param*, int) () from /nfs/slac/g/hps3/software/hps-dst/build/lib/libHpsEvent.so
#8  0x00002ad89a94850f in Cint::G__CallFunc::Execute(void*) () from /afs/slac/package/cernroot/53426/lib/libCint.so
#9  0x00002ad899cfa427 in PyROOT::TIntExecutor::Execute(Cint::G__CallFunc*, void*, bool) () from /afs/slac/package/cernroot/53426/lib/libPyROOT.so
#10 0x00002ad899d0082b in PyROOT::TMethodHolder<PyROOT::TScopeAdapter, PyROOT::TMemberAdapter>::CallSafe(void*, bool) () from /afs/slac/package/cernroot/53426/lib/libPyROOT.so
#11 0x00002ad899d009b1 in PyROOT::TMethodHolder<PyROOT::TScopeAdapter, PyROOT::TMemberAdapter>::Execute(void*, bool) () from /afs/slac/package/cernroot/53426/lib/libPyROOT.so
#12 0x00002ad899cfe1f6 in PyROOT::TMethodHolder<PyROOT::TScopeAdapter, PyROOT::TMemberAdapter>::operator()(PyROOT::ObjectProxy*, _object*, _object*, long, bool) () from /afs/slac/package/cernroot/53426/lib/libPyROOT.so
#13 0x00002ad899d031a3 in PyROOT::(anonymous namespace)::mp_call(PyROOT::MethodProxy*, _object*, _object*) () from /afs/slac/package/cernroot/53426/lib/libPyROOT.so
#14 0x000000000041aac3 in PyObject_Call ()
#15 0x000000000048b614 in PyEval_EvalFrameEx ()
#16 0x000000000048d770 in PyEval_EvalFrameEx ()
#17 0x000000000048e269 in PyEval_EvalCodeEx ()
#18 0x000000000048e382 in PyEval_EvalCode ()
#19 0x00000000004a854c in run_mod ()
#20 0x00000000004a8620 in PyRun_FileExFlags ()
#21 0x00000000004a9b5c in PyRun_SimpleFileExFlags ()
#22 0x00000000004165b4 in Py_Main ()
#23 0x00002ad891ec9d5d in __libc_start_main () from /lib64/libc.so.6
#24 0x0000000000415599 in _start ()
===========================================================


The lines below might hint at the cause of the crash.
If they do not help you then please submit a bug report at
http://root.cern.ch/bugs. Please post the ENTIRE stack trace
from above as an attachment in addition to anything else
that might help us fixing this issue.
===========================================================
#5  0x00002ad89e46ca02 in HpsParticle::getCharge() const () from /nfs/slac/g/hps3/software/hps-dst/build/lib/libHpsEvent.so
#6  0x00002ad89e47234c in SvtTrack::getCharge() () from /nfs/slac/g/hps3/software/hps-dst/build/lib/libHpsEvent.so
===========================================================


Traceback (most recent call last):
  File "tridentAnalysis_pass2.py", line 392, in <module>
    main()
  File "tridentAnalysis_pass2.py", line 242, in main
    if track.getCharge()>0 :
SystemError: problem in C++; program state has been reset

------------------------------------------------------------
Sender: LSF System <lsf@bullet0099>
Subject: Job 489824: <python tridentAnalysis_pass2.py -o OutputHistograms/Data/pass2/hps_005795_09252015.root pass2-dst/hps_005795> in cluster <slac> Exited

Job <python tridentAnalysis_pass2.py -o OutputHistograms/Data/pass2/hps_005795_09252015.root pass2-dst/hps_005795> was submitted from host <rhel6-64k> by user <mgraham> in cluster <slac>.
Job was executed on host(s) <bullet0099>, in queue <long>, as user <mgraham> in cluster <slac>.
</u/br/mgraham> was used as the home directory.
</u/br/mgraham/hps3/analysis/tridents> was used as the working directory.
Started at Fri Sep 25 06:08:49 2015
Results reported on Fri Sep 25 06:19:18 2015

Your job looked like:

------------------------------------------------------------
# LSBATCH: User input
python tridentAnalysis_pass2.py -o OutputHistograms/Data/pass2/hps_005795_09252015.root pass2-dst/hps_005795
------------------------------------------------------------

Exited with exit code 1.

Resource usage summary:

    CPU time :                                   463.64 sec.
    Max Memory :                                 3120 MB
    Average Memory :                             1913.15 MB
    Total Requested Memory :                     -
    Delta Memory :                               -
    Max Processes :                              4
    Max Threads :                                5
    Run time :                                   629 sec.
    Turnaround time :                            630 sec.

The output (if any) is above this job summary.


 *** Break *** segmentation violation
Loading HpsEvent Library from /nfs/slac/g/hps3/software/hps-dst/build/lib/libHpsEvent.so
Event 10000
Event 20000
Event 30000
Event 40000
Event 50000
Event 60000
Event 70000
Event 80000
Event 90000
Event 100000
Event 110000
Event 120000
Event 130000
Event 140000
Event 150000
Event 160000
Event 170000
Event 180000
Event 190000
Event 200000
Event 210000
Event 220000
Event 230000
Event 240000
Event 250000
Event 260000
Event 270000
Event 280000
Event 290000
Event 300000
Event 310000
Event 320000
Event 330000
Event 340000
Event 350000
Event 360000
Event 370000
Event 380000
Event 390000
Event 400000
Event 410000
Event 420000
Event 430000
Event 440000
Event 450000
Event 460000
Event 470000
Event 480000
Event 490000
Event 500000
Event 510000
Event 520000
Event 530000
Event 540000
Event 550000
Event 560000
Event 570000
Event 580000
Event 590000
Event 600000
Event 610000
Event 620000
Event 630000
Event 640000
Event 650000
Event 660000
Event 670000
Event 680000
Event 690000
Event 700000
Event 710000
Event 720000
Event 730000
Event 740000
Event 750000
Event 760000
Event 770000
Event 780000
Event 790000
Event 800000
Event 810000
Event 820000
Event 830000
Event 840000
Event 850000
Event 860000
Event 870000
Event 880000
Event 890000
Event 900000
Event 910000
Event 920000
Event 930000
Event 940000
Event 950000
Event 960000
Event 970000
Event 980000
Event 990000
Event 1000000
Event 1010000
Event 1020000
Event 1030000
Event 1040000
Event 1050000
Event 1060000
Event 1070000
Event 1080000
Event 1090000
Event 1100000
Event 1110000
Event 1120000
Event 1130000
Event 1140000
Event 1150000
Event 1160000
Event 1170000
Event 1180000
Event 1190000
Event 1200000
Event 1210000
Event 1220000
Event 1230000
Event 1240000
Event 1250000
Event 1260000
Event 1270000
Event 1280000
Event 1290000
Event 1300000
Event 1310000
Event 1320000
Event 1330000
Event 1340000
Event 1350000
Event 1360000
Event 1370000
Event 1380000
Event 1390000
Event 1400000
Event 1410000
Event 1420000
Event 1430000
Event 1440000
Event 1450000
Event 1460000
Event 1470000
Event 1480000
Event 1490000
Event 1500000
Event 1510000
Event 1520000
Event 1530000
Event 1540000
Event 1550000
Event 1560000
Event 1570000
Event 1580000
Event 1590000
Event 1600000
Event 1610000
Event 1620000
Event 1630000
Event 1640000
Event 1650000
Event 1660000
Event 1670000
Event 1680000
Event 1690000
Event 1700000
Event 1710000
Event 1720000
Event 1730000
Event 1740000
Event 1750000
Event 1760000



===========================================================
There was a crash.
This is the entire stack trace of all threads:
===========================================================
#0  0x00002ab700ac165e in waitpid () from /lib64/libc.so.6
#1  0x00002ab700a53609 in do_system () from /lib64/libc.so.6
#2  0x00002ab708d383f8 in TUnixSystem::StackTrace() () from /afs/slac/package/cernroot/53426/lib/libCore.so
#3  0x00002ab708d37273 in TUnixSystem::DispatchSignals(ESignals) () from /afs/slac/package/cernroot/53426/lib/libCore.so
#4  <signal handler called>
#5  0x00002ab70cfd5a02 in HpsParticle::getCharge() const () from /nfs/slac/g/hps3/software/hps-dst/build/lib/libHpsEvent.so
#6  0x00002ab70cfdb34c in SvtTrack::getCharge() () from /nfs/slac/g/hps3/software/hps-dst/build/lib/libHpsEvent.so
#7  0x00002ab70cfbad8e in G__HpsEventDic_203_0_21(G__value*, char const*, G__param*, int) () from /nfs/slac/g/hps3/software/hps-dst/build/lib/libHpsEvent.so
#8  0x00002ab7094b250f in Cint::G__CallFunc::Execute(void*) () from /afs/slac/package/cernroot/53426/lib/libCint.so
#9  0x00002ab708864427 in PyROOT::TIntExecutor::Execute(Cint::G__CallFunc*, void*, bool) () from /afs/slac/package/cernroot/53426/lib/libPyROOT.so
#10 0x00002ab70886a82b in PyROOT::TMethodHolder<PyROOT::TScopeAdapter, PyROOT::TMemberAdapter>::CallSafe(void*, bool) () from /afs/slac/package/cernroot/53426/lib/libPyROOT.so
#11 0x00002ab70886a9b1 in PyROOT::TMethodHolder<PyROOT::TScopeAdapter, PyROOT::TMemberAdapter>::Execute(void*, bool) () from /afs/slac/package/cernroot/53426/lib/libPyROOT.so
#12 0x00002ab7088681f6 in PyROOT::TMethodHolder<PyROOT::TScopeAdapter, PyROOT::TMemberAdapter>::operator()(PyROOT::ObjectProxy*, _object*, _object*, long, bool) () from /afs/slac/package/cernroot/53426/lib/libPyROOT.so
#13 0x00002ab70886d1a3 in PyROOT::(anonymous namespace)::mp_call(PyROOT::MethodProxy*, _object*, _object*) () from /afs/slac/package/cernroot/53426/lib/libPyROOT.so
#14 0x000000000041aac3 in PyObject_Call ()
#15 0x000000000048b614 in PyEval_EvalFrameEx ()
#16 0x000000000048d770 in PyEval_EvalFrameEx ()
#17 0x000000000048e269 in PyEval_EvalCodeEx ()
#18 0x000000000048e382 in PyEval_EvalCode ()
#19 0x00000000004a854c in run_mod ()
#20 0x00000000004a8620 in PyRun_FileExFlags ()
#21 0x00000000004a9b5c in PyRun_SimpleFileExFlags ()
#22 0x00000000004165b4 in Py_Main ()
#23 0x00002ab700a33d5d in __libc_start_main () from /lib64/libc.so.6
#24 0x0000000000415599 in _start ()
===========================================================


The lines below might hint at the cause of the crash.
If they do not help you then please submit a bug report at
http://root.cern.ch/bugs. Please post the ENTIRE stack trace
from above as an attachment in addition to anything else
that might help us fixing this issue.
===========================================================
#5  0x00002ab70cfd5a02 in HpsParticle::getCharge() const () from /nfs/slac/g/hps3/software/hps-dst/build/lib/libHpsEvent.so
#6  0x00002ab70cfdb34c in SvtTrack::getCharge() () from /nfs/slac/g/hps3/software/hps-dst/build/lib/libHpsEvent.so
===========================================================


Traceback (most recent call last):
  File "tridentAnalysis_pass2.py", line 392, in <module>
    main()
  File "tridentAnalysis_pass2.py", line 242, in main
    if track.getCharge()>0 :
SystemError: problem in C++; program state has been reset

------------------------------------------------------------
Sender: LSF System <lsf@hequ0116>
Subject: Job 500604: <python tridentAnalysis_pass2.py -o OutputHistograms/Data/pass2/hps_005795_09252015.root pass2-dst/hps_005795> in cluster <slac> Exited

Job <python tridentAnalysis_pass2.py -o OutputHistograms/Data/pass2/hps_005795_09252015.root pass2-dst/hps_005795> was submitted from host <rhel6-64k> by user <mgraham> in cluster <slac>.
Job was executed on host(s) <hequ0116>, in queue <long>, as user <mgraham> in cluster <slac>.
</u/br/mgraham> was used as the home directory.
</u/br/mgraham/hps3/analysis/tridents> was used as the working directory.
Started at Fri Sep 25 06:50:36 2015
Results reported on Fri Sep 25 06:58:54 2015

Your job looked like:

------------------------------------------------------------
# LSBATCH: User input
python tridentAnalysis_pass2.py -o OutputHistograms/Data/pass2/hps_005795_09252015.root pass2-dst/hps_005795
------------------------------------------------------------

Exited with exit code 1.

Resource usage summary:

    CPU time :                                   395.66 sec.
    Max Memory :                                 161 MB
    Average Memory :                             144.29 MB
    Total Requested Memory :                     -
    Delta Memory :                               -
    Max Swap :                                   509 MB
    Max Processes :                              3
    Max Threads :                                4
    Run time :                                   498 sec.
    Turnaround time :                            499 sec.

The output (if any) is above this job summary.

Loading HpsEvent Library from /nfs/slac/g/hps3/software/hps-dst/build/lib/libHpsEvent.so
Event 10000
Event 20000
Event 30000
Event 40000
Traceback (most recent call last):
  File "tridentAnalysis_pass2.py", line 393, in <module>
    main()
  File "tridentAnalysis_pass2.py", line 226, in main
    tree.GetEntry(entry)
KeyboardInterrupt

------------------------------------------------------------
Sender: LSF System <lsf@hequ0106>
Subject: Job 504947: <python tridentAnalysis_pass2.py -o OutputHistograms/Data/pass2/hps_005795_09252015.root pass2-dst/hps_005795> in cluster <slac> Exited

Job <python tridentAnalysis_pass2.py -o OutputHistograms/Data/pass2/hps_005795_09252015.root pass2-dst/hps_005795> was submitted from host <rhel6-64k> by user <mgraham> in cluster <slac>.
Job was executed on host(s) <hequ0106>, in queue <long>, as user <mgraham> in cluster <slac>.
</u/br/mgraham> was used as the home directory.
</u/br/mgraham/hps3/analysis/tridents> was used as the working directory.
Started at Fri Sep 25 07:08:18 2015
Results reported on Fri Sep 25 07:08:30 2015

Your job looked like:

------------------------------------------------------------
# LSBATCH: User input
python tridentAnalysis_pass2.py -o OutputHistograms/Data/pass2/hps_005795_09252015.root pass2-dst/hps_005795
------------------------------------------------------------

TERM_OWNER: job killed by owner.
Exited with exit code 1.

Resource usage summary:

    CPU time :                                   9.35 sec.
    Max Memory :                                 57 MB
    Average Memory :                             57.00 MB
    Total Requested Memory :                     -
    Delta Memory :                               -
    Max Swap :                                   457 MB
    Max Processes :                              3
    Max Threads :                                4
    Run time :                                   12 sec.
    Turnaround time :                            13 sec.

The output (if any) is above this job summary.

Loading HpsEvent Library from /nfs/slac/g/hps3/software/hps-dst/build/lib/libHpsEvent.so
Event 10000
Event 20000
Event 30000
Event 40000
Event 50000
Event 60000
Event 70000
Event 80000
Event 90000
Event 100000
Event 110000
Event 120000
Event 130000
Event 140000
Event 150000
Event 160000
Event 170000
Event 180000
Event 190000
Event 200000
Event 210000
Event 220000
Event 230000
Event 240000
Event 250000
Event 260000
Event 270000
Event 280000
Event 290000
Event 300000
Event 310000
Event 320000
Event 330000
Event 340000
Event 350000
Event 360000
Event 370000
Event 380000
Event 390000
Event 400000
Event 410000
Event 420000
Event 430000
Event 440000
Event 450000
Event 460000
Event 470000
Event 480000
Event 490000
Event 500000
Event 510000
Event 520000
Event 530000
Event 540000
Event 550000
Event 560000
Event 570000
Event 580000
Event 590000
Event 600000
Event 610000
Event 620000
Event 630000
Event 640000
Event 650000
Event 660000
Event 670000
Event 680000
Event 690000
Event 700000
Event 710000
Event 720000
Event 730000
Event 740000
Event 750000
Event 760000
Event 770000
Event 780000
Event 790000
Event 800000
Event 810000
Event 820000
Event 830000
Event 840000
Event 850000
Event 860000
Event 870000
Event 880000
Event 890000
Event 900000
Event 910000
Event 920000
Event 930000
Event 940000
Event 950000
Event 960000
Event 970000
Event 980000
Event 990000
Event 1000000
Event 1010000
Event 1020000
Event 1030000
Event 1040000
Event 1050000
Event 1060000
Event 1070000
Event 1080000
Event 1090000
Event 1100000
Event 1110000
Event 1120000
Event 1130000
Event 1140000
Event 1150000
Event 1160000
Event 1170000
Event 1180000
Event 1190000
Event 1200000
Event 1210000
Event 1220000
Event 1230000
Event 1240000
Event 1250000
Event 1260000
Event 1270000
Event 1280000
Event 1290000
Event 1300000
Event 1310000
Event 1320000
Event 1330000
Event 1340000
Event 1350000
Event 1360000
Event 1370000
Event 1380000
Event 1390000
Event 1400000
Event 1410000
Event 1420000
Event 1430000
Event 1440000
Event 1450000
Event 1460000
Event 1470000
Event 1480000
Event 1490000
Event 1500000
Event 1510000
Event 1520000
Traceback (most recent call last):
  File "tridentAnalysis_pass2.py", line 393, in <module>
    main()
  File "tridentAnalysis_pass2.py", line 226, in main
    tree.GetEntry(entry)
KeyboardInterrupt

------------------------------------------------------------
Sender: LSF System <lsf@hequ0069>
Subject: Job 505089: <python tridentAnalysis_pass2.py -o OutputHistograms/Data/pass2/hps_005795_09252015.root pass2-dst/hps_005795> in cluster <slac> Exited

Job <python tridentAnalysis_pass2.py -o OutputHistograms/Data/pass2/hps_005795_09252015.root pass2-dst/hps_005795> was submitted from host <rhel6-64k> by user <mgraham> in cluster <slac>.
Job was executed on host(s) <hequ0069>, in queue <long>, as user <mgraham> in cluster <slac>.
</u/br/mgraham> was used as the home directory.
</u/br/mgraham/hps3/analysis/tridents> was used as the working directory.
Started at Fri Sep 25 07:08:43 2015
Results reported on Fri Sep 25 07:15:58 2015

Your job looked like:

------------------------------------------------------------
# LSBATCH: User input
python tridentAnalysis_pass2.py -o OutputHistograms/Data/pass2/hps_005795_09252015.root pass2-dst/hps_005795
------------------------------------------------------------

TERM_OWNER: job killed by owner.
Exited with exit code 1.

Resource usage summary:

    CPU time :                                   322.08 sec.
    Max Memory :                                 166 MB
    Average Memory :                             151.27 MB
    Total Requested Memory :                     -
    Delta Memory :                               -
    Max Swap :                                   505 MB
    Max Processes :                              3
    Max Threads :                                4
    Run time :                                   435 sec.
    Turnaround time :                            436 sec.

The output (if any) is above this job summary.


 *** Break *** segmentation violation
Loading HpsEvent Library from /nfs/slac/g/hps3/software/hps-dst/build/lib/libHpsEvent.so
Event 10000
Event 20000
Event 30000
Event 40000
Event 50000
Event 60000
Event 70000
Event 80000
Event 90000
Event 100000
Event 110000
Event 120000
Event 130000
Event 140000
Event 150000
Event 160000
Event 170000
Event 180000
Event 190000
Event 200000
Event 210000
Event 220000
Event 230000
Event 240000
Event 250000
Event 260000
Event 270000
Event 280000
Event 290000
Event 300000
Event 310000
Event 320000
Event 330000
Event 340000
Event 350000
Event 360000
Event 370000
Event 380000
Event 390000
Event 400000
Event 410000
Event 420000
Event 430000
Event 440000
Event 450000
Event 460000
Event 470000
Event 480000
Event 490000
Event 500000
Event 510000
Event 520000
Event 530000
Event 540000
Event 550000
Event 560000
Event 570000
Event 580000
Event 590000
Event 600000
Event 610000
Event 620000
Event 630000
Event 640000
Event 650000
Event 660000
Event 670000
Event 680000
Event 690000
Event 700000
Event 710000
Event 720000
Event 730000
Event 740000
Event 750000
Event 760000
Event 770000
Event 780000
Event 790000
Event 800000
Event 810000
Event 820000
Event 830000
Event 840000
Event 850000
Event 860000
Event 870000
Event 880000
Event 890000
Event 900000
Event 910000
Event 920000
Event 930000
Event 940000
Event 950000
Event 960000
Event 970000
Event 980000
Event 990000
Event 1000000
Event 1010000
Event 1020000
Event 1030000
Event 1040000
Event 1050000
Event 1060000
Event 1070000
Event 1080000
Event 1090000
Event 1100000
Event 1110000
Event 1120000
Event 1130000
Event 1140000
Event 1150000
Event 1160000
Event 1170000
Event 1180000
Event 1190000
Event 1200000
Event 1210000
Event 1220000
Event 1230000
Event 1240000
Event 1250000
Event 1260000
Event 1270000
Event 1280000
Event 1290000
Event 1300000
Event 1310000
Event 1320000
Event 1330000
Event 1340000
Event 1350000
Event 1360000
Event 1370000
Event 1380000
Event 1390000
Event 1400000
Event 1410000
Event 1420000
Event 1430000
Event 1440000
Event 1450000
Event 1460000
Event 1470000
Event 1480000
Event 1490000
Event 1500000
Event 1510000
Event 1520000
Event 1530000
Event 1540000
Event 1550000
Event 1560000
Event 1570000
Event 1580000
Event 1590000
Event 1600000
Event 1610000
Event 1620000
Event 1630000
Event 1640000
Event 1650000
Event 1660000
Event 1670000
Event 1680000
Event 1690000
Event 1700000
Event 1710000
Event 1720000
Event 1730000
Event 1740000
Event 1750000
Event 1760000



===========================================================
There was a crash.
This is the entire stack trace of all threads:
===========================================================
#0  0x00002ace5887365e in waitpid () from /lib64/libc.so.6
#1  0x00002ace58805609 in do_system () from /lib64/libc.so.6
#2  0x00002ace60aea3f8 in TUnixSystem::StackTrace() () from /afs/slac/package/cernroot/53426/lib/libCore.so
#3  0x00002ace60ae9273 in TUnixSystem::DispatchSignals(ESignals) () from /afs/slac/package/cernroot/53426/lib/libCore.so
#4  <signal handler called>
#5  0x00002ace64d87a02 in HpsParticle::getCharge() const () from /nfs/slac/g/hps3/software/hps-dst/build/lib/libHpsEvent.so
#6  0x00002ace64d8d34c in SvtTrack::getCharge() () from /nfs/slac/g/hps3/software/hps-dst/build/lib/libHpsEvent.so
#7  0x00002ace64d6cd8e in G__HpsEventDic_203_0_21(G__value*, char const*, G__param*, int) () from /nfs/slac/g/hps3/software/hps-dst/build/lib/libHpsEvent.so
#8  0x00002ace6126450f in Cint::G__CallFunc::Execute(void*) () from /afs/slac/package/cernroot/53426/lib/libCint.so
#9  0x00002ace60616427 in PyROOT::TIntExecutor::Execute(Cint::G__CallFunc*, void*, bool) () from /afs/slac/package/cernroot/53426/lib/libPyROOT.so
#10 0x00002ace6061c82b in PyROOT::TMethodHolder<PyROOT::TScopeAdapter, PyROOT::TMemberAdapter>::CallSafe(void*, bool) () from /afs/slac/package/cernroot/53426/lib/libPyROOT.so
#11 0x00002ace6061c9b1 in PyROOT::TMethodHolder<PyROOT::TScopeAdapter, PyROOT::TMemberAdapter>::Execute(void*, bool) () from /afs/slac/package/cernroot/53426/lib/libPyROOT.so
#12 0x00002ace6061a1f6 in PyROOT::TMethodHolder<PyROOT::TScopeAdapter, PyROOT::TMemberAdapter>::operator()(PyROOT::ObjectProxy*, _object*, _object*, long, bool) () from /afs/slac/package/cernroot/53426/lib/libPyROOT.so
#13 0x00002ace6061f1a3 in PyROOT::(anonymous namespace)::mp_call(PyROOT::MethodProxy*, _object*, _object*) () from /afs/slac/package/cernroot/53426/lib/libPyROOT.so
#14 0x000000000041aac3 in PyObject_Call ()
#15 0x000000000048b614 in PyEval_EvalFrameEx ()
#16 0x000000000048d770 in PyEval_EvalFrameEx ()
#17 0x000000000048e269 in PyEval_EvalCodeEx ()
#18 0x000000000048e382 in PyEval_EvalCode ()
#19 0x00000000004a854c in run_mod ()
#20 0x00000000004a8620 in PyRun_FileExFlags ()
#21 0x00000000004a9b5c in PyRun_SimpleFileExFlags ()
#22 0x00000000004165b4 in Py_Main ()
#23 0x00002ace587e5d5d in __libc_start_main () from /lib64/libc.so.6
#24 0x0000000000415599 in _start ()
===========================================================


The lines below might hint at the cause of the crash.
If they do not help you then please submit a bug report at
http://root.cern.ch/bugs. Please post the ENTIRE stack trace
from above as an attachment in addition to anything else
that might help us fixing this issue.
===========================================================
#5  0x00002ace64d87a02 in HpsParticle::getCharge() const () from /nfs/slac/g/hps3/software/hps-dst/build/lib/libHpsEvent.so
#6  0x00002ace64d8d34c in SvtTrack::getCharge() () from /nfs/slac/g/hps3/software/hps-dst/build/lib/libHpsEvent.so
===========================================================


Traceback (most recent call last):
  File "tridentAnalysis_pass2.py", line 393, in <module>
    main()
  File "tridentAnalysis_pass2.py", line 242, in main
    if track.getCharge()>0 :
SystemError: problem in C++; program state has been reset

------------------------------------------------------------
Sender: LSF System <lsf@bullet0126>
Subject: Job 507390: <python tridentAnalysis_pass2.py -o OutputHistograms/Data/pass2/hps_005795_09252015.root pass2-dst/hps_005795> in cluster <slac> Exited

Job <python tridentAnalysis_pass2.py -o OutputHistograms/Data/pass2/hps_005795_09252015.root pass2-dst/hps_005795> was submitted from host <rhel6-64k> by user <mgraham> in cluster <slac>.
Job was executed on host(s) <bullet0126>, in queue <long>, as user <mgraham> in cluster <slac>.
</u/br/mgraham> was used as the home directory.
</u/br/mgraham/hps3/analysis/tridents> was used as the working directory.
Started at Fri Sep 25 07:16:22 2015
Results reported on Fri Sep 25 07:34:32 2015

Your job looked like:

------------------------------------------------------------
# LSBATCH: User input
python tridentAnalysis_pass2.py -o OutputHistograms/Data/pass2/hps_005795_09252015.root pass2-dst/hps_005795
------------------------------------------------------------

Exited with exit code 1.

Resource usage summary:

    CPU time :                                   495.25 sec.
    Max Memory :                                 4645 MB
    Average Memory :                             2350.00 MB
    Total Requested Memory :                     -
    Delta Memory :                               -
    Max Processes :                              3
    Max Threads :                                4
    Run time :                                   1092 sec.
    Turnaround time :                            1091 sec.

The output (if any) is above this job summary.


 *** Break *** segmentation violation
Loading HpsEvent Library from /nfs/slac/g/hps3/software/hps-dst/build/lib/libHpsEvent.so



===========================================================
There was a crash.
This is the entire stack trace of all threads:
===========================================================
#0  0x00002b0e7351065e in waitpid () from /lib64/libc.so.6
#1  0x00002b0e734a2609 in do_system () from /lib64/libc.so.6
#2  0x00002b0e7b7873f8 in TUnixSystem::StackTrace() () from /afs/slac/package/cernroot/53426/lib/libCore.so
#3  0x00002b0e7b786273 in TUnixSystem::DispatchSignals(ESignals) () from /afs/slac/package/cernroot/53426/lib/libCore.so
#4  <signal handler called>
#5  0x00002b0e7fa25a02 in HpsParticle::getCharge() const () from /nfs/slac/g/hps3/software/hps-dst/build/lib/libHpsEvent.so
#6  0x00002b0e7fa2b34c in SvtTrack::getCharge() () from /nfs/slac/g/hps3/software/hps-dst/build/lib/libHpsEvent.so
#7  0x00002b0e7fa0ad8e in G__HpsEventDic_203_0_21(G__value*, char const*, G__param*, int) () from /nfs/slac/g/hps3/software/hps-dst/build/lib/libHpsEvent.so
#8  0x00002b0e7bf0150f in Cint::G__CallFunc::Execute(void*) () from /afs/slac/package/cernroot/53426/lib/libCint.so
#9  0x00002b0e7b2b3427 in PyROOT::TIntExecutor::Execute(Cint::G__CallFunc*, void*, bool) () from /afs/slac/package/cernroot/53426/lib/libPyROOT.so
#10 0x00002b0e7b2b982b in PyROOT::TMethodHolder<PyROOT::TScopeAdapter, PyROOT::TMemberAdapter>::CallSafe(void*, bool) () from /afs/slac/package/cernroot/53426/lib/libPyROOT.so
#11 0x00002b0e7b2b99b1 in PyROOT::TMethodHolder<PyROOT::TScopeAdapter, PyROOT::TMemberAdapter>::Execute(void*, bool) () from /afs/slac/package/cernroot/53426/lib/libPyROOT.so
#12 0x00002b0e7b2b71f6 in PyROOT::TMethodHolder<PyROOT::TScopeAdapter, PyROOT::TMemberAdapter>::operator()(PyROOT::ObjectProxy*, _object*, _object*, long, bool) () from /afs/slac/package/cernroot/53426/lib/libPyROOT.so
#13 0x00002b0e7b2bc1a3 in PyROOT::(anonymous namespace)::mp_call(PyROOT::MethodProxy*, _object*, _object*) () from /afs/slac/package/cernroot/53426/lib/libPyROOT.so
#14 0x000000000041aac3 in PyObject_Call ()
#15 0x000000000048b614 in PyEval_EvalFrameEx ()
#16 0x000000000048d770 in PyEval_EvalFrameEx ()
#17 0x000000000048e269 in PyEval_EvalCodeEx ()
#18 0x000000000048e382 in PyEval_EvalCode ()
#19 0x00000000004a854c in run_mod ()
#20 0x00000000004a8620 in PyRun_FileExFlags ()
#21 0x00000000004a9b5c in PyRun_SimpleFileExFlags ()
#22 0x00000000004165b4 in Py_Main ()
#23 0x00002b0e73482d5d in __libc_start_main () from /lib64/libc.so.6
#24 0x0000000000415599 in _start ()
===========================================================


The lines below might hint at the cause of the crash.
If they do not help you then please submit a bug report at
http://root.cern.ch/bugs. Please post the ENTIRE stack trace
from above as an attachment in addition to anything else
that might help us fixing this issue.
===========================================================
#5  0x00002b0e7fa25a02 in HpsParticle::getCharge() const () from /nfs/slac/g/hps3/software/hps-dst/build/lib/libHpsEvent.so
#6  0x00002b0e7fa2b34c in SvtTrack::getCharge() () from /nfs/slac/g/hps3/software/hps-dst/build/lib/libHpsEvent.so
===========================================================


Traceback (most recent call last):
  File "tridentAnalysis_pass2.py", line 393, in <module>
    main()
  File "tridentAnalysis_pass2.py", line 242, in main
    if track.getCharge()>0 :
SystemError: problem in C++; program state has been reset

------------------------------------------------------------
Sender: LSF System <lsf@bullet0005>
Subject: Job 523430: <python tridentAnalysis_pass2.py -o OutputHistograms/Data/pass2/hps_005795_09252015.root pass2-dst/hps_005795> in cluster <slac> Exited

Job <python tridentAnalysis_pass2.py -o OutputHistograms/Data/pass2/hps_005795_09252015.root pass2-dst/hps_005795> was submitted from host <rhel6-64k> by user <mgraham> in cluster <slac>.
Job was executed on host(s) <bullet0005>, in queue <long>, as user <mgraham> in cluster <slac>.
</u/br/mgraham> was used as the home directory.
</u/br/mgraham/hps3/analysis/tridents> was used as the working directory.
Started at Fri Sep 25 08:16:22 2015
Results reported on Fri Sep 25 08:16:49 2015

Your job looked like:

------------------------------------------------------------
# LSBATCH: User input
python tridentAnalysis_pass2.py -o OutputHistograms/Data/pass2/hps_005795_09252015.root pass2-dst/hps_005795
------------------------------------------------------------

Exited with exit code 1.

Resource usage summary:

    CPU time :                                   26.34 sec.
    Max Memory :                                 153 MB
    Average Memory :                             4.00 MB
    Total Requested Memory :                     -
    Delta Memory :                               -
    Max Processes :                              3
    Max Threads :                                4
    Run time :                                   28 sec.
    Turnaround time :                            29 sec.

The output (if any) is above this job summary.

