Loading HpsEvent Library from /nfs/slac/g/hps3/software/hps-dst/build/lib/libHpsEvent.so
			Trident Selection Summary
******************************************************************************************
Number of Events:		0 			Traceback (most recent call last):
  File "tridentAnalysis_pass2.py", line 392, in <module>
    main()
  File "tridentAnalysis_pass2.py", line 378, in main
    print "Number of Events:\t\t",nEvents,"\t\t\t",float(nEvents)/nEvents,"\t\t\t",float(nEvents)/nEvents
ZeroDivisionError: float division by zero

------------------------------------------------------------
Sender: LSF System <lsf@bullet0099>
Subject: Job 489794: <python tridentAnalysis_pass2.py -o OutputHistograms/Data/pass2/hps_005724_09252015.root pass2-dst/hps_005724> in cluster <slac> Exited

Job <python tridentAnalysis_pass2.py -o OutputHistograms/Data/pass2/hps_005724_09252015.root pass2-dst/hps_005724> was submitted from host <rhel6-64k> by user <mgraham> in cluster <slac>.
Job was executed on host(s) <bullet0099>, in queue <long>, as user <mgraham> in cluster <slac>.
</u/br/mgraham> was used as the home directory.
</u/br/mgraham/hps3/analysis/tridents> was used as the working directory.
Started at Fri Sep 25 06:08:46 2015
Results reported on Fri Sep 25 06:08:50 2015

Your job looked like:

------------------------------------------------------------
# LSBATCH: User input
python tridentAnalysis_pass2.py -o OutputHistograms/Data/pass2/hps_005724_09252015.root pass2-dst/hps_005724
------------------------------------------------------------

Exited with exit code 1.

Resource usage summary:

    CPU time :                                   3.97 sec.
    Max Memory :                                 30 MB
    Average Memory :                             5.00 MB
    Total Requested Memory :                     -
    Delta Memory :                               -
    Max Processes :                              3
    Max Threads :                                4
    Run time :                                   5 sec.
    Turnaround time :                            5 sec.

The output (if any) is above this job summary.

Loading HpsEvent Library from /nfs/slac/g/hps3/software/hps-dst/build/lib/libHpsEvent.so
			Trident Selection Summary
******************************************************************************************
Number of Events:		0 			Traceback (most recent call last):
  File "tridentAnalysis_pass2.py", line 392, in <module>
    main()
  File "tridentAnalysis_pass2.py", line 378, in main
    print "Number of Events:\t\t",nEvents,"\t\t\t",float(nEvents)/nEvents,"\t\t\t",float(nEvents)/nEvents
ZeroDivisionError: float division by zero

------------------------------------------------------------
Sender: LSF System <lsf@hequ0140>
Subject: Job 500574: <python tridentAnalysis_pass2.py -o OutputHistograms/Data/pass2/hps_005724_09252015.root pass2-dst/hps_005724> in cluster <slac> Exited

Job <python tridentAnalysis_pass2.py -o OutputHistograms/Data/pass2/hps_005724_09252015.root pass2-dst/hps_005724> was submitted from host <rhel6-64k> by user <mgraham> in cluster <slac>.
Job was executed on host(s) <hequ0140>, in queue <long>, as user <mgraham> in cluster <slac>.
</u/br/mgraham> was used as the home directory.
</u/br/mgraham/hps3/analysis/tridents> was used as the working directory.
Started at Fri Sep 25 06:50:34 2015
Results reported on Fri Sep 25 06:50:54 2015

Your job looked like:

------------------------------------------------------------
# LSBATCH: User input
python tridentAnalysis_pass2.py -o OutputHistograms/Data/pass2/hps_005724_09252015.root pass2-dst/hps_005724
------------------------------------------------------------

Exited with exit code 1.

Resource usage summary:

    CPU time :                                   0.82 sec.
    Max Memory :                                 5 MB
    Average Memory :                             5.00 MB
    Total Requested Memory :                     -
    Delta Memory :                               -
    Max Swap :                                   259 MB
    Max Processes :                              3
    Max Threads :                                4
    Run time :                                   20 sec.
    Turnaround time :                            21 sec.

The output (if any) is above this job summary.

Loading HpsEvent Library from /nfs/slac/g/hps3/software/hps-dst/build/lib/libHpsEvent.so
			Trident Selection Summary
******************************************************************************************
Number of Events:		0 			Traceback (most recent call last):
  File "tridentAnalysis_pass2.py", line 393, in <module>
    main()
  File "tridentAnalysis_pass2.py", line 379, in main
    print "Number of Events:\t\t",nEvents,"\t\t\t",float(nEvents)/nEvents,"\t\t\t",float(nEvents)/nEvents
ZeroDivisionError: float division by zero

------------------------------------------------------------
Sender: LSF System <lsf@hequ0008>
Subject: Job 504912: <python tridentAnalysis_pass2.py -o OutputHistograms/Data/pass2/hps_005724_09252015.root pass2-dst/hps_005724> in cluster <slac> Exited

Job <python tridentAnalysis_pass2.py -o OutputHistograms/Data/pass2/hps_005724_09252015.root pass2-dst/hps_005724> was submitted from host <rhel6-64k> by user <mgraham> in cluster <slac>.
Job was executed on host(s) <hequ0008>, in queue <long>, as user <mgraham> in cluster <slac>.
</u/br/mgraham> was used as the home directory.
</u/br/mgraham/hps3/analysis/tridents> was used as the working directory.
Started at Fri Sep 25 07:08:14 2015
Results reported on Fri Sep 25 07:08:24 2015

Your job looked like:

------------------------------------------------------------
# LSBATCH: User input
python tridentAnalysis_pass2.py -o OutputHistograms/Data/pass2/hps_005724_09252015.root pass2-dst/hps_005724
------------------------------------------------------------

Exited with exit code 1.

Resource usage summary:

    CPU time :                                   0.86 sec.
    Max Memory :                                 5 MB
    Average Memory :                             5.00 MB
    Total Requested Memory :                     -
    Delta Memory :                               -
    Max Swap :                                   266 MB
    Max Processes :                              3
    Max Threads :                                4
    Run time :                                   10 sec.
    Turnaround time :                            11 sec.

The output (if any) is above this job summary.

Loading HpsEvent Library from /nfs/slac/g/hps3/software/hps-dst/build/lib/libHpsEvent.so
			Trident Selection Summary
******************************************************************************************
Number of Events:		0 			Traceback (most recent call last):
  File "tridentAnalysis_pass2.py", line 393, in <module>
    main()
  File "tridentAnalysis_pass2.py", line 379, in main
    print "Number of Events:\t\t",nEvents,"\t\t\t",float(nEvents)/nEvents,"\t\t\t",float(nEvents)/nEvents
ZeroDivisionError: float division by zero

------------------------------------------------------------
Sender: LSF System <lsf@fell0070>
Subject: Job 505058: <python tridentAnalysis_pass2.py -o OutputHistograms/Data/pass2/hps_005724_09252015.root pass2-dst/hps_005724> in cluster <slac> Exited

Job <python tridentAnalysis_pass2.py -o OutputHistograms/Data/pass2/hps_005724_09252015.root pass2-dst/hps_005724> was submitted from host <rhel6-64k> by user <mgraham> in cluster <slac>.
Job was executed on host(s) <fell0070>, in queue <long>, as user <mgraham> in cluster <slac>.
</u/br/mgraham> was used as the home directory.
</u/br/mgraham/hps3/analysis/tridents> was used as the working directory.
Started at Fri Sep 25 07:08:41 2015
Results reported on Fri Sep 25 07:08:43 2015

Your job looked like:

------------------------------------------------------------
# LSBATCH: User input
python tridentAnalysis_pass2.py -o OutputHistograms/Data/pass2/hps_005724_09252015.root pass2-dst/hps_005724
------------------------------------------------------------

Exited with exit code 1.

Resource usage summary:

    CPU time :                                   1.05 sec.
    Total Requested Memory :                     -
    Delta Memory :                               -
    Run time :                                   1 sec.
    Turnaround time :                            4 sec.

The output (if any) is above this job summary.

Loading HpsEvent Library from /nfs/slac/g/hps3/software/hps-dst/build/lib/libHpsEvent.so
			Trident Selection Summary
******************************************************************************************
Number of Events:		0 			Traceback (most recent call last):
  File "tridentAnalysis_pass2.py", line 393, in <module>
    main()
  File "tridentAnalysis_pass2.py", line 379, in main
    print "Number of Events:\t\t",nEvents,"\t\t\t",float(nEvents)/nEvents,"\t\t\t",float(nEvents)/nEvents
ZeroDivisionError: float division by zero

------------------------------------------------------------
Sender: LSF System <lsf@fell0073>
Subject: Job 507360: <python tridentAnalysis_pass2.py -o OutputHistograms/Data/pass2/hps_005724_09252015.root pass2-dst/hps_005724> in cluster <slac> Exited

Job <python tridentAnalysis_pass2.py -o OutputHistograms/Data/pass2/hps_005724_09252015.root pass2-dst/hps_005724> was submitted from host <rhel6-64k> by user <mgraham> in cluster <slac>.
Job was executed on host(s) <fell0073>, in queue <long>, as user <mgraham> in cluster <slac>.
</u/br/mgraham> was used as the home directory.
</u/br/mgraham/hps3/analysis/tridents> was used as the working directory.
Started at Fri Sep 25 07:16:20 2015
Results reported on Fri Sep 25 07:16:22 2015

Your job looked like:

------------------------------------------------------------
# LSBATCH: User input
python tridentAnalysis_pass2.py -o OutputHistograms/Data/pass2/hps_005724_09252015.root pass2-dst/hps_005724
------------------------------------------------------------

Exited with exit code 1.

Resource usage summary:

    CPU time :                                   1.17 sec.
    Total Requested Memory :                     -
    Delta Memory :                               -
    Run time :                                   1 sec.
    Turnaround time :                            4 sec.

The output (if any) is above this job summary.

Loading HpsEvent Library from /nfs/slac/g/hps3/software/hps-dst/build/lib/libHpsEvent.so
			Trident Selection Summary
******************************************************************************************
Number of Events:		0 			Traceback (most recent call last):
  File "tridentAnalysis_pass2.py", line 393, in <module>
    main()
  File "tridentAnalysis_pass2.py", line 379, in main
    print "Number of Events:\t\t",nEvents,"\t\t\t",float(nEvents)/nEvents,"\t\t\t",float(nEvents)/nEvents
ZeroDivisionError: float division by zero

------------------------------------------------------------
Sender: LSF System <lsf@bullet0191>
Subject: Job 523399: <python tridentAnalysis_pass2.py -o OutputHistograms/Data/pass2/hps_005724_09252015.root pass2-dst/hps_005724> in cluster <slac> Exited

Job <python tridentAnalysis_pass2.py -o OutputHistograms/Data/pass2/hps_005724_09252015.root pass2-dst/hps_005724> was submitted from host <rhel6-64k> by user <mgraham> in cluster <slac>.
Job was executed on host(s) <bullet0191>, in queue <long>, as user <mgraham> in cluster <slac>.
</u/br/mgraham> was used as the home directory.
</u/br/mgraham/hps3/analysis/tridents> was used as the working directory.
Started at Fri Sep 25 08:16:19 2015
Results reported on Fri Sep 25 08:16:52 2015

Your job looked like:

------------------------------------------------------------
# LSBATCH: User input
python tridentAnalysis_pass2.py -o OutputHistograms/Data/pass2/hps_005724_09252015.root pass2-dst/hps_005724
------------------------------------------------------------

Exited with exit code 1.

Resource usage summary:

    CPU time :                                   43.85 sec.
    Max Memory :                                 32 MB
    Average Memory :                             4.00 MB
    Total Requested Memory :                     -
    Delta Memory :                               -
    Max Processes :                              3
    Max Threads :                                4
    Run time :                                   33 sec.
    Turnaround time :                            34 sec.

The output (if any) is above this job summary.

