Loading HpsEvent Library from /nfs/slac/g/hps3/software/hps-dst/build/lib/libHpsEvent.so
			Trident Selection Summary
******************************************************************************************
Number of Events:		0 			Traceback (most recent call last):
  File "tridentAnalysis_pass2.py", line 392, in <module>
    main()
  File "tridentAnalysis_pass2.py", line 378, in main
    print "Number of Events:\t\t",nEvents,"\t\t\t",float(nEvents)/nEvents,"\t\t\t",float(nEvents)/nEvents
ZeroDivisionError: float division by zero

------------------------------------------------------------
Sender: LSF System <lsf@hequ0118>
Subject: Job 489773: <python tridentAnalysis_pass2.py -o OutputHistograms/Data/pass2/hps_005642_09252015.root pass2-dst/hps_005642> in cluster <slac> Exited

Job <python tridentAnalysis_pass2.py -o OutputHistograms/Data/pass2/hps_005642_09252015.root pass2-dst/hps_005642> was submitted from host <rhel6-64k> by user <mgraham> in cluster <slac>.
Job was executed on host(s) <hequ0118>, in queue <long>, as user <mgraham> in cluster <slac>.
</u/br/mgraham> was used as the home directory.
</u/br/mgraham/hps3/analysis/tridents> was used as the working directory.
Started at Fri Sep 25 06:08:44 2015
Results reported on Fri Sep 25 06:08:57 2015

Your job looked like:

------------------------------------------------------------
# LSBATCH: User input
python tridentAnalysis_pass2.py -o OutputHistograms/Data/pass2/hps_005642_09252015.root pass2-dst/hps_005642
------------------------------------------------------------

Exited with exit code 1.

Resource usage summary:

    CPU time :                                   1.03 sec.
    Max Memory :                                 6 MB
    Average Memory :                             6.00 MB
    Total Requested Memory :                     -
    Delta Memory :                               -
    Max Swap :                                   295 MB
    Max Processes :                              3
    Max Threads :                                4
    Run time :                                   13 sec.
    Turnaround time :                            14 sec.

The output (if any) is above this job summary.

Loading HpsEvent Library from /nfs/slac/g/hps3/software/hps-dst/build/lib/libHpsEvent.so
			Trident Selection Summary
******************************************************************************************
Number of Events:		0 			Traceback (most recent call last):
  File "tridentAnalysis_pass2.py", line 392, in <module>
    main()
  File "tridentAnalysis_pass2.py", line 378, in main
    print "Number of Events:\t\t",nEvents,"\t\t\t",float(nEvents)/nEvents,"\t\t\t",float(nEvents)/nEvents
ZeroDivisionError: float division by zero

------------------------------------------------------------
Sender: LSF System <lsf@fell0158>
Subject: Job 500553: <python tridentAnalysis_pass2.py -o OutputHistograms/Data/pass2/hps_005642_09252015.root pass2-dst/hps_005642> in cluster <slac> Exited

Job <python tridentAnalysis_pass2.py -o OutputHistograms/Data/pass2/hps_005642_09252015.root pass2-dst/hps_005642> was submitted from host <rhel6-64k> by user <mgraham> in cluster <slac>.
Job was executed on host(s) <fell0158>, in queue <long>, as user <mgraham> in cluster <slac>.
</u/br/mgraham> was used as the home directory.
</u/br/mgraham/hps3/analysis/tridents> was used as the working directory.
Started at Fri Sep 25 06:50:32 2015
Results reported on Fri Sep 25 06:50:39 2015

Your job looked like:

------------------------------------------------------------
# LSBATCH: User input
python tridentAnalysis_pass2.py -o OutputHistograms/Data/pass2/hps_005642_09252015.root pass2-dst/hps_005642
------------------------------------------------------------

Exited with exit code 1.

Resource usage summary:

    CPU time :                                   1.50 sec.
    Max Memory :                                 99 MB
    Average Memory :                             57.00 MB
    Total Requested Memory :                     -
    Delta Memory :                               -
    Max Processes :                              3
    Max Threads :                                4
    Run time :                                   6 sec.
    Turnaround time :                            8 sec.

The output (if any) is above this job summary.

Loading HpsEvent Library from /nfs/slac/g/hps3/software/hps-dst/build/lib/libHpsEvent.so
			Trident Selection Summary
******************************************************************************************
Number of Events:		0 			Traceback (most recent call last):
  File "tridentAnalysis_pass2.py", line 393, in <module>
    main()
  File "tridentAnalysis_pass2.py", line 379, in main
    print "Number of Events:\t\t",nEvents,"\t\t\t",float(nEvents)/nEvents,"\t\t\t",float(nEvents)/nEvents
ZeroDivisionError: float division by zero

------------------------------------------------------------
Sender: LSF System <lsf@hequ0026>
Subject: Job 504889: <python tridentAnalysis_pass2.py -o OutputHistograms/Data/pass2/hps_005642_09252015.root pass2-dst/hps_005642> in cluster <slac> Exited

Job <python tridentAnalysis_pass2.py -o OutputHistograms/Data/pass2/hps_005642_09252015.root pass2-dst/hps_005642> was submitted from host <rhel6-64k> by user <mgraham> in cluster <slac>.
Job was executed on host(s) <hequ0026>, in queue <long>, as user <mgraham> in cluster <slac>.
</u/br/mgraham> was used as the home directory.
</u/br/mgraham/hps3/analysis/tridents> was used as the working directory.
Started at Fri Sep 25 07:08:12 2015
Results reported on Fri Sep 25 07:08:18 2015

Your job looked like:

------------------------------------------------------------
# LSBATCH: User input
python tridentAnalysis_pass2.py -o OutputHistograms/Data/pass2/hps_005642_09252015.root pass2-dst/hps_005642
------------------------------------------------------------

Exited with exit code 1.

Resource usage summary:

    CPU time :                                   0.81 sec.
    Max Memory :                                 28 MB
    Average Memory :                             28.00 MB
    Total Requested Memory :                     -
    Delta Memory :                               -
    Max Swap :                                   340 MB
    Max Processes :                              3
    Max Threads :                                4
    Run time :                                   6 sec.
    Turnaround time :                            7 sec.

The output (if any) is above this job summary.

Loading HpsEvent Library from /nfs/slac/g/hps3/software/hps-dst/build/lib/libHpsEvent.so
			Trident Selection Summary
******************************************************************************************
Number of Events:		0 			Traceback (most recent call last):
  File "tridentAnalysis_pass2.py", line 393, in <module>
    main()
  File "tridentAnalysis_pass2.py", line 379, in main
    print "Number of Events:\t\t",nEvents,"\t\t\t",float(nEvents)/nEvents,"\t\t\t",float(nEvents)/nEvents
ZeroDivisionError: float division by zero

------------------------------------------------------------
Sender: LSF System <lsf@fell0210>
Subject: Job 505036: <python tridentAnalysis_pass2.py -o OutputHistograms/Data/pass2/hps_005642_09252015.root pass2-dst/hps_005642> in cluster <slac> Exited

Job <python tridentAnalysis_pass2.py -o OutputHistograms/Data/pass2/hps_005642_09252015.root pass2-dst/hps_005642> was submitted from host <rhel6-64k> by user <mgraham> in cluster <slac>.
Job was executed on host(s) <fell0210>, in queue <long>, as user <mgraham> in cluster <slac>.
</u/br/mgraham> was used as the home directory.
</u/br/mgraham/hps3/analysis/tridents> was used as the working directory.
Started at Fri Sep 25 07:08:38 2015
Results reported on Fri Sep 25 07:08:40 2015

Your job looked like:

------------------------------------------------------------
# LSBATCH: User input
python tridentAnalysis_pass2.py -o OutputHistograms/Data/pass2/hps_005642_09252015.root pass2-dst/hps_005642
------------------------------------------------------------

Exited with exit code 1.

Resource usage summary:

    CPU time :                                   1.17 sec.
    Total Requested Memory :                     -
    Delta Memory :                               -
    Run time :                                   2 sec.
    Turnaround time :                            3 sec.

The output (if any) is above this job summary.

Loading HpsEvent Library from /nfs/slac/g/hps3/software/hps-dst/build/lib/libHpsEvent.so
			Trident Selection Summary
******************************************************************************************
Number of Events:		0 			Traceback (most recent call last):
  File "tridentAnalysis_pass2.py", line 393, in <module>
    main()
  File "tridentAnalysis_pass2.py", line 379, in main
    print "Number of Events:\t\t",nEvents,"\t\t\t",float(nEvents)/nEvents,"\t\t\t",float(nEvents)/nEvents
ZeroDivisionError: float division by zero

------------------------------------------------------------
Sender: LSF System <lsf@fell0073>
Subject: Job 507339: <python tridentAnalysis_pass2.py -o OutputHistograms/Data/pass2/hps_005642_09252015.root pass2-dst/hps_005642> in cluster <slac> Exited

Job <python tridentAnalysis_pass2.py -o OutputHistograms/Data/pass2/hps_005642_09252015.root pass2-dst/hps_005642> was submitted from host <rhel6-64k> by user <mgraham> in cluster <slac>.
Job was executed on host(s) <fell0073>, in queue <long>, as user <mgraham> in cluster <slac>.
</u/br/mgraham> was used as the home directory.
</u/br/mgraham/hps3/analysis/tridents> was used as the working directory.
Started at Fri Sep 25 07:16:17 2015
Results reported on Fri Sep 25 07:16:19 2015

Your job looked like:

------------------------------------------------------------
# LSBATCH: User input
python tridentAnalysis_pass2.py -o OutputHistograms/Data/pass2/hps_005642_09252015.root pass2-dst/hps_005642
------------------------------------------------------------

Exited with exit code 1.

Resource usage summary:

    CPU time :                                   1.26 sec.
    Max Memory :                                 34 MB
    Average Memory :                             5.00 MB
    Total Requested Memory :                     -
    Delta Memory :                               -
    Max Processes :                              3
    Max Threads :                                4
    Run time :                                   2 sec.
    Turnaround time :                            3 sec.

The output (if any) is above this job summary.

Loading HpsEvent Library from /nfs/slac/g/hps3/software/hps-dst/build/lib/libHpsEvent.so
			Trident Selection Summary
******************************************************************************************
Number of Events:		0 			Traceback (most recent call last):
  File "tridentAnalysis_pass2.py", line 393, in <module>
    main()
  File "tridentAnalysis_pass2.py", line 379, in main
    print "Number of Events:\t\t",nEvents,"\t\t\t",float(nEvents)/nEvents,"\t\t\t",float(nEvents)/nEvents
ZeroDivisionError: float division by zero

------------------------------------------------------------
Sender: LSF System <lsf@kiso0033>
Subject: Job 523378: <python tridentAnalysis_pass2.py -o OutputHistograms/Data/pass2/hps_005642_09252015.root pass2-dst/hps_005642> in cluster <slac> Exited

Job <python tridentAnalysis_pass2.py -o OutputHistograms/Data/pass2/hps_005642_09252015.root pass2-dst/hps_005642> was submitted from host <rhel6-64k> by user <mgraham> in cluster <slac>.
Job was executed on host(s) <kiso0033>, in queue <long>, as user <mgraham> in cluster <slac>.
</u/br/mgraham> was used as the home directory.
</u/br/mgraham/hps3/analysis/tridents> was used as the working directory.
Started at Fri Sep 25 08:16:17 2015
Results reported on Fri Sep 25 08:16:27 2015

Your job looked like:

------------------------------------------------------------
# LSBATCH: User input
python tridentAnalysis_pass2.py -o OutputHistograms/Data/pass2/hps_005642_09252015.root pass2-dst/hps_005642
------------------------------------------------------------

Exited with exit code 1.

Resource usage summary:

    CPU time :                                   1.33 sec.
    Max Memory :                                 69 MB
    Average Memory :                             15.00 MB
    Total Requested Memory :                     -
    Delta Memory :                               -
    Max Processes :                              3
    Max Threads :                                4
    Run time :                                   10 sec.
    Turnaround time :                            11 sec.

The output (if any) is above this job summary.

