[ HPS ANALYSIS ]:  Output file is OutputHistograms/Data/5772_hps__10022015.root
Loading HpsEvent Library from /nfs/slac/g/hps3/software/hps-dst/build/lib/libHpsEvent.so
[ HPS ANALYSIS ]: Reading in root chain from /nfs/slac/g/hps3/data/engrun2015/pass2/dst/v0.8.1_v3-3//5772/*hps_
			Trident Selection Summary
******************************************************************************************
Number of Events:		0 			Traceback (most recent call last):
  File "tridentAnalysis_pass2.py", line 397, in <module>
    main()
  File "tridentAnalysis_pass2.py", line 383, in main
    print "Number of Events:\t\t",nEvents,"\t\t\t",float(nEvents)/nEvents,"\t\t\t",float(nEvents)/nEvents
ZeroDivisionError: float division by zero

------------------------------------------------------------
Sender: LSF System <lsf@fell0169>
Subject: Job 370094: <python tridentAnalysis_pass2.py -o OutputHistograms/Data/5772_hps__10022015.root /nfs/slac/g/hps3/data/engrun2015/pass2/dst/v0.8.1_v3-3//5772/*hps_> in cluster <slac> Exited

Job <python tridentAnalysis_pass2.py -o OutputHistograms/Data/5772_hps__10022015.root /nfs/slac/g/hps3/data/engrun2015/pass2/dst/v0.8.1_v3-3//5772/*hps_> was submitted from host <rhel6-64j> by user <mgraham> in cluster <slac>.
Job was executed on host(s) <fell0169>, in queue <long>, as user <mgraham> in cluster <slac>.
</u/br/mgraham> was used as the home directory.
</u/br/mgraham/hps3/analysis/tridents> was used as the working directory.
Started at Fri Oct  2 13:33:21 2015
Results reported on Fri Oct  2 13:33:25 2015

Your job looked like:

------------------------------------------------------------
# LSBATCH: User input
python tridentAnalysis_pass2.py -o OutputHistograms/Data/5772_hps__10022015.root /nfs/slac/g/hps3/data/engrun2015/pass2/dst/v0.8.1_v3-3//5772/*hps_
------------------------------------------------------------

Exited with exit code 1.

Resource usage summary:

    CPU time :                                   1.08 sec.
    Max Memory :                                 91 MB
    Average Memory :                             85.00 MB
    Total Requested Memory :                     -
    Delta Memory :                               -
    Max Processes :                              3
    Max Threads :                                4
    Run time :                                   4 sec.
    Turnaround time :                            13 sec.

The output (if any) is above this job summary.

