[ HPS ANALYSIS ]:  Output file is OutputHistograms/MC/BH_HPS-EngRun2015-Nominal-v3-1-fieldmap_3.4.1_pass3_useGBL.root
[ HPS ANALYSIS ]: Setting to run as MC
Loading HpsEvent Library from /nfs/slac/g/hps3/software/hps-dst/build/lib/libHpsEvent.so
[ HPS ANALYSIS ]: Reading in root chain from /nfs/slac/g/hps3/data/engrun2015/pass3/mc/dst/BH/*HPS-EngRun2015-Nominal-v3-1-fieldmap_3.4.1
Event 10000
Event 20000
Event 30000
Event 40000
Event 50000
			Trident Selection Summary
******************************************************************************************
Number of Events:		56379 			1.0 			1.0
N(particle) Cuts:		27580 			0.489189237127 			0.489189237127
V0 Vertex   Cuts:		20624 			0.747788252357 			0.365809964703
Tracking    Cuts:		20186 			0.978762606672 			0.358041114599

------------------------------------------------------------
Sender: LSF System <lsf@neb-lsf0005.slac.stanford.edu>
Subject: Job 60656: <python tridentAnalysis_pass3.py -m True -o OutputHistograms/MC/BH_HPS-EngRun2015-Nominal-v3-1-fieldmap_3.4.1_pass3_useGBL.root /nfs/slac/g/hps3/data/engrun2015/pass3/mc/dst/BH/*HPS-EngRun2015-Nominal-v3-1-fieldmap_3.4.1> in cluster <slac> Done

Job <python tridentAnalysis_pass3.py -m True -o OutputHistograms/MC/BH_HPS-EngRun2015-Nominal-v3-1-fieldmap_3.4.1_pass3_useGBL.root /nfs/slac/g/hps3/data/engrun2015/pass3/mc/dst/BH/*HPS-EngRun2015-Nominal-v3-1-fieldmap_3.4.1> was submitted from host <rhel6-64h> by user <mgraham> in cluster <slac>.
Job was executed on host(s) <neb-lsf0005.slac.stanford.edu>, in queue <short>, as user <mgraham> in cluster <slac>.
</u/br/mgraham> was used as the home directory.
</u/br/mgraham/hps-analysis/tridents> was used as the working directory.
Started at Mon Oct 26 09:17:07 2015
Results reported on Mon Oct 26 09:17:59 2015

Your job looked like:

------------------------------------------------------------
# LSBATCH: User input
python tridentAnalysis_pass3.py -m True -o OutputHistograms/MC/BH_HPS-EngRun2015-Nominal-v3-1-fieldmap_3.4.1_pass3_useGBL.root /nfs/slac/g/hps3/data/engrun2015/pass3/mc/dst/BH/*HPS-EngRun2015-Nominal-v3-1-fieldmap_3.4.1
------------------------------------------------------------

Successfully completed.

Resource usage summary:

    CPU time :                                   40.37 sec.
    Max Memory :                                 70 MB
    Average Memory :                             42.50 MB
    Total Requested Memory :                     -
    Delta Memory :                               -
    Max Swap :                                   457 MB
    Max Processes :                              3
    Max Threads :                                4
    Run time :                                   52 sec.
    Turnaround time :                            53 sec.

The output (if any) is above this job summary.

