
------------------------------------------------------------
Sender: LSF System <lsf@neb-lsf0002.slac.stanford.edu>
Subject: Job 297139: <python tridentAnalysis_pass3.py -m True -o OutputHistograms/MC/BH_HPS-EngRun2015-Nominal-v3-1-fieldmap_3.4.1_pass3_slopeGT0pt3.root /nfs/slac/g/hps3/data/engrun2015/pass3/mc/dst/BH/*HPS-EngRun2015-Nominal-v3-1-fieldmap_3.4.1> in cluster <slac> Done

Job <python tridentAnalysis_pass3.py -m True -o OutputHistograms/MC/BH_HPS-EngRun2015-Nominal-v3-1-fieldmap_3.4.1_pass3_slopeGT0pt3.root /nfs/slac/g/hps3/data/engrun2015/pass3/mc/dst/BH/*HPS-EngRun2015-Nominal-v3-1-fieldmap_3.4.1> was submitted from host <rhel6-64c> by user <mgraham> in cluster <slac>.
Job was executed on host(s) <neb-lsf0002.slac.stanford.edu>, in queue <short>, as user <mgraham> in cluster <slac>.
</tmp/.lsbtmp7702> was used as the home directory.
</u/br/mgraham/hps-analysis/tridents> was used as the working directory.
Started at Wed Oct 21 20:00:44 2015
Results reported on Wed Oct 21 20:01:29 2015

Your job looked like:

------------------------------------------------------------
# LSBATCH: User input
python tridentAnalysis_pass3.py -m True -o OutputHistograms/MC/BH_HPS-EngRun2015-Nominal-v3-1-fieldmap_3.4.1_pass3_slopeGT0pt3.root /nfs/slac/g/hps3/data/engrun2015/pass3/mc/dst/BH/*HPS-EngRun2015-Nominal-v3-1-fieldmap_3.4.1
------------------------------------------------------------

Successfully completed.

Resource usage summary:

    CPU time :                                   38.31 sec.
    Max Memory :                                 68 MB
    Average Memory :                             62.00 MB
    Total Requested Memory :                     -
    Delta Memory :                               -
    Max Swap :                                   457 MB
    Max Processes :                              3
    Max Threads :                                4
    Run time :                                   45 sec.
    Turnaround time :                            51 sec.

The output (if any) is above this job summary.

[ HPS ANALYSIS ]:  Output file is OutputHistograms/MC/BH_HPS-EngRun2015-Nominal-v3-1-fieldmap_3.4.1_pass3_slopeGT0pt3.root
[ HPS ANALYSIS ]: Setting to run as MC
Loading HpsEvent Library from /nfs/slac/g/hps3/software/hps-dst/build/lib/libHpsEvent.so
[ HPS ANALYSIS ]: Reading in root chain from /nfs/slac/g/hps3/data/engrun2015/pass3/mc/dst/BH/*HPS-EngRun2015-Nominal-v3-1-fieldmap_3.4.1
Event 10000
Event 20000
Event 30000
Event 40000
Event 50000
			Trident Selection Summary
******************************************************************************************
Number of Events:		56379 			1.0 			1.0
N(particle) Cuts:		27580 			0.489189237127 			0.489189237127
V0 Vertex   Cuts:		20834 			0.755402465555 			0.369534755849
Tracking    Cuts:		4669 			0.224104828645 			0.082814523138

------------------------------------------------------------
Sender: LSF System <lsf@neb-lsf0004.slac.stanford.edu>
Subject: Job 297275: <python tridentAnalysis_pass3.py -m True -o OutputHistograms/MC/BH_HPS-EngRun2015-Nominal-v3-1-fieldmap_3.4.1_pass3_slopeGT0pt3.root /nfs/slac/g/hps3/data/engrun2015/pass3/mc/dst/BH/*HPS-EngRun2015-Nominal-v3-1-fieldmap_3.4.1> in cluster <slac> Done

Job <python tridentAnalysis_pass3.py -m True -o OutputHistograms/MC/BH_HPS-EngRun2015-Nominal-v3-1-fieldmap_3.4.1_pass3_slopeGT0pt3.root /nfs/slac/g/hps3/data/engrun2015/pass3/mc/dst/BH/*HPS-EngRun2015-Nominal-v3-1-fieldmap_3.4.1> was submitted from host <rhel6-64c> by user <mgraham> in cluster <slac>.
Job was executed on host(s) <neb-lsf0004.slac.stanford.edu>, in queue <short>, as user <mgraham> in cluster <slac>.
</tmp/.lsbtmp7702> was used as the home directory.
</u/br/mgraham/hps-analysis/tridents> was used as the working directory.
Started at Wed Oct 21 20:01:18 2015
Results reported on Wed Oct 21 20:02:03 2015

Your job looked like:

------------------------------------------------------------
# LSBATCH: User input
python tridentAnalysis_pass3.py -m True -o OutputHistograms/MC/BH_HPS-EngRun2015-Nominal-v3-1-fieldmap_3.4.1_pass3_slopeGT0pt3.root /nfs/slac/g/hps3/data/engrun2015/pass3/mc/dst/BH/*HPS-EngRun2015-Nominal-v3-1-fieldmap_3.4.1
------------------------------------------------------------

Successfully completed.

Resource usage summary:

    CPU time :                                   39.92 sec.
    Max Memory :                                 69 MB
    Average Memory :                             63.00 MB
    Total Requested Memory :                     -
    Delta Memory :                               -
    Max Swap :                                   457 MB
    Max Processes :                              3
    Max Threads :                                4
    Run time :                                   45 sec.
    Turnaround time :                            50 sec.

The output (if any) is above this job summary.

