[ HPS ANALYSIS ]:  Output file is OutputHistograms/MC/BH_HPS-EngRun2015-Nominal-v3-1-fieldmap_3.4.1_pass3_highESum.root
[ HPS ANALYSIS ]: Setting to run as MC
Loading HpsEvent Library from /nfs/slac/g/hps3/software/hps-dst/build/lib/libHpsEvent.so
[ HPS ANALYSIS ]: Reading in root chain from /nfs/slac/g/hps3/data/engrun2015/pass3/mc/dst/BH/*HPS-EngRun2015-Nominal-v3-1-fieldmap_3.4.1
Event 10000
Event 20000
Event 30000
Event 40000
Event 50000
			Trident Selection Summary
******************************************************************************************
Number of Events:		56379 			1.0 			1.0
N(particle) Cuts:		27580 			0.489189237127 			0.489189237127
V0 Vertex   Cuts:		7095 			0.257251631617 			0.125844729421
Tracking    Cuts:		6998 			0.986328400282 			0.124124230653

------------------------------------------------------------
Sender: LSF System <lsf@neb-lsf0002.slac.stanford.edu>
Subject: Job 80977: <python tridentAnalysis_pass3.py -m True -o OutputHistograms/MC/BH_HPS-EngRun2015-Nominal-v3-1-fieldmap_3.4.1_pass3_highESum.root /nfs/slac/g/hps3/data/engrun2015/pass3/mc/dst/BH/*HPS-EngRun2015-Nominal-v3-1-fieldmap_3.4.1> in cluster <slac> Done

Job <python tridentAnalysis_pass3.py -m True -o OutputHistograms/MC/BH_HPS-EngRun2015-Nominal-v3-1-fieldmap_3.4.1_pass3_highESum.root /nfs/slac/g/hps3/data/engrun2015/pass3/mc/dst/BH/*HPS-EngRun2015-Nominal-v3-1-fieldmap_3.4.1> was submitted from host <rhel6-64j> by user <mgraham> in cluster <slac>.
Job was executed on host(s) <neb-lsf0002.slac.stanford.edu>, in queue <short>, as user <mgraham> in cluster <slac>.
</tmp/.lsbtmp7702> was used as the home directory.
</u/br/mgraham/hps-analysis/tridents> was used as the working directory.
Started at Wed Oct 21 06:40:49 2015
Results reported on Wed Oct 21 06:41:37 2015

Your job looked like:

------------------------------------------------------------
# LSBATCH: User input
python tridentAnalysis_pass3.py -m True -o OutputHistograms/MC/BH_HPS-EngRun2015-Nominal-v3-1-fieldmap_3.4.1_pass3_highESum.root /nfs/slac/g/hps3/data/engrun2015/pass3/mc/dst/BH/*HPS-EngRun2015-Nominal-v3-1-fieldmap_3.4.1
------------------------------------------------------------

Successfully completed.

Resource usage summary:

    CPU time :                                   38.40 sec.
    Max Memory :                                 68 MB
    Average Memory :                             48.50 MB
    Total Requested Memory :                     -
    Delta Memory :                               -
    Max Swap :                                   457 MB
    Max Processes :                              3
    Max Threads :                                4
    Run time :                                   48 sec.
    Turnaround time :                            51 sec.

The output (if any) is above this job summary.

