[ HPS ANALYSIS ]:  Output file is OutputHistograms/MC/BH_HPS-EngRun2015-Nominal-v3_10022015_BeamEle0pt8_ECal_GBL_v0Mom_slopeGT0pt2.root
[ HPS ANALYSIS ]: Setting to run as MC
Loading HpsEvent Library from /nfs/slac/g/hps3/software/hps-dst/build/lib/libHpsEvent.so
[ HPS ANALYSIS ]: Reading in root chain from /nfs/slac/g/hps3/data/engrun2015/pass2/mc/dst/BH/*HPS-EngRun2015-Nominal-v3
Event 10000
Event 20000
Event 30000
Event 40000
Event 50000
Event 60000
Event 70000
Event 80000
Event 90000
Event 100000
			Trident Selection Summary
******************************************************************************************
Number of Events:		109377 			1.0 			1.0
N(particle) Cuts:		54301 			0.49645720764 			0.49645720764
V0 Vertex   Cuts:		35333 			0.650687832637 			0.323038664436
Tracking    Cuts:		22308 			0.631364446834 			0.203955127678

------------------------------------------------------------
Sender: LSF System <lsf@fell0066>
Subject: Job 472588: <python tridentAnalysis_pass2.py -m True -o OutputHistograms/MC/BH_HPS-EngRun2015-Nominal-v3_10022015_BeamEle0pt8_ECal_GBL_v0Mom_slopeGT0pt2.root /nfs/slac/g/hps3/data/engrun2015/pass2/mc/dst/BH/*HPS-EngRun2015-Nominal-v3> in cluster <slac> Done

Job <python tridentAnalysis_pass2.py -m True -o OutputHistograms/MC/BH_HPS-EngRun2015-Nominal-v3_10022015_BeamEle0pt8_ECal_GBL_v0Mom_slopeGT0pt2.root /nfs/slac/g/hps3/data/engrun2015/pass2/mc/dst/BH/*HPS-EngRun2015-Nominal-v3> was submitted from host <rhel6-64h> by user <mgraham> in cluster <slac>.
Job was executed on host(s) <fell0066>, in queue <long>, as user <mgraham> in cluster <slac>.
</u/br/mgraham> was used as the home directory.
</u/br/mgraham/hps3/analysis/tridents> was used as the working directory.
Started at Mon Oct 12 10:06:38 2015
Results reported on Mon Oct 12 10:07:20 2015

Your job looked like:

------------------------------------------------------------
# LSBATCH: User input
python tridentAnalysis_pass2.py -m True -o OutputHistograms/MC/BH_HPS-EngRun2015-Nominal-v3_10022015_BeamEle0pt8_ECal_GBL_v0Mom_slopeGT0pt2.root /nfs/slac/g/hps3/data/engrun2015/pass2/mc/dst/BH/*HPS-EngRun2015-Nominal-v3
------------------------------------------------------------

Successfully completed.

Resource usage summary:

    CPU time :                                   34.07 sec.
    Max Memory :                                 230 MB
    Average Memory :                             110.50 MB
    Total Requested Memory :                     -
    Delta Memory :                               -
    Max Processes :                              3
    Max Threads :                                4
    Run time :                                   41 sec.
    Turnaround time :                            44 sec.

The output (if any) is above this job summary.

