[ HPS ANALYSIS ]:  Output file is OutputHistograms/MC/BH_HPS-EngRun2015-Nominal-v3_10022015_RequireClusters.root
[ HPS ANALYSIS ]: Setting to run as MC
Loading HpsEvent Library from /nfs/slac/g/hps3/software/hps-dst/build/lib/libHpsEvent.so
[ HPS ANALYSIS ]: Reading in root chain from /nfs/slac/g/hps3/data/engrun2015/pass2/mc/dst/BH/*HPS-EngRun2015-Nominal-v3
Event 10000
Event 20000
Event 30000
Event 40000
Event 50000
Event 60000
Event 70000
Event 80000
Event 90000
Event 100000
			Trident Selection Summary
******************************************************************************************
Number of Events:		109377 			1.0 			1.0
N(particle) Cuts:		54301 			0.49645720764 			0.49645720764
V0 Vertex   Cuts:		35333 			0.650687832637 			0.323038664436
Tracking    Cuts:		29490 			0.834630515382 			0.269617926986

------------------------------------------------------------
Sender: LSF System <lsf@fell0159>
Subject: Job 35321: <python tridentAnalysis_pass2.py -m True -o OutputHistograms/MC/BH_HPS-EngRun2015-Nominal-v3_10022015_RequireClusters.root /nfs/slac/g/hps3/data/engrun2015/pass2/mc/dst/BH/*HPS-EngRun2015-Nominal-v3> in cluster <slac> Done

Job <python tridentAnalysis_pass2.py -m True -o OutputHistograms/MC/BH_HPS-EngRun2015-Nominal-v3_10022015_RequireClusters.root /nfs/slac/g/hps3/data/engrun2015/pass2/mc/dst/BH/*HPS-EngRun2015-Nominal-v3> was submitted from host <rhel6-64f> by user <mgraham> in cluster <slac>.
Job was executed on host(s) <fell0159>, in queue <long>, as user <mgraham> in cluster <slac>.
</u/br/mgraham> was used as the home directory.
</u/br/mgraham/hps3/analysis/tridents> was used as the working directory.
Started at Thu Oct  8 21:34:05 2015
Results reported on Thu Oct  8 21:34:45 2015

Your job looked like:

------------------------------------------------------------
# LSBATCH: User input
python tridentAnalysis_pass2.py -m True -o OutputHistograms/MC/BH_HPS-EngRun2015-Nominal-v3_10022015_RequireClusters.root /nfs/slac/g/hps3/data/engrun2015/pass2/mc/dst/BH/*HPS-EngRun2015-Nominal-v3
------------------------------------------------------------

Successfully completed.

Resource usage summary:

    CPU time :                                   33.75 sec.
    Max Memory :                                 260 MB
    Average Memory :                             158.00 MB
    Total Requested Memory :                     -
    Delta Memory :                               -
    Max Processes :                              3
    Max Threads :                                4
    Run time :                                   40 sec.
    Turnaround time :                            50 sec.

The output (if any) is above this job summary.

