TStreamerInfo::BuildCheck:0: RuntimeWarning: 
   The StreamerInfo of class HpsEvent read from file /nfs/slac/g/hps3/data/engrun2015/pass4/mc/dst/BH/FIXEDJAR_BHv1_HPS-EngRun2015-Nominal-v3-4-fieldmap_3.5-20160124.015630-32_pairs1_1.root
   has the same version (=1) as the active class but a different checksum.
   You should update the version to ClassDef(HpsEvent,2).
   Do not try to write objects with the current class definition,
   the files will not be readable.

TStreamerInfo::CompareContent:0: RuntimeWarning: The following data member of
the in-memory layout version 1 of class 'HpsEvent' is missing from 
the on-file layout version 1:
   double rf_times; //
TStreamerInfo::CompareContent:0: RuntimeWarning: The following data member of
the in-memory layout version 1 of class 'HpsEvent' is missing from 
the on-file layout version 1:
   int event_number; //
TStreamerInfo::CompareContent:0: RuntimeWarning: The following data member of
the in-memory layout version 1 of class 'HpsEvent' is missing from 
the on-file layout version 1:
   long event_time; //
TStreamerInfo::CompareContent:0: RuntimeWarning: The following data member of
the in-memory layout version 1 of class 'HpsEvent' is missing from 
the on-file layout version 1:
   int pair0_trigger; //
TStreamerInfo::CompareContent:0: RuntimeWarning: The following data member of
the in-memory layout version 1 of class 'HpsEvent' is missing from 
the on-file layout version 1:
   int pair1_trigger; //
TStreamerInfo::CompareContent:0: RuntimeWarning: The following data member of
the in-memory layout version 1 of class 'HpsEvent' is missing from 
the on-file layout version 1:
   int pulser_trigger; //
TStreamerInfo::CompareContent:0: RuntimeWarning: The following data member of
the in-memory layout version 1 of class 'HpsEvent' is missing from 
the on-file layout version 1:
   int run_number; //
TStreamerInfo::CompareContent:0: RuntimeWarning: The following data member of
the in-memory layout version 1 of class 'HpsEvent' is missing from 
the on-file layout version 1:
   int single0_trigger; //
TStreamerInfo::CompareContent:0: RuntimeWarning: The following data member of
the in-memory layout version 1 of class 'HpsEvent' is missing from 
the on-file layout version 1:
   int single1_trigger; //
TStreamerInfo::CompareContent:0: RuntimeWarning: The following data member of
the in-memory layout version 1 of class 'HpsEvent' is missing from 
the on-file layout version 1:
   int svt_bias_state; //
TStreamerInfo::CompareContent:0: RuntimeWarning: The following data member of
the in-memory layout version 1 of class 'HpsEvent' is missing from 
the on-file layout version 1:
   int svt_burstmode_noise; //
TStreamerInfo::CompareContent:0: RuntimeWarning: The following data member of
the in-memory layout version 1 of class 'HpsEvent' is missing from 
the on-file layout version 1:
   int svt_event_header_state; //
TStreamerInfo::CompareContent:0: RuntimeWarning: The following data member of
the in-memory layout version 1 of class 'HpsEvent' is missing from 
the on-file layout version 1:
   int svt_latency_state; //
TStreamerInfo::CompareContent:0: RuntimeWarning: The following data member of
the in-memory layout version 1 of class 'HpsEvent' is missing from 
the on-file layout version 1:
   int svt_position_state; //
TStreamerInfo::CompareContent:0: RuntimeWarning: The following data member of
the in-memory layout version 1 of class 'HpsEvent' is missing from 
the on-file layout version 1:
   int n_tracks; //
TStreamerInfo::CompareContent:0: RuntimeWarning: The following data member of
the in-memory layout version 1 of class 'HpsEvent' is missing from 
the on-file layout version 1:
   int n_gbl_tracks; //
TStreamerInfo::CompareContent:0: RuntimeWarning: The following data member of
the in-memory layout version 1 of class 'HpsEvent' is missing from 
the on-file layout version 1:
   int n_svt_hits; //
TStreamerInfo::CompareContent:0: RuntimeWarning: The following data member of
the in-memory layout version 1 of class 'HpsEvent' is missing from 
the on-file layout version 1:
   int n_ecal_clusters; //
TStreamerInfo::CompareContent:0: RuntimeWarning: The following data member of
the in-memory layout version 1 of class 'HpsEvent' is missing from 
the on-file layout version 1:
   int n_ecal_hits; //
TStreamerInfo::CompareContent:0: RuntimeWarning: The following data member of
the in-memory layout version 1 of class 'HpsEvent' is missing from 
the on-file layout version 1:
   int n_fs_particles; //
TStreamerInfo::CompareContent:0: RuntimeWarning: The following data member of
the in-memory layout version 1 of class 'HpsEvent' is missing from 
the on-file layout version 1:
   int n_uc_v0_candidates; //
TStreamerInfo::CompareContent:0: RuntimeWarning: The following data member of
the in-memory layout version 1 of class 'HpsEvent' is missing from 
the on-file layout version 1:
   int n_uc_moller_candidates; //
TStreamerInfo::CompareContent:0: RuntimeWarning: The following data member of
the in-memory layout version 1 of class 'HpsEvent' is missing from 
the on-file layout version 1:
   int n_bsc_v0_candidates; //
TStreamerInfo::CompareContent:0: RuntimeWarning: The following data member of
the in-memory layout version 1 of class 'HpsEvent' is missing from 
the on-file layout version 1:
   int n_bsc_moller_candidates; //
TStreamerInfo::CompareContent:0: RuntimeWarning: The following data member of
the in-memory layout version 1 of class 'HpsEvent' is missing from 
the on-file layout version 1:
   int n_tc_v0_candidates; //
TStreamerInfo::CompareContent:0: RuntimeWarning: The following data member of
the in-memory layout version 1 of class 'HpsEvent' is missing from 
the on-file layout version 1:
   int n_tc_moller_candidates; //
TStreamerInfo::CompareContent:0: RuntimeWarning: The following data member of
the in-memory layout version 1 of class 'HpsEvent' is missing from 
the on-file layout version 1:
   int n_mc_particles; //
TStreamerInfo::BuildCheck:0: RuntimeWarning: 
   The StreamerInfo of class HpsParticle read from file /nfs/slac/g/hps3/data/engrun2015/pass4/mc/dst/BH/FIXEDJAR_BHv1_HPS-EngRun2015-Nominal-v3-4-fieldmap_3.5-20160124.015630-32_pairs1_1.root
   has the same version (=1) as the active class but a different checksum.
   You should update the version to ClassDef(HpsParticle,2).
   Do not try to write objects with the current class definition,
   the files will not be readable.

TStreamerInfo::CompareContent:0: RuntimeWarning: The following data member of
the in-memory layout version 1 of class 'HpsParticle' is missing from 
the on-file layout version 1:
   double goodness_pid; //
TStreamerInfo::CompareContent:0: RuntimeWarning: The following data member of
the in-memory layout version 1 of class 'HpsParticle' is missing from 
the on-file layout version 1:
   double px; //
TStreamerInfo::CompareContent:0: RuntimeWarning: The following data member of
the in-memory layout version 1 of class 'HpsParticle' is missing from 
the on-file layout version 1:
   double py; //
TStreamerInfo::CompareContent:0: RuntimeWarning: The following data member of
the in-memory layout version 1 of class 'HpsParticle' is missing from 
the on-file layout version 1:
   double pz; //
TStreamerInfo::CompareContent:0: RuntimeWarning: The following data member of
the in-memory layout version 1 of class 'HpsParticle' is missing from 
the on-file layout version 1:
   double vtx_x; //
TStreamerInfo::CompareContent:0: RuntimeWarning: The following data member of
the in-memory layout version 1 of class 'HpsParticle' is missing from 
the on-file layout version 1:
   double vtx_y; //
TStreamerInfo::CompareContent:0: RuntimeWarning: The following data member of
the in-memory layout version 1 of class 'HpsParticle' is missing from 
the on-file layout version 1:
   double vtx_z; //
TStreamerInfo::CompareContent:0: RuntimeWarning: The following data member of
the in-memory layout version 1 of class 'HpsParticle' is missing from 
the on-file layout version 1:
   double vtx_fit_chi2; //
TStreamerInfo::CompareContent:0: RuntimeWarning: The following data member of
the in-memory layout version 1 of class 'HpsParticle' is missing from 
the on-file layout version 1:
   double energy; //
TStreamerInfo::CompareContent:0: RuntimeWarning: The following data member of
the in-memory layout version 1 of class 'HpsParticle' is missing from 
the on-file layout version 1:
   double mass; //
TStreamerInfo::BuildCheck:0: RuntimeWarning: 
   The StreamerInfo of class GblTrack read from file /nfs/slac/g/hps3/data/engrun2015/pass4/mc/dst/BH/FIXEDJAR_BHv1_HPS-EngRun2015-Nominal-v3-4-fieldmap_3.5-20160124.015630-32_pairs1_1.root
   has the same version (=1) as the active class but a different checksum.
   You should update the version to ClassDef(GblTrack,2).
   Do not try to write objects with the current class definition,
   the files will not be readable.

TStreamerInfo::CompareContent:0: RuntimeWarning: One base class of the on-file layout version 1 and of the in memory layout version 1 for 'GblTrack' is different: 'SvtTrack' vs 'TObject'
TStreamerInfo::CompareContent:0: RuntimeWarning: The following data member of
the in-memory layout version 1 of class 'GblTrack' is missing from 
the on-file layout version 1:
   double lambda_kinks; //
TStreamerInfo::CompareContent:0: RuntimeWarning: The following data member of
the in-memory layout version 1 of class 'GblTrack' is missing from 
the on-file layout version 1:
   double phi_kinks; //
[ HPS ANALYSIS ]:  Output file is OutputHistograms/MC/BH_HPS-EngRun2015-Nominal-v3-4_pass4_killTracks.root
[ HPS ANALYSIS ]: Setting to run as MC
Loading HpsEvent Library from /nfs/slac/g/hps3/software/hps-dst/build/lib/libHpsEvent.so
[ HPS ANALYSIS ]: Reading in root chain from /nfs/slac/g/hps3/data/engrun2015/pass4/mc/dst/BH/*HPS-EngRun2015-Nominal-v3-4
Rotation Matrix:  
[[ 0.99953491  0.         -0.03049527]
 [ 0.          1.          0.        ]
 [ 0.03049527  0.          0.99953491]]
Event 10000
Event 20000
Event 30000
Event 40000
Event 50000
			Trident Selection Summary
******************************************************************************************
Number of Events:		55176 			1.0 			1.0
N(particle) Cuts:		29128 			0.527910685805 			0.527910685805
V0 Vertex   Cuts:		22386 			0.76853886295 			0.405719878208
Tracking    Cuts:		19999 			0.893370856785 			0.36245831521

------------------------------------------------------------
Sender: LSF System <lsf@hequ0107>
Subject: Job 295900: <python tridentAnalysis_pass4.py -m True -o OutputHistograms/MC/BH_HPS-EngRun2015-Nominal-v3-4_pass4_killTracks.root /nfs/slac/g/hps3/data/engrun2015/pass4/mc/dst/BH/*HPS-EngRun2015-Nominal-v3-4> in cluster <slac> Done

Job <python tridentAnalysis_pass4.py -m True -o OutputHistograms/MC/BH_HPS-EngRun2015-Nominal-v3-4_pass4_killTracks.root /nfs/slac/g/hps3/data/engrun2015/pass4/mc/dst/BH/*HPS-EngRun2015-Nominal-v3-4> was submitted from host <rhel6-64m> by user <mgraham> in cluster <slac>.
Job was executed on host(s) <hequ0107>, in queue <long>, as user <mgraham> in cluster <slac>.
</u/br/mgraham> was used as the home directory.
</u/br/mgraham/hps-analysis/tridents> was used as the working directory.
Started at Wed Feb  3 11:34:14 2016
Results reported on Wed Feb  3 11:34:48 2016

Your job looked like:

------------------------------------------------------------
# LSBATCH: User input
python tridentAnalysis_pass4.py -m True -o OutputHistograms/MC/BH_HPS-EngRun2015-Nominal-v3-4_pass4_killTracks.root /nfs/slac/g/hps3/data/engrun2015/pass4/mc/dst/BH/*HPS-EngRun2015-Nominal-v3-4
------------------------------------------------------------

Successfully completed.

Resource usage summary:

    CPU time :                                   28.00 sec.
    Max Memory :                                 69 MB
    Average Memory :                             22.00 MB
    Total Requested Memory :                     -
    Delta Memory :                               -
    Max Swap :                                   467 MB
    Max Processes :                              3
    Max Threads :                                4
    Run time :                                   33 sec.
    Turnaround time :                            35 sec.

The output (if any) is above this job summary.

