Event 10000
Event 20000
Event 30000
Event 40000
Event 50000
Event 60000
Event 70000
Event 80000
Event 90000
Event 100000
Event 110000
Event 120000
Event 130000
Event 140000
Event 150000
Event 160000
Event 170000
Event 180000
Event 190000
Event 200000
Event 210000
Event 220000
Event 230000
Event 240000
Event 250000
Event 260000
Event 270000
Event 280000
Event 290000
Event 300000
Event 310000
Event 320000
Event 330000
Event 340000
Event 350000
Event 360000
Event 370000
Event 380000
Event 390000
Event 400000
Event 410000
Event 420000
Event 430000
Event 440000
Event 450000
Event 460000
Event 470000
Event 480000
Event 490000
Event 500000
Event 510000
Event 520000
Event 530000
Event 540000
Event 550000
Event 560000
Event 570000
Event 580000
Event 590000
Event 600000
Event 610000
Event 620000
Event 630000
Event 640000
Event 650000
Event 660000
Event 670000
Event 680000
Event 690000
Event 700000
Event 710000
Event 720000
Event 730000
Event 740000
Event 750000
Event 760000
Event 770000
Event 780000
Event 790000
Event 800000
Event 810000
Event 820000
Event 830000
Event 840000
Event 850000
Event 860000
Event 870000
Event 880000
Event 890000
Event 900000
Event 910000
Event 920000
Event 930000
Event 940000
Event 950000
Event 960000
Event 970000
Event 980000
Event 990000
Event 1000000
Event 1010000
Event 1020000
Event 1030000
Event 1040000
Event 1050000
Event 1060000
Event 1070000
Event 1080000
Event 1090000
Event 1100000
Event 1110000
Event 1120000
Event 1130000
Event 1140000
Event 1150000
Event 1160000
Event 1170000
Event 1180000
Event 1190000
Event 1200000
Event 1210000
Event 1220000
Event 1230000
Event 1240000
Event 1250000
Event 1260000
Event 1270000
Event 1280000
Event 1290000
Event 1300000
Event 1310000
Event 1320000
Event 1330000
Event 1340000
Event 1350000
Event 1360000
Event 1370000
Event 1380000
Event 1390000
Event 1400000
Event 1410000
Event 1420000
Event 1430000
Event 1440000
Event 1450000
Event 1460000
Event 1470000
Event 1480000
Event 1490000
Event 1500000
Event 1510000
Event 1520000
Event 1530000
Event 1540000
Event 1550000
Event 1560000
Event 1570000
Event 1580000
Event 1590000
Event 1600000
Event 1610000
Event 1620000
Event 1630000
Event 1640000
Event 1650000
Event 1660000
Event 1670000
Event 1680000
Event 1690000
Event 1700000
Event 1710000
Event 1720000
Event 1730000
Event 1740000
Event 1750000
Event 1760000
Event 1770000
Event 1780000
Event 1790000
Event 1800000
Event 1810000
Event 1820000
Event 1830000
Event 1840000
Event 1850000
Event 1860000
Event 1870000
Event 1880000
Event 1890000
Event 1900000
Event 1910000
Event 1920000
Event 1930000
Event 1940000
Event 1950000
Event 1960000
Event 1970000
Event 1980000
Event 1990000
Event 2000000
Event 2010000
Event 2020000
Event 2030000
Event 2040000
Event 2050000
Event 2060000
Event 2070000
Event 2080000
Event 2090000
Event 2100000
Event 2110000
Event 2120000
Event 2130000
Event 2140000
Event 2150000
Event 2160000
Event 2170000
Event 2180000
Event 2190000
Event 2200000
Event 2210000
Event 2220000
Event 2230000
Event 2240000
Event 2250000
Event 2260000
Event 2270000
Event 2280000
Event 2290000
Event 2300000
Event 2310000
Event 2320000
Event 2330000
Event 2340000
Event 2350000
Event 2360000
Event 2370000
Event 2380000
Event 2390000
Event 2400000
Event 2410000
Event 2420000
Event 2430000
Event 2440000
Event 2450000
Event 2460000
Event 2470000
Event 2480000
Event 2490000
Event 2500000
Event 2510000
Event 2520000
Event 2530000
Event 2540000
Event 2550000
Event 2560000
Event 2570000
Event 2580000
Event 2590000
Event 2600000
Event 2610000
Event 2620000
Event 2630000
Event 2640000
Event 2650000
Event 2660000
Event 2670000
Event 2680000
Event 2690000
Event 2700000
Event 2710000
Event 2720000
Event 2730000
Event 2740000
Event 2750000
Event 2760000
Event 2770000
Event 2780000
Event 2790000
Event 2800000
Event 2810000
Event 2820000
Event 2830000
Event 2840000
Event 2850000
Event 2860000
Event 2870000
Event 2880000
Event 2890000
Event 2900000
Event 2910000
Event 2920000
Event 2930000
Event 2940000
Event 2950000
Event 2960000
Event 2970000
Event 2980000
Event 2990000
Event 3000000
Event 3010000
Event 3020000
Event 3030000
Event 3040000
Event 3050000
Event 3060000
Event 3070000
Event 3080000
Event 3090000
Event 3100000
Event 3110000
Event 3120000
Event 3130000
Event 3140000
Event 3150000
Event 3160000
Event 3170000
Event 3180000
Event 3190000
Event 3200000
Event 3210000
Event 3220000
Event 3230000
Event 3240000
Event 3250000
Event 3260000
Event 3270000
Event 3280000
Event 3290000
Event 3300000
Event 3310000
Event 3320000
Event 3330000
Event 3340000
Event 3350000
Event 3360000
Event 3370000
Event 3380000
Event 3390000
Event 3400000
Event 3410000
Event 3420000
Event 3430000
Event 3440000
Event 3450000
Event 3460000
Event 3470000
Event 3480000
Event 3490000
Event 3500000
Event 3510000
Event 3520000
Event 3530000
Event 3540000
Event 3550000
Event 3560000
Event 3570000
Event 3580000
Event 3590000
Event 3600000
Event 3610000
Event 3620000
Event 3630000
Event 3640000
Event 3650000
Event 3660000
Event 3670000
Event 3680000
Event 3690000
Event 3700000
Event 3710000
Event 3720000
Event 3730000
Event 3740000
Event 3750000
Event 3760000
Event 3770000
Event 3780000
Event 3790000
Event 3800000
Event 3810000
Event 3820000
Event 3830000
Event 3840000
Event 3850000
Event 3860000
Event 3870000
Event 3880000
Event 3890000
Event 3900000
Event 3910000
Event 3920000
Event 3930000
Event 3940000
Event 3950000
Event 3960000
Event 3970000
Event 3980000
Event 3990000
Event 4000000
Event 4010000
Event 4020000
Event 4030000
Event 4040000
Event 4050000
Event 4060000
Event 4070000
Event 4080000
Event 4090000
Event 4100000
Event 4110000
Event 4120000
Event 4130000
Event 4140000
Event 4150000
Event 4160000
Event 4170000
Event 4180000
Event 4190000
Event 4200000
Event 4210000
Event 4220000
Event 4230000
Event 4240000
Event 4250000
Event 4260000
Event 4270000
Event 4280000
Event 4290000
Event 4300000
Event 4310000
Event 4320000
Event 4330000
Event 4340000
Event 4350000
Event 4360000
Event 4370000
Event 4380000
Event 4390000
Event 4400000
Event 4410000
Event 4420000
Event 4430000
Event 4440000
Event 4450000
Event 4460000
Event 4470000
Event 4480000
Event 4490000
Event 4500000
Event 4510000
Event 4520000
Event 4530000
Event 4540000
Event 4550000
Event 4560000
Event 4570000
Event 4580000
Event 4590000
Event 4600000
Event 4610000
Event 4620000
Event 4630000
Event 4640000
Event 4650000
Event 4660000
Event 4670000
Event 4680000
Event 4690000
Event 4700000
Event 4710000
Event 4720000
Event 4730000
Event 4740000
Event 4750000
Event 4760000
Event 4770000
Event 4780000
Event 4790000
Event 4800000
Event 4810000
Event 4820000
Event 4830000
Event 4840000
Event 4850000
Event 4860000
Event 4870000
Event 4880000
Event 4890000
Event 4900000
Event 4910000
Event 4920000
Event 4930000
Event 4940000
Event 4950000
Event 4960000
Event 4970000
Event 4980000
Event 4990000
Event 5000000
Event 5010000
Event 5020000
Event 5030000
Event 5040000
Event 5050000
Event 5060000
Event 5070000
Event 5080000
Event 5090000
Event 5100000
Event 5110000
Event 5120000
Event 5130000
Event 5140000
Event 5150000
Event 5160000
Event 5170000
Event 5180000
Event 5190000
Event 5200000
Event 5210000
Event 5220000
Event 5230000
Event 5240000
Event 5250000
Event 5260000
Event 5270000
Event 5280000
Event 5290000
Event 5300000
Event 5310000
Event 5320000
Event 5330000
Event 5340000
Event 5350000
Event 5360000
Event 5370000
Event 5380000
Event 5390000
Event 5400000
Event 5410000
Event 5420000
Event 5430000
Event 5440000
Event 5450000
Event 5460000
Event 5470000
Event 5480000
Event 5490000
Event 5500000
Event 5510000
Event 5520000
Event 5530000
Event 5540000
Event 5550000
Event 5560000
Event 5570000
Event 5580000
Event 5590000
Event 5600000
Event 5610000
Event 5620000
Event 5630000
Event 5640000
Event 5650000
Event 5660000
Event 5670000
Event 5680000
Event 5690000
Event 5700000
Event 5710000
Event 5720000
Event 5730000
Event 5740000
Event 5750000
Event 5760000
Event 5770000
Event 5780000
Event 5790000
Event 5800000
Event 5810000
Event 5820000
Event 5830000
Event 5840000
Event 5850000
Event 5860000
Event 5870000
Event 5880000
Event 5890000
Event 5900000
Event 5910000
Event 5920000
Event 5930000
Event 5940000
Event 5950000
Event 5960000
Event 5970000
Event 5980000
Event 5990000
Event 6000000
Event 6010000
Event 6020000
Event 6030000
Event 6040000
Event 6050000
Event 6060000
Event 6070000
Event 6080000
Event 6090000
Event 6100000
Event 6110000
Event 6120000
Event 6130000
Event 6140000
Event 6150000
Event 6160000
Event 6170000
Event 6180000
Event 6190000
Event 6200000
Event 6210000
Event 6220000
Event 6230000
Event 6240000
Event 6250000
Event 6260000
Event 6270000
Event 6280000
Event 6290000
Event 6300000
Event 6310000
Event 6320000
Event 6330000
Event 6340000
Event 6350000
Event 6360000
Event 6370000
Event 6380000
Event 6390000
Event 6400000
Event 6410000
Event 6420000
Event 6430000
Event 6440000
Event 6450000
Event 6460000
Event 6470000
Event 6480000
Event 6490000
Event 6500000
Event 6510000
Event 6520000
Event 6530000
Event 6540000
Event 6550000
Event 6560000
Event 6570000
Event 6580000
Event 6590000
Event 6600000
Event 6610000
Event 6620000
Event 6630000
Event 6640000
Event 6650000
Event 6660000
Event 6670000
Event 6680000
Event 6690000
Event 6700000
Event 6710000
Event 6720000
Event 6730000
Event 6740000
Event 6750000
Event 6760000
Event 6770000
Event 6780000
Event 6790000
Event 6800000
Event 6810000
Event 6820000
Event 6830000
Event 6840000
Event 6850000
Event 6860000
Event 6870000
Event 6880000
Event 6890000
Event 6900000
Event 6910000
Event 6920000
Event 6930000
Event 6940000
Event 6950000
Event 6960000
Event 6970000
Event 6980000
Event 6990000
Event 7000000
Event 7010000
Event 7020000
Event 7030000
Event 7040000
Event 7050000
Event 7060000
Event 7070000
Event 7080000
Event 7090000
Event 7100000
Event 7110000
Event 7120000
Event 7130000
Event 7140000
Event 7150000
Event 7160000
Event 7170000
Event 7180000
Event 7190000
Event 7200000
Event 7210000
Event 7220000
Event 7230000
Event 7240000
Event 7250000
Event 7260000
Event 7270000
Event 7280000
Event 7290000
Event 7300000
Event 7310000
Event 7320000
Event 7330000
Event 7340000
Event 7350000
Event 7360000
Event 7370000
Event 7380000
Event 7390000
Event 7400000
Event 7410000
Event 7420000
Event 7430000
Event 7440000
Event 7450000
Event 7460000
Event 7470000
Event 7480000
Event 7490000
Event 7500000
Event 7510000
Event 7520000
Event 7530000
Event 7540000
Event 7550000
Event 7560000
Event 7570000
Event 7580000
Event 7590000
Event 7600000
Event 7610000
Event 7620000
Event 7630000
Event 7640000
Event 7650000
Event 7660000
Event 7670000
Event 7680000
Event 7690000
Event 7700000
Event 7710000
Event 7720000
Event 7730000
Event 7740000
Event 7750000
Event 7760000
Event 7770000
Event 7780000
Event 7790000
Event 7800000
Event 7810000
Event 7820000
Event 7830000
Event 7840000
Event 7850000
Event 7860000
Event 7870000
Event 7880000
Event 7890000
Event 7900000
Event 7910000
Event 7920000
Event 7930000
Event 7940000
Event 7950000
Event 7960000
Event 7970000
Event 7980000
Event 7990000
Event 8000000
Event 8010000
Event 8020000
Event 8030000
Event 8040000
Event 8050000
Event 8060000
Event 8070000
Event 8080000
Event 8090000
Event 8100000
Event 8110000
Event 8120000
Event 8130000
Event 8140000
Event 8150000
Event 8160000
Event 8170000
Event 8180000
Event 8190000
Event 8200000
Event 8210000
Event 8220000
Event 8230000
Event 8240000
Event 8250000
Event 8260000
Event 8270000
Event 8280000
Event 8290000
Event 8300000
Event 8310000
Event 8320000
Event 8330000
			Trident Selection Summary
******************************************************************************************
Number of Events:		7398088 			1.0 			1.0
N(particle) Cuts:		324652 			0.0438832303698 			0.0438832303698
V0 Vertex   Cuts:		186052 			0.573081330163 			0.0251486600322
Tracking    Cuts:		139607 			0.750365489218 			0.0188706865882

------------------------------------------------------------
Sender: LSF System <lsf@bullet0229>
Subject: Job 630332: <python tridentAnalysis.py -o OutputHistograms/Data/hps_005791+08242015.root pass1-dst/hps_005791> in cluster <slac> Done

Job <python tridentAnalysis.py -o OutputHistograms/Data/hps_005791+08242015.root pass1-dst/hps_005791> was submitted from host <rhel6-64f> by user <mgraham> in cluster <slac>.
Job was executed on host(s) <bullet0229>, in queue <long>, as user <mgraham> in cluster <slac>.
</u/br/mgraham> was used as the home directory.
</u/br/mgraham/hps3/analysis/tridents> was used as the working directory.
Started at Mon Aug 24 19:16:49 2015
Results reported on Mon Aug 24 19:43:52 2015

Your job looked like:

------------------------------------------------------------
# LSBATCH: User input
python tridentAnalysis.py -o OutputHistograms/Data/hps_005791+08242015.root pass1-dst/hps_005791
------------------------------------------------------------

Successfully completed.

Resource usage summary:

    CPU time :                                   1164.18 sec.
    Max Memory :                                 5750 MB
    Average Memory :                             2786.70 MB
    Total Requested Memory :                     -
    Delta Memory :                               -
    Max Processes :                              3
    Max Threads :                                4
    Run time :                                   1623 sec.
    Turnaround time :                            1663 sec.

The output (if any) is above this job summary.

Event 10000
Event 20000
Event 30000
Event 40000
Event 50000
Event 60000
Event 70000
Event 80000
Event 90000
Event 100000
Event 110000
Event 120000
Event 130000
Event 140000
Event 150000
Event 160000
Event 170000
Event 180000
Event 190000
Event 200000
Event 210000
Event 220000
Event 230000
Event 240000
Event 250000
Event 260000
Event 270000
Event 280000
Event 290000
Event 300000
Event 310000
Event 320000
Event 330000
Event 340000
Event 350000
Event 360000
Event 370000
Event 380000
Event 390000
Event 400000
Event 410000
Event 420000
Event 430000
Event 440000
Event 450000
Event 460000
Event 470000
Event 480000
Event 490000
Event 500000
Event 510000
Event 520000
Event 530000
Event 540000
Event 550000
Event 560000
Event 570000
Event 580000
Event 590000
Event 600000
Event 610000
Event 620000
Event 630000
Event 640000
Event 650000
Event 660000
Event 670000
Event 680000
Event 690000
Event 700000
Event 710000
Event 720000
Event 730000
Event 740000
Event 750000
Event 760000
Event 770000
Event 780000
Event 790000
Event 800000
Event 810000
Event 820000
Event 830000
Event 840000
Event 850000
Event 860000
Event 870000
Event 880000
Event 890000
Event 900000
Event 910000
Event 920000
Event 930000
Event 940000
Event 950000
Event 960000
Event 970000
Event 980000
Event 990000
Event 1000000
Event 1010000
Event 1020000
Event 1030000
Event 1040000
Event 1050000
Event 1060000
Event 1070000
Event 1080000
Event 1090000
Event 1100000
Event 1110000
Event 1120000
Event 1130000
Event 1140000
Event 1150000
Event 1160000
Event 1170000
Event 1180000
Event 1190000
Event 1200000
Event 1210000
Event 1220000
Event 1230000
Event 1240000
Event 1250000
Event 1260000
Event 1270000
Event 1280000
Event 1290000
Event 1300000
Event 1310000
Event 1320000
Event 1330000
Event 1340000
Event 1350000
Event 1360000
Event 1370000
Event 1380000
Event 1390000
Event 1400000
Event 1410000
Event 1420000
Event 1430000
Event 1440000
Event 1450000
Event 1460000
Event 1470000
Event 1480000
Event 1490000
Event 1500000
Event 1510000
Event 1520000
Event 1530000
Event 1540000
Event 1550000
Event 1560000
Event 1570000
Event 1580000
Event 1590000
Event 1600000
Event 1610000
Event 1620000
Event 1630000
Event 1640000
Event 1650000
Event 1660000
Event 1670000
Event 1680000
Event 1690000
Event 1700000
Event 1710000
Event 1720000
Event 1730000
Event 1740000
Event 1750000
Event 1760000
Event 1770000
Event 1780000
Event 1790000
Event 1800000
Event 1810000
Event 1820000
Event 1830000
Event 1840000
Event 1850000
Event 1860000
Event 1870000
Event 1880000
Event 1890000
Event 1900000
Event 1910000
Event 1920000
Event 1930000
Event 1940000
Event 1950000
Event 1960000
Event 1970000
Event 1980000
Event 1990000
Event 2000000
Event 2010000
Event 2020000
Event 2030000
Event 2040000
Event 2050000
Event 2060000
Event 2070000
Event 2080000
Event 2090000
Event 2100000
Event 2110000
Event 2120000
Event 2130000
Event 2140000
Event 2150000
Event 2160000
Event 2170000
Event 2180000
Event 2190000
Event 2200000
Event 2210000
Event 2220000
Event 2230000
Event 2240000
Event 2250000
Event 2260000
Event 2270000
Event 2280000
Event 2290000
Event 2300000
Event 2310000
Event 2320000
Event 2330000
Event 2340000
Event 2350000
Event 2360000
Event 2370000
Event 2380000
Event 2390000
Event 2400000
Event 2410000
Event 2420000
Event 2430000
Event 2440000
Event 2450000
Event 2460000
Event 2470000
Event 2480000
Event 2490000
Event 2500000
Event 2510000
Event 2520000
Event 2530000
Event 2540000
Event 2550000
Event 2560000
Event 2570000
Event 2580000
Event 2590000
Event 2600000
Event 2610000
Event 2620000
Event 2630000
Event 2640000
Event 2650000
Event 2660000
Event 2670000
Event 2680000
Event 2690000
Event 2700000
Event 2710000
Event 2720000
Event 2730000
Event 2740000
Event 2750000
Event 2760000
Event 2770000
Event 2780000
Event 2790000
Event 2800000
Event 2810000
Event 2820000
Event 2830000
Event 2840000
Event 2850000
Event 2860000
Event 2870000
Event 2880000
Event 2890000
Event 2900000
Event 2910000
Event 2920000
Event 2930000
Event 2940000
Event 2950000
Event 2960000
Event 2970000
Event 2980000
Event 2990000
Event 3000000
Event 3010000
Event 3020000
Event 3030000
Event 3040000
Event 3050000
Event 3060000
Event 3070000
Event 3080000
Event 3090000
Event 3100000
Event 3110000
Event 3120000
Event 3130000
Event 3140000
Event 3150000
Event 3160000
Event 3170000
Event 3180000
Event 3190000
Event 3200000
Event 3210000
Event 3220000
Event 3230000
Event 3240000
Event 3250000
Event 3260000
Event 3270000
Event 3280000
Event 3290000
Event 3300000
Event 3310000
Event 3320000
Event 3330000
Event 3340000
Event 3350000
Event 3360000
Event 3370000
Event 3380000
Event 3390000
Event 3400000
Event 3410000
Event 3420000
Event 3430000
Event 3440000
Event 3450000
Event 3460000
Event 3470000
Event 3480000
Event 3490000
Event 3500000
Event 3510000
Event 3520000
Event 3530000
Event 3540000
Event 3550000
Event 3560000
Event 3570000
Event 3580000
Event 3590000
Event 3600000
Event 3610000
Event 3620000
Event 3630000
Event 3640000
Event 3650000
Event 3660000
Event 3670000
Event 3680000
Event 3690000
Event 3700000
Event 3710000
Event 3720000
Event 3730000
Event 3740000
Event 3750000
Event 3760000
Event 3770000
Event 3780000
Event 3790000
Event 3800000
Event 3810000
Event 3820000
Event 3830000
Event 3840000
Event 3850000
Event 3860000
Event 3870000
Event 3880000
Event 3890000
Event 3900000
Event 3910000
Event 3920000
Event 3930000
Event 3940000
Event 3950000
Event 3960000
Event 3970000
Event 3980000
Event 3990000
Event 4000000
Event 4010000
Event 4020000
Event 4030000
Event 4040000
Event 4050000
Event 4060000
Event 4070000
Event 4080000
Event 4090000
Event 4100000
Event 4110000
Event 4120000
Event 4130000
Event 4140000
Event 4150000
Event 4160000
Event 4170000
Event 4180000
Event 4190000
Event 4200000
Event 4210000
Event 4220000
Event 4230000
Event 4240000
Event 4250000
Event 4260000
Event 4270000
Event 4280000
Event 4290000
Event 4300000
Event 4310000
Event 4320000
Event 4330000
Event 4340000
Event 4350000
Event 4360000
Event 4370000
Event 4380000
Event 4390000
Event 4400000
Event 4410000
Event 4420000
Event 4430000
Event 4440000
Event 4450000
Event 4460000
Event 4470000
Event 4480000
Event 4490000
Event 4500000
Event 4510000
Event 4520000
Event 4530000
Event 4540000
Event 4550000
Event 4560000
Event 4570000
Event 4580000
Event 4590000
Event 4600000
Event 4610000
Event 4620000
Event 4630000
Event 4640000
Event 4650000
Event 4660000
Event 4670000
Event 4680000
Event 4690000
Event 4700000
Event 4710000
Event 4720000
Event 4730000
Event 4740000
Event 4750000
Event 4760000
Event 4770000
Event 4780000
Event 4790000
Event 4800000
Event 4810000
Event 4820000
Event 4830000
Event 4840000
Event 4850000
Event 4860000
Event 4870000
Event 4880000
Event 4890000
Event 4900000
Event 4910000
Event 4920000
Event 4930000
Event 4940000
Event 4950000
Event 4960000
Event 4970000
Event 4980000
Event 4990000
Event 5000000
Event 5010000
Event 5020000
Event 5030000
Event 5040000
Event 5050000
Event 5060000
Event 5070000
Event 5080000
Event 5090000
Event 5100000
Event 5110000
Event 5120000
Event 5130000
Event 5140000
Event 5150000
Event 5160000
Event 5170000
Event 5180000
Event 5190000
Event 5200000
Event 5210000
Event 5220000
Event 5230000
Event 5240000
Event 5250000
Event 5260000
Event 5270000
Event 5280000
Event 5290000
Event 5300000
Event 5310000
Event 5320000
Event 5330000
Event 5340000
Event 5350000
Event 5360000
Event 5370000
Event 5380000
Event 5390000
Event 5400000
Event 5410000
Event 5420000
Event 5430000
Event 5440000
Event 5450000
Event 5460000
Event 5470000
Event 5480000
Event 5490000
Event 5500000
Event 5510000
Event 5520000
Event 5530000
Event 5540000
Event 5550000
Event 5560000
Event 5570000
Event 5580000
Event 5590000
Event 5600000
Event 5610000
Event 5620000
Event 5630000
Event 5640000
Event 5650000
Event 5660000
Event 5670000
Event 5680000
Event 5690000
Event 5700000
Event 5710000
Event 5720000
Event 5730000
Event 5740000
Event 5750000
Event 5760000
Event 5770000
Event 5780000
Event 5790000
Event 5800000
Event 5810000
Event 5820000
Event 5830000
Event 5840000
Event 5850000
Event 5860000
Event 5870000
Event 5880000
Event 5890000
Event 5900000
Event 5910000
Event 5920000
Event 5930000
Event 5940000
Event 5950000
Event 5960000
Event 5970000
Event 5980000
Event 5990000
Event 6000000
Event 6010000
Event 6020000
Event 6030000
Event 6040000
Event 6050000
Event 6060000
Event 6070000
Event 6080000
Event 6090000
Event 6100000
Event 6110000
Event 6120000
Event 6130000
Event 6140000
Event 6150000
Event 6160000
Event 6170000
Event 6180000
Event 6190000
Event 6200000
Event 6210000
Event 6220000
Event 6230000
Event 6240000
Event 6250000
Event 6260000
Event 6270000
Event 6280000
Event 6290000
Event 6300000
Event 6310000
Event 6320000
Event 6330000
Event 6340000
Event 6350000
Event 6360000
Event 6370000
Event 6380000
Event 6390000
Event 6400000
Event 6410000
Event 6420000
Event 6430000
Event 6440000
Event 6450000
Event 6460000
Event 6470000
Event 6480000
Event 6490000
Event 6500000
Event 6510000
Event 6520000
Event 6530000
Event 6540000
Event 6550000
Event 6560000
Event 6570000
Event 6580000
Event 6590000
Event 6600000
Event 6610000
Event 6620000
Event 6630000
Event 6640000
Event 6650000
Event 6660000
Event 6670000
Event 6680000
Event 6690000
Event 6700000
Event 6710000
Event 6720000
Event 6730000
Event 6740000
Event 6750000
Event 6760000
Event 6770000
Event 6780000
Event 6790000
Event 6800000
Event 6810000
Event 6820000
Event 6830000
Event 6840000
Event 6850000
Event 6860000
Event 6870000
Event 6880000
Event 6890000
Event 6900000
Event 6910000
Event 6920000
Event 6930000
Event 6940000
Event 6950000
Event 6960000
Event 6970000
Event 6980000
Event 6990000
Event 7000000
Event 7010000
Event 7020000
Event 7030000
Event 7040000
Event 7050000
Event 7060000
Event 7070000
Event 7080000
Event 7090000
Event 7100000
Event 7110000
Event 7120000
Event 7130000
Event 7140000
Event 7150000
Event 7160000
Event 7170000
Event 7180000
Event 7190000
Event 7200000
Event 7210000
Event 7220000
Event 7230000
Event 7240000
Event 7250000
Event 7260000
Event 7270000
Event 7280000
Event 7290000
Event 7300000
Event 7310000
Event 7320000
Event 7330000
Event 7340000
Event 7350000
Event 7360000
Event 7370000
Event 7380000
Event 7390000
Event 7400000
Event 7410000
Event 7420000
Event 7430000
Event 7440000
Event 7450000
Event 7460000
Event 7470000
Event 7480000
Event 7490000
Event 7500000
Event 7510000
Event 7520000
Event 7530000
Event 7540000
Event 7550000
Event 7560000
Event 7570000
Event 7580000
Event 7590000
Event 7600000
Event 7610000
Event 7620000
Event 7630000
Event 7640000
Event 7650000
Event 7660000
Event 7670000
Event 7680000
Event 7690000
Event 7700000
Event 7710000
Event 7720000
Event 7730000
Event 7740000
Event 7750000
Event 7760000
Event 7770000
Event 7780000
Event 7790000
Event 7800000
Event 7810000
Event 7820000
Event 7830000
Event 7840000
Event 7850000
Event 7860000
Event 7870000
Event 7880000
Event 7890000
Event 7900000
Event 7910000
Event 7920000
Event 7930000
Event 7940000
Event 7950000
Event 7960000
Event 7970000
Event 7980000
Event 7990000
Event 8000000
Event 8010000
Event 8020000
Event 8030000
Event 8040000
Event 8050000
Event 8060000
Event 8070000
Event 8080000
Event 8090000
Event 8100000
Event 8110000
Event 8120000
Event 8130000
Event 8140000
Event 8150000
Event 8160000
Event 8170000
Event 8180000
Event 8190000
Event 8200000
Event 8210000
Event 8220000
Event 8230000
Event 8240000
Event 8250000
Event 8260000
Event 8270000
Event 8280000
Event 8290000
Event 8300000
Event 8310000
Event 8320000
Event 8330000
			Trident Selection Summary
******************************************************************************************
Number of Events:		7398088 			1.0 			1.0
N(particle) Cuts:		324652 			0.0438832303698 			0.0438832303698
V0 Vertex   Cuts:		186052 			0.573081330163 			0.0251486600322
Tracking    Cuts:		139607 			0.750365489218 			0.0188706865882

------------------------------------------------------------
Sender: LSF System <lsf@bullet0274>
Subject: Job 97431: <python tridentAnalysis_pass1.py -o OutputHistograms/Data/hps_005791+08242015.root pass1-dst/hps_005791> in cluster <slac> Done

Job <python tridentAnalysis_pass1.py -o OutputHistograms/Data/hps_005791+08242015.root pass1-dst/hps_005791> was submitted from host <rhel6-64f> by user <mgraham> in cluster <slac>.
Job was executed on host(s) <bullet0274>, in queue <long>, as user <mgraham> in cluster <slac>.
</u/br/mgraham> was used as the home directory.
</u/br/mgraham/hps3/analysis/tridents> was used as the working directory.
Started at Thu Sep 24 06:44:30 2015
Results reported on Thu Sep 24 07:09:39 2015

Your job looked like:

------------------------------------------------------------
# LSBATCH: User input
python tridentAnalysis_pass1.py -o OutputHistograms/Data/hps_005791+08242015.root pass1-dst/hps_005791
------------------------------------------------------------

Successfully completed.

Resource usage summary:

    CPU time :                                   1204.04 sec.
    Max Memory :                                 5158 MB
    Average Memory :                             2595.36 MB
    Total Requested Memory :                     -
    Delta Memory :                               -
    Max Processes :                              3
    Max Threads :                                4
    Run time :                                   1509 sec.
    Turnaround time :                            1510 sec.

The output (if any) is above this job summary.

Event 10000
Event 20000
Event 30000
Event 40000
Event 50000
Event 60000
Event 70000
Event 80000
Event 90000
Event 100000
Event 110000
Event 120000
Event 130000
Event 140000
Event 150000
Event 160000
Event 170000
Event 180000
Event 190000
Event 200000
Event 210000
Event 220000
Event 230000
Event 240000
Event 250000
Event 260000
Event 270000
Event 280000
Event 290000
Event 300000
Event 310000
Event 320000
Event 330000
Event 340000
Event 350000
Event 360000
Event 370000
Event 380000
Event 390000
Event 400000
Event 410000
Event 420000
Event 430000
Event 440000
Event 450000
Event 460000
Event 470000
Event 480000
Event 490000
Event 500000
Event 510000
Event 520000
Event 530000
Event 540000
Event 550000
Event 560000
Event 570000
Event 580000
Event 590000
Event 600000
Event 610000
Event 620000
Event 630000
Event 640000
Event 650000
Event 660000
Event 670000
Event 680000
Event 690000
Event 700000
Event 710000
Event 720000
Event 730000
Event 740000
Event 750000
Event 760000
Event 770000
Event 780000
Event 790000
Event 800000
Event 810000
Event 820000
Event 830000
Event 840000
Event 850000
Event 860000
Event 870000
Event 880000
Event 890000
Event 900000
Event 910000
Event 920000
Event 930000
Event 940000
Event 950000
Event 960000
Event 970000
Event 980000
Event 990000
Event 1000000
Event 1010000
Event 1020000
Event 1030000
Event 1040000
Event 1050000
Event 1060000
Event 1070000
Event 1080000
Event 1090000
Event 1100000
Event 1110000
Event 1120000
Event 1130000
Event 1140000
Event 1150000
Event 1160000
Event 1170000
Event 1180000
Event 1190000
Event 1200000
Event 1210000
Event 1220000
Event 1230000
Event 1240000
Event 1250000
Event 1260000
Event 1270000
Event 1280000
Event 1290000
Event 1300000
Event 1310000
Event 1320000
Event 1330000
Event 1340000
Event 1350000
Event 1360000
Event 1370000
Event 1380000
Event 1390000
Event 1400000
Event 1410000
Event 1420000
Event 1430000
Event 1440000
Event 1450000
Event 1460000
Event 1470000
Event 1480000
Event 1490000
Event 1500000
Event 1510000
Event 1520000
Event 1530000
Event 1540000
Event 1550000
Event 1560000
Event 1570000
Event 1580000
Event 1590000
Event 1600000
Event 1610000
Event 1620000
Event 1630000
Event 1640000
Event 1650000
Event 1660000
Event 1670000
Event 1680000
Event 1690000
Event 1700000
Event 1710000
Event 1720000
Event 1730000
Event 1740000
Event 1750000
Event 1760000
Event 1770000
Event 1780000
Event 1790000
Event 1800000
Event 1810000
Event 1820000
Event 1830000
Event 1840000
Event 1850000
Event 1860000
Event 1870000
Event 1880000
Event 1890000
Event 1900000
Event 1910000
Event 1920000
Event 1930000
Event 1940000
Event 1950000
Event 1960000
Event 1970000
Event 1980000
Event 1990000
Event 2000000
Event 2010000
Event 2020000
Event 2030000
Event 2040000
Event 2050000
Event 2060000
Event 2070000
Event 2080000
Event 2090000
Event 2100000
Event 2110000
Event 2120000
Event 2130000
Event 2140000
Event 2150000
Event 2160000
Event 2170000
Event 2180000
Event 2190000
Event 2200000
Event 2210000
Event 2220000
Event 2230000
Event 2240000
Event 2250000
Event 2260000
Event 2270000
Event 2280000
Event 2290000
Event 2300000
Event 2310000
Event 2320000
Event 2330000
Event 2340000
Event 2350000
Event 2360000
Event 2370000
Event 2380000
Event 2390000
Event 2400000
Event 2410000
Event 2420000
Event 2430000
Event 2440000
Event 2450000
Event 2460000
Event 2470000
Event 2480000
Event 2490000
Event 2500000
Event 2510000
Event 2520000
Event 2530000
Event 2540000
Event 2550000
Event 2560000
Event 2570000
Event 2580000
Event 2590000
Event 2600000
Event 2610000
Event 2620000
Event 2630000
Event 2640000
Event 2650000
Event 2660000
Event 2670000
Event 2680000
Event 2690000
Event 2700000
Event 2710000
Event 2720000
Event 2730000
Event 2740000
Event 2750000
Event 2760000
Event 2770000
Event 2780000
Event 2790000
Event 2800000
Event 2810000
Event 2820000
Event 2830000
Event 2840000
Event 2850000
Event 2860000
Event 2870000
Event 2880000
Event 2890000
Event 2900000
Event 2910000
Event 2920000
Event 2930000
Event 2940000
Event 2950000
Event 2960000
Event 2970000
Event 2980000
Event 2990000
Event 3000000
Event 3010000
Event 3020000
Event 3030000
Event 3040000
Event 3050000
Event 3060000
Event 3070000
Event 3080000
Event 3090000
Event 3100000
Event 3110000
Event 3120000
Event 3130000
Event 3140000
Event 3150000
Event 3160000
Event 3170000
Event 3180000
Event 3190000
Event 3200000
Event 3210000
Event 3220000
Event 3230000
Event 3240000
Event 3250000
Event 3260000
Event 3270000
Event 3280000
Event 3290000
Event 3300000
Event 3310000
Event 3320000
Event 3330000
Event 3340000
Event 3350000
Event 3360000
Event 3370000
Event 3380000
Event 3390000
Event 3400000
Event 3410000
Event 3420000
Event 3430000
Event 3440000
Event 3450000
Event 3460000
Event 3470000
Event 3480000
Event 3490000
Event 3500000
Event 3510000
Event 3520000
Event 3530000
Event 3540000
Event 3550000
Event 3560000
Event 3570000
Event 3580000
Event 3590000
Event 3600000
Event 3610000
Event 3620000
Event 3630000
Event 3640000
Event 3650000
Event 3660000
Event 3670000
Event 3680000
Event 3690000
Event 3700000
Event 3710000
Event 3720000
Event 3730000
Event 3740000
Event 3750000
Event 3760000
Event 3770000
Event 3780000
Event 3790000
Event 3800000
Event 3810000
Event 3820000
Event 3830000
Event 3840000
Event 3850000
Event 3860000
Event 3870000
Event 3880000
Event 3890000
Event 3900000
Event 3910000
Event 3920000
Event 3930000
Event 3940000
Event 3950000
Event 3960000
Event 3970000
Event 3980000
Event 3990000
Event 4000000
Event 4010000
Event 4020000
Event 4030000
Event 4040000
Event 4050000
Event 4060000
Event 4070000
Event 4080000
Event 4090000
Event 4100000
Event 4110000
Event 4120000
Event 4130000
Event 4140000
Event 4150000
Event 4160000
Event 4170000
Event 4180000
Event 4190000
Event 4200000
Event 4210000
Event 4220000
Event 4230000
Event 4240000
Event 4250000
Event 4260000
Event 4270000
Event 4280000
Event 4290000
Event 4300000
Event 4310000
Event 4320000
Event 4330000
Event 4340000
Event 4350000
Event 4360000
Event 4370000
Event 4380000
Event 4390000
Event 4400000
Event 4410000
Event 4420000
Event 4430000
Event 4440000
Event 4450000
Event 4460000
Event 4470000
Event 4480000
Event 4490000
Event 4500000
Event 4510000
Event 4520000
Event 4530000
Event 4540000
Event 4550000
Event 4560000
Event 4570000
Event 4580000
Event 4590000
Event 4600000
Event 4610000
Event 4620000
Event 4630000
Event 4640000
Event 4650000
Event 4660000
Event 4670000
Event 4680000
Event 4690000
Event 4700000
Event 4710000
Event 4720000
Event 4730000
Event 4740000
Event 4750000
Event 4760000
Event 4770000
Event 4780000
Event 4790000
Event 4800000
Event 4810000
Event 4820000
Event 4830000
Event 4840000
Event 4850000
Event 4860000
Event 4870000
Event 4880000
Event 4890000
Event 4900000
Event 4910000
Event 4920000
Event 4930000
Event 4940000
Event 4950000
Event 4960000
Event 4970000
Event 4980000
Event 4990000
Event 5000000
Event 5010000
Event 5020000
Event 5030000
Event 5040000
Event 5050000
Event 5060000
Event 5070000
Event 5080000
Event 5090000
Event 5100000
Event 5110000
Event 5120000
Event 5130000
Event 5140000
Event 5150000
Event 5160000
Event 5170000
Event 5180000
Event 5190000
Event 5200000
Event 5210000
Event 5220000
Event 5230000
Event 5240000
Event 5250000
Event 5260000
Event 5270000
Event 5280000
Event 5290000
Event 5300000
Event 5310000
Event 5320000
Event 5330000
Event 5340000
Event 5350000
Event 5360000
Event 5370000
Event 5380000
Event 5390000
Event 5400000
Event 5410000
Event 5420000
Event 5430000
Event 5440000
Event 5450000
Event 5460000
Event 5470000
Event 5480000
Event 5490000
Event 5500000
Event 5510000
Event 5520000
Event 5530000
Event 5540000
Event 5550000
Event 5560000
Event 5570000
Event 5580000
Event 5590000
Event 5600000
Event 5610000
Event 5620000
Event 5630000
Event 5640000
Event 5650000
Event 5660000
Event 5670000
Event 5680000
Event 5690000
Event 5700000
Event 5710000
Event 5720000
Event 5730000
Event 5740000
Event 5750000
Event 5760000
Event 5770000
Event 5780000
Event 5790000
Event 5800000
Event 5810000
Event 5820000
Event 5830000
Event 5840000
Event 5850000
Event 5860000
Event 5870000
Event 5880000
Event 5890000
Event 5900000
Event 5910000
Event 5920000
Event 5930000
Event 5940000
Event 5950000
Event 5960000
Event 5970000
Event 5980000
Event 5990000
Event 6000000
Event 6010000
Event 6020000
Event 6030000
Event 6040000
Event 6050000
Event 6060000
Event 6070000
Event 6080000
Event 6090000
Event 6100000
Event 6110000
Event 6120000
Event 6130000
Event 6140000
Event 6150000
Event 6160000
Event 6170000
Event 6180000
Event 6190000
Event 6200000
Event 6210000
Event 6220000
Event 6230000
Event 6240000
Event 6250000
Event 6260000
Event 6270000
Event 6280000
Event 6290000
Event 6300000
Event 6310000
Event 6320000
Event 6330000
Event 6340000
Event 6350000
Event 6360000
Event 6370000
Event 6380000
Event 6390000
Event 6400000
Event 6410000
Event 6420000
Event 6430000
Event 6440000
Event 6450000
Event 6460000
Event 6470000
Event 6480000
Event 6490000
Event 6500000
Event 6510000
Event 6520000
Event 6530000
Event 6540000
Event 6550000
Event 6560000
Event 6570000
Event 6580000
Event 6590000
Event 6600000
Event 6610000
Event 6620000
Event 6630000
Event 6640000
Event 6650000
Event 6660000
Event 6670000
Event 6680000
Event 6690000
Event 6700000
Event 6710000
Event 6720000
Event 6730000
Event 6740000
Event 6750000
Event 6760000
Event 6770000
Event 6780000
Event 6790000
Event 6800000
Event 6810000
Event 6820000
Event 6830000
Event 6840000
Event 6850000
Event 6860000
Event 6870000
Event 6880000
Event 6890000
Event 6900000
Event 6910000
Event 6920000
Event 6930000
Event 6940000
Event 6950000
Event 6960000
Event 6970000
Event 6980000
Event 6990000
Event 7000000
Event 7010000
Event 7020000
Event 7030000
Event 7040000
Event 7050000
Event 7060000
Event 7070000
Event 7080000
Event 7090000
Event 7100000
Event 7110000
Event 7120000
Event 7130000
Event 7140000
Event 7150000
Event 7160000
Event 7170000
Event 7180000
Event 7190000
Event 7200000
Event 7210000
Event 7220000
Event 7230000
Event 7240000
Event 7250000
Event 7260000
Event 7270000
Event 7280000
Event 7290000
Event 7300000
Event 7310000
Event 7320000
Event 7330000
Event 7340000
Event 7350000
Event 7360000
Event 7370000
Event 7380000
Event 7390000
Event 7400000
Event 7410000
Event 7420000
Event 7430000
Event 7440000
Event 7450000
Event 7460000
Event 7470000
Event 7480000
Event 7490000
Event 7500000
Event 7510000
Event 7520000
Event 7530000
Event 7540000
Event 7550000
Event 7560000
Event 7570000
Event 7580000
Event 7590000
Event 7600000
Event 7610000
Event 7620000
Event 7630000
Event 7640000
Event 7650000
Event 7660000
Event 7670000
Event 7680000
Event 7690000
Event 7700000
Event 7710000
Event 7720000
Event 7730000
Event 7740000
Event 7750000
Event 7760000
Event 7770000
Event 7780000
Event 7790000
Event 7800000
Event 7810000
Event 7820000
Event 7830000
Event 7840000
Event 7850000
Event 7860000
Event 7870000
Event 7880000
Event 7890000
Event 7900000
Event 7910000
Event 7920000
Event 7930000
Event 7940000
Event 7950000
Event 7960000
Event 7970000
Event 7980000
Event 7990000
Event 8000000
Event 8010000
Event 8020000
Event 8030000
Event 8040000
Event 8050000
Event 8060000
Event 8070000
Event 8080000
Event 8090000
Event 8100000
Event 8110000
Event 8120000
Event 8130000
Event 8140000
Event 8150000
Event 8160000
Event 8170000
Event 8180000
Event 8190000
Event 8200000
Event 8210000
Event 8220000
Event 8230000
Event 8240000
Event 8250000
Event 8260000
Event 8270000
Event 8280000
Event 8290000
Event 8300000
Event 8310000
Event 8320000
Event 8330000
			Trident Selection Summary
******************************************************************************************
Number of Events:		7398088 			1.0 			1.0
N(particle) Cuts:		324652 			0.0438832303698 			0.0438832303698
V0 Vertex   Cuts:		186052 			0.573081330163 			0.0251486600322
Tracking    Cuts:		139607 			0.750365489218 			0.0188706865882

------------------------------------------------------------
Sender: LSF System <lsf@bullet0189>
Subject: Job 137654: <python tridentAnalysis_pass1.py -o OutputHistograms/Data/hps_005791+08242015.root pass1-dst/hps_005791> in cluster <slac> Done

Job <python tridentAnalysis_pass1.py -o OutputHistograms/Data/hps_005791+08242015.root pass1-dst/hps_005791> was submitted from host <rhel6-64f> by user <mgraham> in cluster <slac>.
Job was executed on host(s) <bullet0189>, in queue <long>, as user <mgraham> in cluster <slac>.
</u/br/mgraham> was used as the home directory.
</u/br/mgraham/hps3/analysis/tridents> was used as the working directory.
Started at Thu Sep 24 09:01:46 2015
Results reported on Thu Sep 24 09:30:10 2015

Your job looked like:

------------------------------------------------------------
# LSBATCH: User input
python tridentAnalysis_pass1.py -o OutputHistograms/Data/hps_005791+08242015.root pass1-dst/hps_005791
------------------------------------------------------------

Successfully completed.

Resource usage summary:

    CPU time :                                   863.16 sec.
    Max Memory :                                 4659 MB
    Average Memory :                             2454.11 MB
    Total Requested Memory :                     -
    Delta Memory :                               -
    Max Processes :                              3
    Max Threads :                                4
    Run time :                                   1705 sec.
    Turnaround time :                            1706 sec.

The output (if any) is above this job summary.

