User defined signal 2

------------------------------------------------------------
Sender: LSF System <lsf@hequ0012>
Subject: Job 450766: <python tridentAnalysis_pass2.py -o OutputHistograms/Data/hps_005772_10022015_BeamEle0pt8_ECal_GBL_v0Mom.root /nfs/slac/g/hps3/data/engrun2015/pass2/dst/v0.8.1_v3-1.3//hps_005772> in cluster <slac> Exited

Job <python tridentAnalysis_pass2.py -o OutputHistograms/Data/hps_005772_10022015_BeamEle0pt8_ECal_GBL_v0Mom.root /nfs/slac/g/hps3/data/engrun2015/pass2/dst/v0.8.1_v3-1.3//hps_005772> was submitted from host <rhel6-64h> by user <mgraham> in cluster <slac>.
Job was executed on host(s) <hequ0012>, in queue <long>, as user <mgraham> in cluster <slac>.
</u/br/mgraham> was used as the home directory.
</u/br/mgraham/hps3/analysis/tridents> was used as the working directory.
Started at Mon Oct 12 09:26:29 2015
Results reported on Mon Oct 12 09:56:29 2015

Your job looked like:

------------------------------------------------------------
# LSBATCH: User input
python tridentAnalysis_pass2.py -o OutputHistograms/Data/hps_005772_10022015_BeamEle0pt8_ECal_GBL_v0Mom.root /nfs/slac/g/hps3/data/engrun2015/pass2/dst/v0.8.1_v3-1.3//hps_005772
------------------------------------------------------------

TERM_RUNLIMIT: job killed after reaching LSF run time limit.
Exited with exit code 140.

Resource usage summary:

    CPU time :                                   1598.17 sec.
    Max Memory :                                 192 MB
    Average Memory :                             175.02 MB
    Total Requested Memory :                     -
    Delta Memory :                               -
    Max Swap :                                   534 MB
    Max Processes :                              3
    Max Threads :                                4
    Run time :                                   1801 sec.
    Turnaround time :                            1801 sec.

The output (if any) is above this job summary.

