[ HPS ANALYSIS ]:  Output file is OutputHistograms/MC/Rad_FIXEDJAR_tritrig-egsv3-triv2-g4v1_HPS-EngRun2015-Nominal-v3-4-fieldmap_3.5_pass4.root
[ HPS ANALYSIS ]: Setting to run as MC
Loading HpsEvent Library from /nfs/slac/g/hps3/software/hps-dst/build/lib/libHpsEvent.so
[ HPS ANALYSIS ]: Reading in root chain from /nfs/slac/g/hps3/data/engrun2015/pass4/mc/dst/Rad/*FIXEDJAR_tritrig-egsv3-triv2-g4v1_HPS-EngRun2015-Nominal-v3-4-fieldmap_3.5
Rotation Matrix:  
[[ 0.99953491  0.         -0.03049527]
 [ 0.          1.          0.        ]
 [ 0.03049527  0.          0.99953491]]
			Trident Selection Summary
******************************************************************************************
Number of Events:		0 			Traceback (most recent call last):
  File "tridentAnalysis_pass4.py", line 593, in <module>
    main()
  File "tridentAnalysis_pass4.py", line 579, in main
    print "Number of Events:\t\t",nEvents,"\t\t\t",float(nEvents)/nEvents,"\t\t\t",float(nEvents)/nEvents
ZeroDivisionError: float division by zero

------------------------------------------------------------
Sender: LSF System <lsf@hequ0137>
Subject: Job 947960: <python tridentAnalysis_pass4.py -m True -o OutputHistograms/MC/Rad_FIXEDJAR_tritrig-egsv3-triv2-g4v1_HPS-EngRun2015-Nominal-v3-4-fieldmap_3.5_pass4.root /nfs/slac/g/hps3/data/engrun2015/pass4/mc/dst/Rad/*FIXEDJAR_tritrig-egsv3-triv2-g4v1_HPS-EngRun2015-Nominal-v3-4-fieldmap_3.5> in cluster <slac> Exited

Job <python tridentAnalysis_pass4.py -m True -o OutputHistograms/MC/Rad_FIXEDJAR_tritrig-egsv3-triv2-g4v1_HPS-EngRun2015-Nominal-v3-4-fieldmap_3.5_pass4.root /nfs/slac/g/hps3/data/engrun2015/pass4/mc/dst/Rad/*FIXEDJAR_tritrig-egsv3-triv2-g4v1_HPS-EngRun2015-Nominal-v3-4-fieldmap_3.5> was submitted from host <rhel6-64a> by user <mgraham> in cluster <slac>.
Job was executed on host(s) <hequ0137>, in queue <long>, as user <mgraham> in cluster <slac>.
</u/br/mgraham> was used as the home directory.
</u/br/mgraham/hps-analysis/tridents> was used as the working directory.
Started at Thu Jan 28 10:48:29 2016
Results reported on Thu Jan 28 10:48:35 2016

Your job looked like:

------------------------------------------------------------
# LSBATCH: User input
python tridentAnalysis_pass4.py -m True -o OutputHistograms/MC/Rad_FIXEDJAR_tritrig-egsv3-triv2-g4v1_HPS-EngRun2015-Nominal-v3-4-fieldmap_3.5_pass4.root /nfs/slac/g/hps3/data/engrun2015/pass4/mc/dst/Rad/*FIXEDJAR_tritrig-egsv3-triv2-g4v1_HPS-EngRun2015-Nominal-v3-4-fieldmap_3.5
------------------------------------------------------------

Exited with exit code 1.

Resource usage summary:

    CPU time :                                   0.96 sec.
    Max Memory :                                 5 MB
    Average Memory :                             5.00 MB
    Total Requested Memory :                     -
    Delta Memory :                               -
    Max Swap :                                   149 MB
    Max Processes :                              3
    Max Threads :                                4
    Run time :                                   6 sec.
    Turnaround time :                            7 sec.

The output (if any) is above this job summary.

