[ HPS ANALYSIS ]:  Output file is OutputHistograms/MC/Rad_HPS-EngRun2015-Nominal-v3_10022015_RequireClusters.root
[ HPS ANALYSIS ]: Setting to run as MC
Loading HpsEvent Library from /nfs/slac/g/hps3/software/hps-dst/build/lib/libHpsEvent.so
[ HPS ANALYSIS ]: Reading in root chain from /nfs/slac/g/hps3/data/engrun2015/pass2/mc/dst/Rad/*HPS-EngRun2015-Nominal-v3
Event 10000
Event 20000
Event 30000
Event 40000
Event 50000
Event 60000
Event 70000
Event 80000
Event 90000
Event 100000
Event 110000
Event 120000
Event 130000
Event 140000
Event 150000
Event 160000
Event 170000
Event 180000
Event 190000
Event 200000
Event 210000
Event 220000
Event 230000
Event 240000
Event 250000
Event 260000
Event 270000
Event 280000
Event 290000
Event 300000
Event 310000
Event 320000
Event 330000
Event 340000
Event 350000
Event 360000
Event 370000
Event 380000
			Trident Selection Summary
******************************************************************************************
Number of Events:		386225 			1.0 			1.0
N(particle) Cuts:		226992 			0.587719593501 			0.587719593501
V0 Vertex   Cuts:		224658 			0.989717699302 			0.581676483915
Tracking    Cuts:		185084 			0.823847804218 			0.479212894038

------------------------------------------------------------
Sender: LSF System <lsf@fell0249>
Subject: Job 35320: <python tridentAnalysis_pass2.py -m True -o OutputHistograms/MC/Rad_HPS-EngRun2015-Nominal-v3_10022015_RequireClusters.root /nfs/slac/g/hps3/data/engrun2015/pass2/mc/dst/Rad/*HPS-EngRun2015-Nominal-v3> in cluster <slac> Done

Job <python tridentAnalysis_pass2.py -m True -o OutputHistograms/MC/Rad_HPS-EngRun2015-Nominal-v3_10022015_RequireClusters.root /nfs/slac/g/hps3/data/engrun2015/pass2/mc/dst/Rad/*HPS-EngRun2015-Nominal-v3> was submitted from host <rhel6-64f> by user <mgraham> in cluster <slac>.
Job was executed on host(s) <fell0249>, in queue <long>, as user <mgraham> in cluster <slac>.
</u/br/mgraham> was used as the home directory.
</u/br/mgraham/hps3/analysis/tridents> was used as the working directory.
Started at Thu Oct  8 21:34:05 2015
Results reported on Thu Oct  8 21:37:15 2015

Your job looked like:

------------------------------------------------------------
# LSBATCH: User input
python tridentAnalysis_pass2.py -m True -o OutputHistograms/MC/Rad_HPS-EngRun2015-Nominal-v3_10022015_RequireClusters.root /nfs/slac/g/hps3/data/engrun2015/pass2/mc/dst/Rad/*HPS-EngRun2015-Nominal-v3
------------------------------------------------------------

Successfully completed.

Resource usage summary:

    CPU time :                                   192.68 sec.
    Max Memory :                                 767 MB
    Average Memory :                             455.86 MB
    Total Requested Memory :                     -
    Delta Memory :                               -
    Max Processes :                              3
    Max Threads :                                4
    Run time :                                   190 sec.
    Turnaround time :                            200 sec.

The output (if any) is above this job summary.

