[ HPS ANALYSIS ]:  Output file is OutputHistograms/MC/Rad_HPS-EngRun2015-Nominal-v3-1-fieldmap_3.4.1_pass3_highESum.root
[ HPS ANALYSIS ]: Setting to run as MC
Loading HpsEvent Library from /nfs/slac/g/hps3/software/hps-dst/build/lib/libHpsEvent.so
[ HPS ANALYSIS ]: Reading in root chain from /nfs/slac/g/hps3/data/engrun2015/pass3/mc/dst/Rad/*HPS-EngRun2015-Nominal-v3-1-fieldmap_3.4.1
Event 10000
Event 20000
Event 30000
Event 40000
Event 50000
Event 60000
Event 70000
Event 80000
Event 90000
Event 100000
Event 110000
Event 120000
Event 130000
Event 140000
Event 150000
Event 160000
Event 170000
Event 180000
Event 190000
Event 200000
Event 210000
Event 220000
Event 230000
Event 240000
Event 250000
Event 260000
Event 270000
Event 280000
Event 290000
Event 300000
Event 310000
Event 320000
Event 330000
Event 340000
Event 350000
Event 360000
Event 370000
Event 380000
Event 390000
Event 400000
Event 410000
Event 420000
Event 430000
Event 440000
Event 450000
Event 460000
Event 470000
Event 480000
Event 490000
Event 500000
Event 510000
Event 520000
Event 530000
Event 540000
Event 550000
Event 560000
Event 570000
Event 580000
Event 590000
Event 600000
Event 610000
Event 620000
Event 630000
Event 640000
Event 650000
			Trident Selection Summary
******************************************************************************************
Number of Events:		656377 			1.0 			1.0
N(particle) Cuts:		383538 			0.584325776193 			0.584325776193
V0 Vertex   Cuts:		260662 			0.679624965453 			0.397122385458
Tracking    Cuts:		253185 			0.971315343241 			0.38573106614

------------------------------------------------------------
Sender: LSF System <lsf@neb-lsf0012.slac.stanford.edu>
Subject: Job 635548: <python tridentAnalysis_pass3.py -m True -o OutputHistograms/MC/Rad_HPS-EngRun2015-Nominal-v3-1-fieldmap_3.4.1_pass3_highESum.root /nfs/slac/g/hps3/data/engrun2015/pass3/mc/dst/Rad/*HPS-EngRun2015-Nominal-v3-1-fieldmap_3.4.1> in cluster <slac> Done

Job <python tridentAnalysis_pass3.py -m True -o OutputHistograms/MC/Rad_HPS-EngRun2015-Nominal-v3-1-fieldmap_3.4.1_pass3_highESum.root /nfs/slac/g/hps3/data/engrun2015/pass3/mc/dst/Rad/*HPS-EngRun2015-Nominal-v3-1-fieldmap_3.4.1> was submitted from host <rhel6-64h> by user <mgraham> in cluster <slac>.
Job was executed on host(s) <neb-lsf0012.slac.stanford.edu>, in queue <short>, as user <mgraham> in cluster <slac>.
</u/br/mgraham> was used as the home directory.
</u/br/mgraham/hps-analysis/tridents> was used as the working directory.
Started at Thu Oct 22 16:00:26 2015
Results reported on Thu Oct 22 16:09:23 2015

Your job looked like:

------------------------------------------------------------
# LSBATCH: User input
python tridentAnalysis_pass3.py -m True -o OutputHistograms/MC/Rad_HPS-EngRun2015-Nominal-v3-1-fieldmap_3.4.1_pass3_highESum.root /nfs/slac/g/hps3/data/engrun2015/pass3/mc/dst/Rad/*HPS-EngRun2015-Nominal-v3-1-fieldmap_3.4.1
------------------------------------------------------------

Successfully completed.

Resource usage summary:

    CPU time :                                   510.23 sec.
    Max Memory :                                 164 MB
    Average Memory :                             150.39 MB
    Total Requested Memory :                     -
    Delta Memory :                               -
    Max Swap :                                   549 MB
    Max Processes :                              3
    Max Threads :                                4
    Run time :                                   537 sec.
    Turnaround time :                            554 sec.

The output (if any) is above this job summary.

