Loading HpsEvent Library from /nfs/slac/g/hps3/users/mgraham/hps-dst/hps-dst-0.10/build/lib/libHpsEvent.so

[1mRooFit v3.60 -- Developed by Wouter Verkerke and David Kirkby[0m 
                Copyright (C) 2000-2013 NIKHEF, University of California & Stanford University
                All rights reserved, please read http://roofit.sourceforge.net/license.txt

TStreamerInfo::BuildCheck:0: RuntimeWarning: 
   The StreamerInfo of class HpsParticle read from file /nfs/slac/g/hps3/data/engrun2015/pass6/mc/dst/pulser-wab-beam-tri/wabv1-egsv3-triv2-g4v1_1to1_HPS-EngRun2015-Nominal-v4-4-fieldmap_3.8-fix_pulser200ev_1.root
   has the same version (=1) as the active class but a different checksum.
   You should update the version to ClassDef(HpsParticle,2).
   Do not try to write objects with the current class definition,
   the files will not be readable.

TStreamerInfo::CompareContent:0: RuntimeWarning: The following data member of
the in-memory layout version 1 of class 'HpsParticle' is missing from 
the on-file layout version 1:
   double px_corr; //
TStreamerInfo::CompareContent:0: RuntimeWarning: The following data member of
the in-memory layout version 1 of class 'HpsParticle' is missing from 
the on-file layout version 1:
   double py; //
TStreamerInfo::CompareContent:0: RuntimeWarning: The following data member of
the in-memory layout version 1 of class 'HpsParticle' is missing from 
the on-file layout version 1:
   double py_corr; //
TStreamerInfo::CompareContent:0: RuntimeWarning: The following data member of
the in-memory layout version 1 of class 'HpsParticle' is missing from 
the on-file layout version 1:
   double pz; //
TStreamerInfo::CompareContent:0: RuntimeWarning: The following data member of
the in-memory layout version 1 of class 'HpsParticle' is missing from 
the on-file layout version 1:
   double pz_corr; //
TStreamerInfo::CompareContent:0: RuntimeWarning: The following data member of
the in-memory layout version 1 of class 'HpsParticle' is missing from 
the on-file layout version 1:
   double vtx_x; //
TStreamerInfo::CompareContent:0: RuntimeWarning: The following data member of
the in-memory layout version 1 of class 'HpsParticle' is missing from 
the on-file layout version 1:
   double vtx_y; //
TStreamerInfo::CompareContent:0: RuntimeWarning: The following data member of
the in-memory layout version 1 of class 'HpsParticle' is missing from 
the on-file layout version 1:
   double vtx_z; //
TStreamerInfo::CompareContent:0: RuntimeWarning: The following data member of
the in-memory layout version 1 of class 'HpsParticle' is missing from 
the on-file layout version 1:
   double vtx_fit_chi2; //
TStreamerInfo::CompareContent:0: RuntimeWarning: The following data member of
the in-memory layout version 1 of class 'HpsParticle' is missing from 
the on-file layout version 1:
   double energy; //
TStreamerInfo::CompareContent:0: RuntimeWarning: The following data member of
the in-memory layout version 1 of class 'HpsParticle' is missing from 
the on-file layout version 1:
   double mass; //
[ HPS ANALYSIS ]:  Output file is OutputHistograms/MC/pulser-wab-beam-tri_HPS-EngRun2015-Nominal-v4-4_pass6_useGBL_ECalMatch.root
[ HPS ANALYSIS ]: Setting to run as MC
[ HPS ANALYSIS ]: Reading in root chain from /nfs/slac/g/hps3/data/engrun2015/pass6/mc/dst/pulser-wab-beam-tri/*HPS-EngRun2015-Nominal-v4-4
Passed v0 cuts
Passed v0 cuts
Passed v0 cuts
Passed v0 cuts
Passed v0 cuts
Passed v0 cuts
Passed v0 cuts
Passed v0 cuts
Passed v0 cuts
Passed v0 cuts
Passed v0 cuts
Passed v0 cuts
Passed v0 cuts
Passed v0 cuts
Passed v0 cuts
Passed v0 cuts
Passed v0 cuts
Passed v0 cuts
Passed v0 cuts
Passed v0 cuts
Passed v0 cuts
looking at tracks now
1
OBJ: GblTrack	GblTrack	
satisfied timing cuts...
164.603493382   191.829221184
44.5981445312 1.19494736195
Passed v0 cuts
Passed v0 cuts
Passed v0 cuts
Passed v0 cuts
Passed v0 cuts
Passed v0 cuts
Event 10000
Passed v0 cuts
Passed v0 cuts
Passed v0 cuts
looking at tracks now
1
OBJ: GblTrack	GblTrack	
satisfied timing cuts...
Passed v0 cuts
Passed v0 cuts
Passed v0 cuts
Passed v0 cuts
Passed v0 cuts
Passed v0 cuts
looking at tracks now
1
OBJ: GblTrack	GblTrack	
satisfied timing cuts...
Passed v0 cuts
looking at tracks now
1
OBJ: GblTrack	GblTrack	
satisfied timing cuts...
Passed v0 cuts
Passed v0 cuts
Passed v0 cuts
Passed v0 cuts
Event 20000
Passed v0 cuts
Passed v0 cuts
Passed v0 cuts
Passed v0 cuts
Passed v0 cuts
Passed v0 cuts
Passed v0 cuts
Passed v0 cuts
Passed v0 cuts
Passed v0 cuts
Passed v0 cuts
Passed v0 cuts
Passed v0 cuts
Passed v0 cuts
Passed v0 cuts
Passed v0 cuts
Passed v0 cuts
Passed v0 cuts
Passed v0 cuts
Passed v0 cuts
Passed v0 cuts
Passed v0 cuts
Passed v0 cuts
Passed v0 cuts
Passed v0 cuts
Passed v0 cuts
Passed v0 cuts
Passed v0 cuts
Passed v0 cuts
Passed v0 cuts
Passed v0 cuts
Passed v0 cuts
Passed v0 cuts
Passed v0 cuts
Passed v0 cuts
Passed v0 cuts
Passed v0 cuts
Passed v0 cuts
Passed v0 cuts
Event 30000
Passed v0 cuts
Passed v0 cuts
Passed v0 cuts
Passed v0 cuts
Passed v0 cuts
Passed v0 cuts
Passed v0 cuts
Passed v0 cuts
looking at tracks now
1
OBJ: GblTrack	GblTrack	
satisfied timing cuts...
Passed v0 cuts
looking at tracks now
1
OBJ: GblTrack	GblTrack	
satisfied timing cuts...
36.5553092957 -7.31606435776
Passed v0 cuts
Passed v0 cuts
Passed v0 cuts
Passed v0 cuts
Passed v0 cuts
Passed v0 cuts
Passed v0 cuts
Passed v0 cuts
looking at tracks now
1
OBJ: GblTrack	GblTrack	
satisfied timing cuts...
156.736256312   194.395953825
147.899888537   194.395953825
84.2369995117 8.3722858429
Passed v0 cuts
looking at tracks now
1
OBJ: GblTrack	GblTrack	
satisfied timing cuts...
126.200996399 3.79705119133
Passed v0 cuts
Passed v0 cuts
Passed v0 cuts
Passed v0 cuts
Passed v0 cuts
Passed v0 cuts
Passed v0 cuts
Event 40000
Passed v0 cuts
Passed v0 cuts
Passed v0 cuts
Passed v0 cuts
Passed v0 cuts
Passed v0 cuts
Passed v0 cuts
Passed v0 cuts
Passed v0 cuts
Passed v0 cuts
Passed v0 cuts
Passed v0 cuts
Passed v0 cuts
Passed v0 cuts
Passed v0 cuts
Passed v0 cuts
Passed v0 cuts
Passed v0 cuts
looking at tracks now
1
OBJ: GblTrack	GblTrack	
satisfied timing cuts...
Passed v0 cuts
Event 50000
Passed v0 cuts
Passed v0 cuts
Passed v0 cuts
Passed v0 cuts
Passed v0 cuts
Passed v0 cuts
Passed v0 cuts
Passed v0 cuts
Passed v0 cuts
Passed v0 cuts
looking at tracks now
1
OBJ: GblTrack	GblTrack	
satisfied timing cuts...
Passed v0 cuts
Passed v0 cuts
looking at tracks now
1
OBJ: GblTrack	GblTrack	
satisfied timing cuts...
74.5365371704 4.50649356842
Passed v0 cuts
Passed v0 cuts
Passed v0 cuts
Passed v0 cuts
Passed v0 cuts
Passed v0 cuts
Passed v0 cuts
Event 60000
Passed v0 cuts
Passed v0 cuts
Passed v0 cuts
Passed v0 cuts
Passed v0 cuts
Passed v0 cuts
Passed v0 cuts
Passed v0 cuts
Passed v0 cuts
Passed v0 cuts
Passed v0 cuts
Passed v0 cuts
Passed v0 cuts
Passed v0 cuts
Passed v0 cuts
looking at tracks now
1
OBJ: GblTrack	GblTrack	
satisfied timing cuts...
Passed v0 cuts
42.6080322266 -2.38211870193
Passed v0 cuts
Passed v0 cuts
Passed v0 cuts
Passed v0 cuts
Passed v0 cuts
looking at tracks now
1
OBJ: GblTrack	GblTrack	
satisfied timing cuts...
66.7101135254 4.86127471924
Passed v0 cuts
Passed v0 cuts
Passed v0 cuts
Passed v0 cuts
Passed v0 cuts
Passed v0 cuts
Event 70000
Passed v0 cuts
Passed v0 cuts
Passed v0 cuts
Passed v0 cuts
Passed v0 cuts
Passed v0 cuts
Passed v0 cuts
Passed v0 cuts
Passed v0 cuts
Passed v0 cuts
Passed v0 cuts
Passed v0 cuts
Passed v0 cuts
Passed v0 cuts
Passed v0 cuts
looking at tracks now
1
OBJ: GblTrack	GblTrack	
satisfied timing cuts...
170.910752359   201.819942516
Passed v0 cuts
142.130813599 -2.91051316261
Passed v0 cuts
Passed v0 cuts
Passed v0 cuts
Passed v0 cuts
Passed v0 cuts
Passed v0 cuts
Passed v0 cuts
Passed v0 cuts
Passed v0 cuts
Passed v0 cuts
Passed v0 cuts
Passed v0 cuts
Passed v0 cuts
Passed v0 cuts
Passed v0 cuts
Event 80000
Passed v0 cuts
Passed v0 cuts
looking at tracks now
1
OBJ: GblTrack	GblTrack	
satisfied timing cuts...
Passed v0 cuts
looking at tracks now
1
OBJ: GblTrack	GblTrack	
satisfied timing cuts...
Passed v0 cuts
Passed v0 cuts
looking at tracks now
1
OBJ: GblTrack	GblTrack	
satisfied timing cuts...
Passed v0 cuts
Passed v0 cuts
Passed v0 cuts
Passed v0 cuts
Passed v0 cuts
Passed v0 cuts
Passed v0 cuts
Passed v0 cuts
Passed v0 cuts
Passed v0 cuts
Passed v0 cuts
Passed v0 cuts
Passed v0 cuts
Passed v0 cuts
Passed v0 cuts
Passed v0 cuts
Passed v0 cuts
Passed v0 cuts
Passed v0 cuts
Passed v0 cuts
Event 90000
Passed v0 cuts
Passed v0 cuts
Passed v0 cuts
Passed v0 cuts
Passed v0 cuts
Passed v0 cuts
Passed v0 cuts
Passed v0 cuts
Passed v0 cuts
Passed v0 cuts
Passed v0 cuts
Passed v0 cuts
******************************************************************************************
Number of Events:		92500 			1.0 			1.0
N(particle) Cuts:		501 			0.00541621621622 			0.00541621621622
V0 Vertex   Cuts:		238 			0.4750499002 			0.00257297297297
Tracking    Cuts:		17 			0.0714285714286 			0.000183783783784
ECal Match  Cuts:		8 			0.470588235294 			8.64864864865e-05
Number of Fake Events Added:  		0 			0.0

------------------------------------------------------------
Sender: LSF System <lsf@fell0176>
Subject: Job 162961: <python tridentAnalysis_pass4.py -m True -o OutputHistograms/MC/pulser-wab-beam-tri_HPS-EngRun2015-Nominal-v4-4_pass6_useGBL_ECalMatch.root /nfs/slac/g/hps3/data/engrun2015/pass6/mc/dst/pulser-wab-beam-tri/*HPS-EngRun2015-Nominal-v4-4> in cluster <slac> Done

Job <python tridentAnalysis_pass4.py -m True -o OutputHistograms/MC/pulser-wab-beam-tri_HPS-EngRun2015-Nominal-v4-4_pass6_useGBL_ECalMatch.root /nfs/slac/g/hps3/data/engrun2015/pass6/mc/dst/pulser-wab-beam-tri/*HPS-EngRun2015-Nominal-v4-4> was submitted from host <rhel6-64g> by user <mgraham> in cluster <slac>.
Job was executed on host(s) <fell0176>, in queue <long>, as user <mgraham> in cluster <slac>.
</u/br/mgraham> was used as the home directory.
</u/br/mgraham/hps-analysis/tridents> was used as the working directory.
Started at Tue Jun  7 19:59:53 2016
Results reported on Tue Jun  7 20:00:27 2016

Your job looked like:

------------------------------------------------------------
# LSBATCH: User input
python tridentAnalysis_pass4.py -m True -o OutputHistograms/MC/pulser-wab-beam-tri_HPS-EngRun2015-Nominal-v4-4_pass6_useGBL_ECalMatch.root /nfs/slac/g/hps3/data/engrun2015/pass6/mc/dst/pulser-wab-beam-tri/*HPS-EngRun2015-Nominal-v4-4
------------------------------------------------------------

Successfully completed.

Resource usage summary:

    CPU time :                                   17.93 sec.
    Max Memory :                                 188 MB
    Average Memory :                             27.00 MB
    Total Requested Memory :                     -
    Delta Memory :                               -
    Max Processes :                              3
    Max Threads :                                4
    Run time :                                   34 sec.
    Turnaround time :                            35 sec.

The output (if any) is above this job summary.

