Loading HpsEvent Library from /nfs/slac/g/hps3/users/mgraham/hps-dst/hps-dst-0.10/build/lib/libHpsEvent.so

[1mRooFit v3.60 -- Developed by Wouter Verkerke and David Kirkby[0m 
                Copyright (C) 2000-2013 NIKHEF, University of California & Stanford University
                All rights reserved, please read http://roofit.sourceforge.net/license.txt

TStreamerInfo::BuildCheck:0: RuntimeWarning: 
   The StreamerInfo of class HpsParticle read from file /nfs/slac/g/hps3/data/engrun2015/pass6/mc/dst/wab-beam-tri/wabv1-egsv3-triv2-g4v1_1to1_HPS-EngRun2015-Nominal-v4-4-fieldmap_3.8-fix_pairs1_1.root
   has the same version (=1) as the active class but a different checksum.
   You should update the version to ClassDef(HpsParticle,2).
   Do not try to write objects with the current class definition,
   the files will not be readable.

TStreamerInfo::CompareContent:0: RuntimeWarning: The following data member of
the in-memory layout version 1 of class 'HpsParticle' is missing from 
the on-file layout version 1:
   double px_corr; //
TStreamerInfo::CompareContent:0: RuntimeWarning: The following data member of
the in-memory layout version 1 of class 'HpsParticle' is missing from 
the on-file layout version 1:
   double py; //
TStreamerInfo::CompareContent:0: RuntimeWarning: The following data member of
the in-memory layout version 1 of class 'HpsParticle' is missing from 
the on-file layout version 1:
   double py_corr; //
TStreamerInfo::CompareContent:0: RuntimeWarning: The following data member of
the in-memory layout version 1 of class 'HpsParticle' is missing from 
the on-file layout version 1:
   double pz; //
TStreamerInfo::CompareContent:0: RuntimeWarning: The following data member of
the in-memory layout version 1 of class 'HpsParticle' is missing from 
the on-file layout version 1:
   double pz_corr; //
TStreamerInfo::CompareContent:0: RuntimeWarning: The following data member of
the in-memory layout version 1 of class 'HpsParticle' is missing from 
the on-file layout version 1:
   double vtx_x; //
TStreamerInfo::CompareContent:0: RuntimeWarning: The following data member of
the in-memory layout version 1 of class 'HpsParticle' is missing from 
the on-file layout version 1:
   double vtx_y; //
TStreamerInfo::CompareContent:0: RuntimeWarning: The following data member of
the in-memory layout version 1 of class 'HpsParticle' is missing from 
the on-file layout version 1:
   double vtx_z; //
TStreamerInfo::CompareContent:0: RuntimeWarning: The following data member of
the in-memory layout version 1 of class 'HpsParticle' is missing from 
the on-file layout version 1:
   double vtx_fit_chi2; //
TStreamerInfo::CompareContent:0: RuntimeWarning: The following data member of
the in-memory layout version 1 of class 'HpsParticle' is missing from 
the on-file layout version 1:
   double energy; //
TStreamerInfo::CompareContent:0: RuntimeWarning: The following data member of
the in-memory layout version 1 of class 'HpsParticle' is missing from 
the on-file layout version 1:
   double mass; //
[ HPS ANALYSIS ]:  Output file is OutputHistograms/MC/wab-beam-tri_HPS-EngRun2015-Nominal-v4-4_pass6_useGBL_ECalMatch.root
[ HPS ANALYSIS ]: Setting to run as MC
[ HPS ANALYSIS ]: Reading in root chain from /nfs/slac/g/hps3/data/engrun2015/pass6/mc/dst/wab-beam-tri/*HPS-EngRun2015-Nominal-v4-4
Passed v0 cuts
looking at tracks now
1
OBJ: GblTrack	GblTrack	
satisfied timing cuts...
166.143325686   224.239263127
42.6624298096 -0.790189683437
Passed v0 cuts
looking at tracks now
1
OBJ: GblTrack	GblTrack	
satisfied timing cuts...
42.6069335938 -1.05770993233
Passed v0 cuts
looking at tracks now
1
OBJ: GblTrack	GblTrack	
satisfied timing cuts...
152.086016259   350.539802646
40.6823234558 -4.72242641449
Passed v0 cuts
looking at tracks now
1
OBJ: GblTrack	GblTrack	
satisfied timing cuts...
170.441233905   233.528952448
40.5464744568 -1.9016712904
Passed v0 cuts
looking at tracks now
1
OBJ: GblTrack	GblTrack	
satisfied timing cuts...
167.736713154   222.334897903
167.736713154   225.14959737
42.6674842834 -1.70750367641
Passed v0 cuts
looking at tracks now
1
OBJ: GblTrack	GblTrack	
satisfied timing cuts...
133.902475678   209.917187305
44.6548881531 0.859167873859
Passed v0 cuts
looking at tracks now
1
OBJ: GblTrack	GblTrack	
satisfied timing cuts...
165.880350457   212.665823522
165.880350457   203.53670263
40.5603370667 -2.8349468708
Passed v0 cuts
looking at tracks now
1
OBJ: GblTrack	GblTrack	
satisfied timing cuts...
Passed v0 cuts
Passed v0 cuts
looking at tracks now
1
OBJ: GblTrack	GblTrack	
satisfied timing cuts...
40.3616981506 -1.80896544456
Passed v0 cuts
looking at tracks now
1
OBJ: GblTrack	GblTrack	
satisfied timing cuts...
137.368091033   193.226736974
42.7888069153 -1.97401154041
Passed v0 cuts
looking at tracks now
1
OBJ: GblTrack	GblTrack	
satisfied timing cuts...
157.070389034   199.406778226
44.6321678162 3.32164955139
Passed v0 cuts
looking at tracks now
1
OBJ: GblTrack	GblTrack	
satisfied timing cuts...
171.648507224   204.852901336
42.655582428 -1.11266541481
Passed v0 cuts
looking at tracks now
1
OBJ: GblTrack	GblTrack	
satisfied timing cuts...
156.039395394   201.594933659
90.4781993062   201.594933659
42.6482925415 -0.911582887173
Passed v0 cuts
Passed v0 cuts
Passed v0 cuts
looking at tracks now
1
OBJ: GblTrack	GblTrack	
satisfied timing cuts...
40.6312026978 -2.54315900803
Passed v0 cuts
looking at tracks now
1
OBJ: GblTrack	GblTrack	
satisfied timing cuts...
44.6004447937 0.414570659399
Passed v0 cuts
looking at tracks now
1
OBJ: GblTrack	GblTrack	
satisfied timing cuts...
91.9590485299   189.683511491
Passed v0 cuts
looking at tracks now
1
OBJ: GblTrack	GblTrack	
satisfied timing cuts...
91.9590485299   189.683511491
44.6036987305 1.10222887993
44.6036987305 1.10222887993
Passed v0 cuts
looking at tracks now
1
OBJ: GblTrack	GblTrack	
satisfied timing cuts...
133.598517397   193.75922364
160.63015076   193.75922364
44.5519218445 0.431058704853
Passed v0 cuts
looking at tracks now
1
OBJ: GblTrack	GblTrack	
satisfied timing cuts...
158.336342333   212.241139433
158.336342333   269.921613965
42.6454734802 -2.38469624519
Passed v0 cuts
looking at tracks now
1
OBJ: GblTrack	GblTrack	
satisfied timing cuts...
40.4992446899 -1.01905930042
Passed v0 cuts
Passed v0 cuts
Passed v0 cuts
Passed v0 cuts
looking at tracks now
1
OBJ: GblTrack	GblTrack	
satisfied timing cuts...
165.958600602   215.421892472
165.958600602   215.9099464
42.6549377441 -0.988198816776
Passed v0 cuts
looking at tracks now
1
OBJ: GblTrack	GblTrack	
satisfied timing cuts...
Passed v0 cuts
Passed v0 cuts
looking at tracks now
1
OBJ: GblTrack	GblTrack	
satisfied timing cuts...
102.547283012   203.035240316
78.0514541178   203.035240316
Passed v0 cuts
looking at tracks now
1
OBJ: GblTrack	GblTrack	
satisfied timing cuts...
102.547283012   203.035240316
78.0514541178   203.035240316
44.5920295715 1.58365774155
44.5920295715 1.58365774155
Passed v0 cuts
looking at tracks now
1
OBJ: GblTrack	GblTrack	
satisfied timing cuts...
44.5793876648 1.78068816662
Passed v0 cuts
looking at tracks now
1
OBJ: GblTrack	GblTrack	
satisfied timing cuts...
166.781635025   216.309421855
166.781635025   218.126180208
Passed v0 cuts
looking at tracks now
1
OBJ: GblTrack	GblTrack	
satisfied timing cuts...
166.781635025   216.309421855
166.781635025   218.126180208
42.5693244934 -1.21281397343
42.5693244934 -1.21281397343
Passed v0 cuts
Passed v0 cuts
looking at tracks now
1
OBJ: GblTrack	GblTrack	
satisfied timing cuts...
169.45322311   280.319913361
Passed v0 cuts
looking at tracks now
1
OBJ: GblTrack	GblTrack	
satisfied timing cuts...
169.45322311   280.319913361
Passed v0 cuts
looking at tracks now
1
OBJ: GblTrack	GblTrack	
satisfied timing cuts...
42.5935325623 -0.852275073528
42.5935325623 -0.852275073528
Passed v0 cuts
Passed v0 cuts
Passed v0 cuts
Passed v0 cuts
looking at tracks now
1
OBJ: GblTrack	GblTrack	
satisfied timing cuts...
42.706829071 -1.01017403603
Passed v0 cuts
Passed v0 cuts
looking at tracks now
1
OBJ: GblTrack	GblTrack	
satisfied timing cuts...
164.926628085   277.932682265
40.5464553833 -2.74990820885
Passed v0 cuts
Passed v0 cuts
Passed v0 cuts
Passed v0 cuts
looking at tracks now
1
OBJ: GblTrack	GblTrack	
satisfied timing cuts...
171.382467725   248.408146471
42.6586723328 -1.32200288773
Passed v0 cuts
looking at tracks now
1
OBJ: GblTrack	GblTrack	
satisfied timing cuts...
40.5338312034   190.926129215
128.787857689   190.926129215
144.686855541   190.926129215
44.6099128723 2.42074418068
Passed v0 cuts
looking at tracks now
1
OBJ: GblTrack	GblTrack	
satisfied timing cuts...
Passed v0 cuts
Passed v0 cuts
looking at tracks now
1
OBJ: GblTrack	GblTrack	
satisfied timing cuts...
170.512284933   192.116740474
42.6786766052 -2.08797669411
Passed v0 cuts
Passed v0 cuts
looking at tracks now
1
OBJ: GblTrack	GblTrack	
Passed v0 cuts
looking at tracks now
1
OBJ: GblTrack	GblTrack	
Passed v0 cuts
looking at tracks now
1
OBJ: GblTrack	GblTrack	
satisfied timing cuts...
163.502468296   285.819197958
42.5923461914 -0.946319758892
Passed v0 cuts
looking at tracks now
1
OBJ: GblTrack	GblTrack	
satisfied timing cuts...
Passed v0 cuts
Passed v0 cuts
Passed v0 cuts
Passed v0 cuts
looking at tracks now
1
OBJ: GblTrack	GblTrack	
satisfied timing cuts...
40.5798988342 -4.45918369293
Passed v0 cuts
Passed v0 cuts
looking at tracks now
1
OBJ: GblTrack	GblTrack	
satisfied timing cuts...
Passed v0 cuts
Passed v0 cuts
Passed v0 cuts
looking at tracks now
1
OBJ: GblTrack	GblTrack	
satisfied timing cuts...
140.088684082 -1.46033477783
Passed v0 cuts
looking at tracks now
1
OBJ: GblTrack	GblTrack	
satisfied timing cuts...
161.448505862   216.296891955
161.448505862   220.878000161
161.448505862   201.87252155
40.6171913147 -2.26614093781
Passed v0 cuts
looking at tracks now
1
OBJ: GblTrack	GblTrack	
satisfied timing cuts...
139.039677237   200.53519416
170.45638568   200.53519416
42.3771018982 -1.32476210594
Passed v0 cuts
looking at tracks now
1
OBJ: GblTrack	GblTrack	
satisfied timing cuts...
169.661884282   193.17459711
38.6516952515 -4.81984376907
Passed v0 cuts
looking at tracks now
1
OBJ: GblTrack	GblTrack	
satisfied timing cuts...
42.6632423401 -0.980782747269
Passed v0 cuts
looking at tracks now
1
OBJ: GblTrack	GblTrack	
satisfied timing cuts...
Passed v0 cuts
looking at tracks now
1
OBJ: GblTrack	GblTrack	
satisfied timing cuts...
148.077901366   194.813027916
156.728131931   194.813027916
44.629863739 1.65039360523
Passed v0 cuts
Passed v0 cuts
Passed v0 cuts
looking at tracks now
1
OBJ: GblTrack	GblTrack	
satisfied timing cuts...
129.876896408   194.224643456
Passed v0 cuts
Passed v0 cuts
40.6066856384 -3.82560157776
Passed v0 cuts
Passed v0 cuts
looking at tracks now
1
OBJ: GblTrack	GblTrack	
satisfied timing cuts...
138.347025445   194.456249762
Passed v0 cuts
44.6608047485 1.82250595093
Passed v0 cuts
Passed v0 cuts
Passed v0 cuts
Passed v0 cuts
looking at tracks now
1
OBJ: GblTrack	GblTrack	
satisfied timing cuts...
165.958664037   214.290048517
42.6347618103 -0.996068418026
Passed v0 cuts
looking at tracks now
1
OBJ: GblTrack	GblTrack	
satisfied timing cuts...
44.6899185181 2.35680651665
Passed v0 cuts
Passed v0 cuts
looking at tracks now
1
OBJ: GblTrack	GblTrack	
satisfied timing cuts...
169.849265512   295.231150494
169.849265512   245.899805039
42.599029541 -1.04282557964
Passed v0 cuts
looking at tracks now
1
OBJ: GblTrack	GblTrack	
satisfied timing cuts...
Passed v0 cuts
looking at tracks now
1
OBJ: GblTrack	GblTrack	
satisfied timing cuts...
42.6487045288 0.629495382309
42.6487045288 -0.174273133278
Passed v0 cuts
Passed v0 cuts
looking at tracks now
1
OBJ: GblTrack	GblTrack	
Passed v0 cuts
Passed v0 cuts
Passed v0 cuts
looking at tracks now
1
OBJ: GblTrack	GblTrack	
satisfied timing cuts...
154.702142751   205.888917363
44.6277389526 1.24645519257
Passed v0 cuts
Passed v0 cuts
Passed v0 cuts
Passed v0 cuts
Passed v0 cuts
looking at tracks now
1
OBJ: GblTrack	GblTrack	
satisfied timing cuts...
40.6022415161 -3.16609191895
Passed v0 cuts
looking at tracks now
1
OBJ: GblTrack	GblTrack	
Passed v0 cuts
looking at tracks now
1
OBJ: GblTrack	GblTrack	
satisfied timing cuts...
42.5246582031 -1.62111020088
Passed v0 cuts
looking at tracks now
1
OBJ: GblTrack	GblTrack	
satisfied timing cuts...
135.226439471   194.53405928
40.6128692627 -3.31014728546
Passed v0 cuts
looking at tracks now
1
OBJ: GblTrack	GblTrack	
satisfied timing cuts...
44.5815238953 1.3063877821
Passed v0 cuts
looking at tracks now
1
OBJ: GblTrack	GblTrack	
satisfied timing cuts...
40.4914703369 -1.83814430237
Passed v0 cuts
looking at tracks now
1
OBJ: GblTrack	GblTrack	
satisfied timing cuts...
107.158046115   215.970530026
131.170762716   215.970530026
42.5467910767 -1.20112669468
Passed v0 cuts
Passed v0 cuts
Passed v0 cuts
Passed v0 cuts
Passed v0 cuts
Passed v0 cuts
Passed v0 cuts
Passed v0 cuts
Passed v0 cuts
Passed v0 cuts
Passed v0 cuts
Passed v0 cuts
Passed v0 cuts
Passed v0 cuts
Passed v0 cuts
looking at tracks now
1
OBJ: GblTrack	GblTrack	
satisfied timing cuts...
Passed v0 cuts
Passed v0 cuts
looking at tracks now
1
OBJ: GblTrack	GblTrack	
Passed v0 cuts
looking at tracks now
1
OBJ: GblTrack	GblTrack	
satisfied timing cuts...
Passed v0 cuts
looking at tracks now
1
OBJ: GblTrack	GblTrack	
satisfied timing cuts...
42.6307830811 -0.00159087497741
Passed v0 cuts
Passed v0 cuts
Passed v0 cuts
Passed v0 cuts
Passed v0 cuts
Passed v0 cuts
Passed v0 cuts
Passed v0 cuts
Passed v0 cuts
looking at tracks now
1
OBJ: GblTrack	GblTrack	
satisfied timing cuts...
Passed v0 cuts
looking at tracks now
1
OBJ: GblTrack	GblTrack	
satisfied timing cuts...
38.4913024902 -2.00903964043
Passed v0 cuts
looking at tracks now
1
OBJ: GblTrack	GblTrack	
satisfied timing cuts...
104.576447711   196.450809684
40.5051879883 -2.55539011955
Passed v0 cuts
looking at tracks now
1
OBJ: GblTrack	GblTrack	
satisfied timing cuts...
38.624786377 -4.95883321762
Passed v0 cuts
looking at tracks now
1
OBJ: GblTrack	GblTrack	
satisfied timing cuts...
40.6676483154 -3.75124955177
Passed v0 cuts
looking at tracks now
1
OBJ: GblTrack	GblTrack	
satisfied timing cuts...
40.6007347107 -3.00901556015
Passed v0 cuts
looking at tracks now
1
OBJ: GblTrack	GblTrack	
satisfied timing cuts...
44.6470909119 1.67833006382
Passed v0 cuts
looking at tracks now
1
OBJ: GblTrack	GblTrack	
satisfied timing cuts...
158.821648661   201.929715485
159.263712657   201.929715485
129.283288748   201.929715485
42.6753921509 -1.82289493084
Passed v0 cuts
looking at tracks now
1
OBJ: GblTrack	GblTrack	
Passed v0 cuts
looking at tracks now
1
OBJ: GblTrack	GblTrack	
satisfied timing cuts...
127.290552624   193.928778284
90.5064771663   193.928778284
42.7106819153 -0.385441094637
Passed v0 cuts
looking at tracks now
1
OBJ: GblTrack	GblTrack	
Passed v0 cuts
Passed v0 cuts
looking at tracks now
1
OBJ: GblTrack	GblTrack	
satisfied timing cuts...
171.657681977   202.071118872
171.657681977   269.044825635
171.657681977   231.928624633
42.5795173645 -1.26210737228
Passed v0 cuts
Passed v0 cuts
looking at tracks now
1
OBJ: GblTrack	GblTrack	
satisfied timing cuts...
Passed v0 cuts
Passed v0 cuts
Passed v0 cuts
Passed v0 cuts
looking at tracks now
1
OBJ: GblTrack	GblTrack	
satisfied timing cuts...
157.665308502   249.947089299
44.6520500183 0.289590746164
Passed v0 cuts
Passed v0 cuts
looking at tracks now
1
OBJ: GblTrack	GblTrack	
satisfied timing cuts...
170.575088912   211.413199009
170.575088912   194.813562633
170.575088912   278.721131964
40.4700813293 -3.106726408
Passed v0 cuts
Passed v0 cuts
looking at tracks now
1
OBJ: GblTrack	GblTrack	
satisfied timing cuts...
157.610173424   195.387563746
42.6002197266 -1.16723370552
Passed v0 cuts
Passed v0 cuts
Passed v0 cuts
looking at tracks now
1
OBJ: GblTrack	GblTrack	
satisfied timing cuts...
144.155159017   211.399396525
144.155159017   207.551994881
40.5885124207 -2.99297142029
Passed v0 cuts
looking at tracks now
1
OBJ: GblTrack	GblTrack	
satisfied timing cuts...
44.598487854 1.07321083546
Passed v0 cuts
looking at tracks now
1
OBJ: GblTrack	GblTrack	
satisfied timing cuts...
170.71219651   209.837483636
170.71219651   314.285217384
170.71219651   185.70299724
42.6134529114 -0.842729330063
Passed v0 cuts
looking at tracks now
1
OBJ: GblTrack	GblTrack	
satisfied timing cuts...
63.9518015465   207.246369322
40.5600738525 -3.44213700294
Passed v0 cuts
looking at tracks now
1
OBJ: GblTrack	GblTrack	
satisfied timing cuts...
Passed v0 cuts
looking at tracks now
1
OBJ: GblTrack	GblTrack	
satisfied timing cuts...
158.528432705   210.04813782
158.528432705   230.5663833
40.4768447876 -3.41538214684
Passed v0 cuts
looking at tracks now
1
OBJ: GblTrack	GblTrack	
satisfied timing cuts...
170.337049378   259.171496713
40.660358429 -2.37415456772
Passed v0 cuts
looking at tracks now
1
OBJ: GblTrack	GblTrack	
satisfied timing cuts...
161.816691147   206.640694393
42.6157722473 -2.1587562561
Passed v0 cuts
Passed v0 cuts
Passed v0 cuts
looking at tracks now
1
OBJ: GblTrack	GblTrack	
satisfied timing cuts...
167.446596188   329.846580369
42.5985984802 -1.41342413425
Passed v0 cuts
Passed v0 cuts
Passed v0 cuts
Passed v0 cuts
Passed v0 cuts
looking at tracks now
1
OBJ: GblTrack	GblTrack	
satisfied timing cuts...
125.720452698   206.369796873
128.372231049   206.369796873
40.6427574158 -3.63866186142
Passed v0 cuts
looking at tracks now
1
OBJ: GblTrack	GblTrack	
satisfied timing cuts...
170.254367302   186.117821571
42.6234893799 -1.11782026291
Passed v0 cuts
looking at tracks now
1
OBJ: GblTrack	GblTrack	
satisfied timing cuts...
168.885409929   249.134820168
Passed v0 cuts
looking at tracks now
1
OBJ: GblTrack	GblTrack	
satisfied timing cuts...
168.885409929   249.134820168
42.6552772522 -1.2470048666
42.6552772522 -1.2470048666
Passed v0 cuts
looking at tracks now
1
OBJ: GblTrack	GblTrack	
satisfied timing cuts...
42.6398544312 -0.758595526218
Passed v0 cuts
looking at tracks now
1
OBJ: GblTrack	GblTrack	
satisfied timing cuts...
Passed v0 cuts
looking at tracks now
1
OBJ: GblTrack	GblTrack	
satisfied timing cuts...
Passed v0 cuts
looking at tracks now
1
OBJ: GblTrack	GblTrack	
satisfied timing cuts...
42.3246154785 -1.76279771328
42.3246154785 -1.76279771328
42.3246154785 -1.76279771328
Passed v0 cuts
Passed v0 cuts
looking at tracks now
1
OBJ: GblTrack	GblTrack	
satisfied timing cuts...
79.825732116   194.450708319
44.6070251465 1.48412561417
Passed v0 cuts
looking at tracks now
1
OBJ: GblTrack	GblTrack	
satisfied timing cuts...
139.071811973   193.986173422
52.6228218079 8.87622833252
Passed v0 cuts
looking at tracks now
1
OBJ: GblTrack	GblTrack	
satisfied timing cuts...
138.725534893   192.89883248
40.6015319824 -3.98727750778
Passed v0 cuts
looking at tracks now
1
OBJ: GblTrack	GblTrack	
satisfied timing cuts...
134.802947497   195.610224472
138.654560539   195.610224472
Passed v0 cuts
looking at tracks now
1
OBJ: GblTrack	GblTrack	
Passed v0 cuts
looking at tracks now
1
OBJ: GblTrack	GblTrack	
satisfied timing cuts...
134.802947497   195.610224472
138.654560539   195.610224472
40.5367927551 -2.59789872169
40.5367927551 -2.59789872169
Passed v0 cuts
Passed v0 cuts
looking at tracks now
1
OBJ: GblTrack	GblTrack	
satisfied timing cuts...
162.035655733   197.919469493
42.6579818726 -1.82554590702
Passed v0 cuts
Passed v0 cuts
looking at tracks now
1
OBJ: GblTrack	GblTrack	
satisfied timing cuts...
42.5894088745 -1.42615091801
Passed v0 cuts
looking at tracks now
1
OBJ: GblTrack	GblTrack	
satisfied timing cuts...
40.6401062012 -1.79445612431
Passed v0 cuts
looking at tracks now
1
OBJ: GblTrack	GblTrack	
satisfied timing cuts...
106.315883065   187.70960005
53.6580939557   187.70960005
38.5886917114 -3.93511772156
Passed v0 cuts
looking at tracks now
1
OBJ: GblTrack	GblTrack	
Passed v0 cuts
looking at tracks now
1
OBJ: GblTrack	GblTrack	
satisfied timing cuts...
64.593788147 -5.2847366333
Passed v0 cuts
looking at tracks now
1
OBJ: GblTrack	GblTrack	
satisfied timing cuts...
146.522333085   266.189350874
42.5663795471 -0.479935079813
Passed v0 cuts
looking at tracks now
1
OBJ: GblTrack	GblTrack	
satisfied timing cuts...
159.044074781   193.707402435
42.7165908813 -1.04306602478
Passed v0 cuts
Passed v0 cuts
looking at tracks now
1
OBJ: GblTrack	GblTrack	
satisfied timing cuts...
Passed v0 cuts
looking at tracks now
1
OBJ: GblTrack	GblTrack	
satisfied timing cuts...
42.6582756042 0.178974330425
42.6582756042 0.178974330425
Passed v0 cuts
looking at tracks now
1
OBJ: GblTrack	GblTrack	
satisfied timing cuts...
159.334267865   270.947910606
42.6775627136 -1.18309009075
Passed v0 cuts
Passed v0 cuts
Passed v0 cuts
Passed v0 cuts
Passed v0 cuts
Passed v0 cuts
Passed v0 cuts
looking at tracks now
1
OBJ: GblTrack	GblTrack	
satisfied timing cuts...
Passed v0 cuts
looking at tracks now
1
OBJ: GblTrack	GblTrack	
satisfied timing cuts...
Passed v0 cuts
40.6532440186 -2.35644817352
40.6532440186 -2.35644817352
Passed v0 cuts
looking at tracks now
1
OBJ: GblTrack	GblTrack	
satisfied timing cuts...
172.916310933   190.429704601
40.6655883789 -2.60228085518
Passed v0 cuts
looking at tracks now
1
OBJ: GblTrack	GblTrack	
satisfied timing cuts...
Passed v0 cuts
looking at tracks now
1
OBJ: GblTrack	GblTrack	
satisfied timing cuts...
42.5975952148 -0.26733314991
42.5975952148 -0.26733314991
Passed v0 cuts
Passed v0 cuts
looking at tracks now
1
OBJ: GblTrack	GblTrack	
satisfied timing cuts...
Passed v0 cuts
looking at tracks now
1
OBJ: GblTrack	GblTrack	
satisfied timing cuts...
42.5565948486 -0.941424846649
Passed v0 cuts
Passed v0 cuts
Passed v0 cuts
Passed v0 cuts
Passed v0 cuts
looking at tracks now
1
OBJ: GblTrack	GblTrack	
satisfied timing cuts...
42.6317062378 -1.0371710062
Passed v0 cuts
Passed v0 cuts
looking at tracks now
1
OBJ: GblTrack	GblTrack	
satisfied timing cuts...
166.557984112   336.24937342
42.4659500122 -0.941889882088
Passed v0 cuts
looking at tracks now
1
OBJ: GblTrack	GblTrack	
satisfied timing cuts...
44.6472167969 0.648136973381
Passed v0 cuts
looking at tracks now
1
OBJ: GblTrack	GblTrack	
satisfied timing cuts...
152.442656899   192.094947314
129.76976813   192.094947314
133.558755274   192.094947314
40.5615196228 -5.22837877274
Passed v0 cuts
Passed v0 cuts
Passed v0 cuts
Passed v0 cuts
Passed v0 cuts
Passed v0 cuts
looking at tracks now
1
OBJ: GblTrack	GblTrack	
satisfied timing cuts...
Passed v0 cuts
looking at tracks now
1
OBJ: GblTrack	GblTrack	
satisfied timing cuts...
171.11372214   202.753335466
153.801398451   202.753335466
42.5849304199 -1.18334257603
Passed v0 cuts
looking at tracks now
1
OBJ: GblTrack	GblTrack	
satisfied timing cuts...
137.588980867   197.780984221
40.6090927124 -3.11647295952
Passed v0 cuts
looking at tracks now
1
OBJ: GblTrack	GblTrack	
Passed v0 cuts
Passed v0 cuts
Passed v0 cuts
Passed v0 cuts
looking at tracks now
1
OBJ: GblTrack	GblTrack	
satisfied timing cuts...
143.196316894   213.292268465
Passed v0 cuts
looking at tracks now
1
OBJ: GblTrack	GblTrack	
satisfied timing cuts...
143.196316894   213.292268465
40.6138763428 -3.82821798325
40.6138763428 -3.82821798325
Passed v0 cuts
looking at tracks now
1
OBJ: GblTrack	GblTrack	
satisfied timing cuts...
169.45882397   202.097169993
Passed v0 cuts
looking at tracks now
1
OBJ: GblTrack	GblTrack	
satisfied timing cuts...
169.45882397   202.097169993
40.6202697754 -2.92028069496
40.6202697754 -3.19581913948
Passed v0 cuts
looking at tracks now
1
OBJ: GblTrack	GblTrack	
satisfied timing cuts...
Passed v0 cuts
looking at tracks now
1
OBJ: GblTrack	GblTrack	
satisfied timing cuts...
135.665243174   212.667858101
42.6834526062 -1.32689678669
Passed v0 cuts
looking at tracks now
1
OBJ: GblTrack	GblTrack	
satisfied timing cuts...
40.6606140137 -3.26563978195
Passed v0 cuts
looking at tracks now
1
OBJ: GblTrack	GblTrack	
satisfied timing cuts...
144.136562836   195.615298124
Passed v0 cuts
looking at tracks now
1
OBJ: GblTrack	GblTrack	
satisfied timing cuts...
144.136562836   195.615298124
44.7373809814 -0.242496341467
44.7373809814 -0.242496341467
Passed v0 cuts
Passed v0 cuts
Passed v0 cuts
Passed v0 cuts
Passed v0 cuts
looking at tracks now
1
OBJ: GblTrack	GblTrack	
satisfied timing cuts...
170.350663797   290.284524786
40.6511459351 -2.38599038124
Passed v0 cuts
Passed v0 cuts
looking at tracks now
1
OBJ: GblTrack	GblTrack	
satisfied timing cuts...
130.516871401   198.798381227
42.4062538147 -0.307429134846
Passed v0 cuts
looking at tracks now
1
OBJ: GblTrack	GblTrack	
satisfied timing cuts...
66.3566192769   198.666777934
159.824855237   198.666777934
101.909812927 -0.841320872307
Passed v0 cuts
Passed v0 cuts
Passed v0 cuts
looking at tracks now
1
OBJ: GblTrack	GblTrack	
satisfied timing cuts...
153.235699958   218.720193886
38.4333724976 -4.96769237518
Passed v0 cuts
looking at tracks now
1
OBJ: GblTrack	GblTrack	
satisfied timing cuts...
44.7145309448 0.729608952999
Passed v0 cuts
Passed v0 cuts
looking at tracks now
1
OBJ: GblTrack	GblTrack	
satisfied timing cuts...
Passed v0 cuts
42.4458770752 -0.0575970448554
Passed v0 cuts
looking at tracks now
1
OBJ: GblTrack	GblTrack	
satisfied timing cuts...
44.6406707764 1.37806761265
Passed v0 cuts
looking at tracks now
1
OBJ: GblTrack	GblTrack	
satisfied timing cuts...
123.422061986   189.296994783
174.154406383   189.296994783
161.371519919   189.296994783
40.6855545044 -2.44983530045
Passed v0 cuts
looking at tracks now
1
OBJ: GblTrack	GblTrack	
satisfied timing cuts...
148.388274517   194.490324605
Passed v0 cuts
looking at tracks now
1
OBJ: GblTrack	GblTrack	
satisfied timing cuts...
148.388274517   194.490324605
42.5781784058 -0.931087970734
42.5781784058 -0.0617921948433
Passed v0 cuts
Passed v0 cuts
Passed v0 cuts
Passed v0 cuts
Passed v0 cuts
looking at tracks now
1
OBJ: GblTrack	GblTrack	
satisfied timing cuts...
123.818768845   189.302613496
123.818768845   207.467705237
42.634311676 -0.544531047344
Passed v0 cuts
looking at tracks now
1
OBJ: GblTrack	GblTrack	
satisfied timing cuts...
Passed v0 cuts
looking at tracks now
1
OBJ: GblTrack	GblTrack	
satisfied timing cuts...
Passed v0 cuts
looking at tracks now
1
OBJ: GblTrack	GblTrack	
satisfied timing cuts...
Passed v0 cuts
looking at tracks now
1
OBJ: GblTrack	GblTrack	
satisfied timing cuts...
40.2926101685 -3.44631505013
Passed v0 cuts
looking at tracks now
1
OBJ: GblTrack	GblTrack	
satisfied timing cuts...
119.370564259   205.026570031
44.5349998474 1.06950616837
Passed v0 cuts
looking at tracks now
1
OBJ: GblTrack	GblTrack	
satisfied timing cuts...
42.5486717224 -1.68579363823
Passed v0 cuts
looking at tracks now
1
OBJ: GblTrack	GblTrack	
satisfied timing cuts...
42.6261749268 -1.54645383358
Passed v0 cuts
looking at tracks now
1
OBJ: GblTrack	GblTrack	
satisfied timing cuts...
40.6060562134 -1.13164234161
Passed v0 cuts
looking at tracks now
1
OBJ: GblTrack	GblTrack	
satisfied timing cuts...
168.979139325   281.543823305
168.979139325   230.893369003
42.5991668701 -2.06857347488
Passed v0 cuts
looking at tracks now
1
OBJ: GblTrack	GblTrack	
satisfied timing cuts...
156.71486883   255.491388684
42.6175079346 -0.700675308704
Passed v0 cuts
looking at tracks now
1
OBJ: GblTrack	GblTrack	
satisfied timing cuts...
40.5353088379 -3.26512098312
Passed v0 cuts
looking at tracks now
1
OBJ: GblTrack	GblTrack	
satisfied timing cuts...
174.635584179   191.564755708
Passed v0 cuts
looking at tracks now
1
OBJ: GblTrack	GblTrack	
satisfied timing cuts...
174.635584179   191.564755708
44.6225891113 -1.73970961571
44.6225891113 0.622699022293
Passed v0 cuts
looking at tracks now
1
OBJ: GblTrack	GblTrack	
Passed v0 cuts
looking at tracks now
1
OBJ: GblTrack	GblTrack	
satisfied timing cuts...
124.612932398   199.892146673
42.6617279053 0.592063009739
Passed v0 cuts
looking at tracks now
1
OBJ: GblTrack	GblTrack	
satisfied timing cuts...
38.5496482849 -4.76397275925
Passed v0 cuts
looking at tracks now
1
OBJ: GblTrack	GblTrack	
satisfied timing cuts...
Passed v0 cuts
looking at tracks now
1
OBJ: GblTrack	GblTrack	
satisfied timing cuts...
Passed v0 cuts
100.091125488 -3.94772720337
Passed v0 cuts
Passed v0 cuts
Passed v0 cuts
looking at tracks now
1
OBJ: GblTrack	GblTrack	
satisfied timing cuts...
164.536905839   198.764710586
44.6948013306 0.841661155224
Passed v0 cuts
looking at tracks now
1
OBJ: GblTrack	GblTrack	
satisfied timing cuts...
169.745452893   339.724781905
42.6142120361 -1.35788154602
Passed v0 cuts
looking at tracks now
1
OBJ: GblTrack	GblTrack	
satisfied timing cuts...
166.691377869   194.0133233
52.7365837097 6.06143856049
Passed v0 cuts
looking at tracks now
1
OBJ: GblTrack	GblTrack	
satisfied timing cuts...
157.346151285   190.944452409
157.346151285   259.535776182
157.346151285   218.456009967
44.6349067688 1.07702851295
Passed v0 cuts
looking at tracks now
1
OBJ: GblTrack	GblTrack	
satisfied timing cuts...
168.845102237   282.587296921
168.845102237   209.327339027
168.845102237   228.766526492
42.7430801392 -1.62797546387
Passed v0 cuts
looking at tracks now
1
OBJ: GblTrack	GblTrack	
satisfied timing cuts...
152.578758754   216.264021079
172.761294611   216.264021079
44.6418380737 2.04134345055
Passed v0 cuts
looking at tracks now
1
OBJ: GblTrack	GblTrack	
satisfied timing cuts...
163.57673214   191.345701006
42.5016860962 -1.86938929558
Passed v0 cuts
looking at tracks now
1
OBJ: GblTrack	GblTrack	
satisfied timing cuts...
Passed v0 cuts
44.545589447 2.73463320732
Passed v0 cuts
looking at tracks now
1
OBJ: GblTrack	GblTrack	
satisfied timing cuts...
Passed v0 cuts
looking at tracks now
1
OBJ: GblTrack	GblTrack	
satisfied timing cuts...
80.9865181767   189.774291969
42.6401557922 -0.97150427103
Passed v0 cuts
Passed v0 cuts
Passed v0 cuts
looking at tracks now
1
OBJ: GblTrack	GblTrack	
satisfied timing cuts...
42.6363105774 -0.633762419224
Passed v0 cuts
Passed v0 cuts
Passed v0 cuts
Passed v0 cuts
looking at tracks now
1
OBJ: GblTrack	GblTrack	
satisfied timing cuts...
40.5920944214 -1.94315910339
Passed v0 cuts
looking at tracks now
1
OBJ: GblTrack	GblTrack	
satisfied timing cuts...
42.608341217 -1.26393544674
Passed v0 cuts
Passed v0 cuts
looking at tracks now
1
OBJ: GblTrack	GblTrack	
satisfied timing cuts...
169.750481123   217.142823594
42.5596923828 -1.40646934509
Passed v0 cuts
looking at tracks now
1
OBJ: GblTrack	GblTrack	
satisfied timing cuts...
170.032350823   228.706679995
40.5774917603 -2.99414896965
Passed v0 cuts
looking at tracks now
1
OBJ: GblTrack	GblTrack	
satisfied timing cuts...
129.871043424   191.508844508
167.10094233   191.508844508
145.1477167   191.508844508
42.6484298706 -1.2839370966
Passed v0 cuts
Passed v0 cuts
looking at tracks now
1
OBJ: GblTrack	GblTrack	
satisfied timing cuts...
Passed v0 cuts
Passed v0 cuts
looking at tracks now
1
OBJ: GblTrack	GblTrack	
satisfied timing cuts...
170.819976456   187.541799863
42.575504303 -1.66848087311
Passed v0 cuts
looking at tracks now
1
OBJ: GblTrack	GblTrack	
satisfied timing cuts...
Passed v0 cuts
looking at tracks now
1
OBJ: GblTrack	GblTrack	
satisfied timing cuts...
Passed v0 cuts
looking at tracks now
1
OBJ: GblTrack	GblTrack	
satisfied timing cuts...
42.6743049622 -0.185344591737
42.6743049622 -0.185344591737
42.6743049622 -0.185344591737
Passed v0 cuts
Passed v0 cuts
looking at tracks now
1
OBJ: GblTrack	GblTrack	
satisfied timing cuts...
141.950016508   195.588582949
110.954417113   195.588582949
Passed v0 cuts
looking at tracks now
1
OBJ: GblTrack	GblTrack	
satisfied timing cuts...
141.950016508   195.588582949
110.954417113   195.588582949
42.6809387207 -1.47800040245
42.6809387207 -1.47800040245
Passed v0 cuts
looking at tracks now
1
OBJ: GblTrack	GblTrack	
satisfied timing cuts...
Passed v0 cuts
Passed v0 cuts
Passed v0 cuts
looking at tracks now
1
OBJ: GblTrack	GblTrack	
Passed v0 cuts
looking at tracks now
1
OBJ: GblTrack	GblTrack	
satisfied timing cuts...
160.071260959   189.205343388
104.576447711   189.205343388
40.5794334412 -2.74783992767
Passed v0 cuts
Passed v0 cuts
Passed v0 cuts
Passed v0 cuts
Passed v0 cuts
looking at tracks now
1
OBJ: GblTrack	GblTrack	
satisfied timing cuts...
166.08716182   232.102546331
40.5859222412 -2.35644960403
Passed v0 cuts
looking at tracks now
1
OBJ: GblTrack	GblTrack	
satisfied timing cuts...
145.794353236   189.273079284
55.4240478386   189.273079284
40.6114730835 -2.12692594528
Passed v0 cuts
looking at tracks now
1
OBJ: GblTrack	GblTrack	
satisfied timing cuts...
40.6039123535 -2.36515712738
Passed v0 cuts
looking at tracks now
1
OBJ: GblTrack	GblTrack	
satisfied timing cuts...
164.173418577   241.076014678
44.7193908691 1.34586441517
Passed v0 cuts
looking at tracks now
1
OBJ: GblTrack	GblTrack	
satisfied timing cuts...
42.687286377 -0.687922477722
Passed v0 cuts
looking at tracks now
1
OBJ: GblTrack	GblTrack	
satisfied timing cuts...
42.6786956787 -0.353258341551
Passed v0 cuts
looking at tracks now
1
OBJ: GblTrack	GblTrack	
satisfied timing cuts...
173.576790132   204.871971931
42.4685668945 -0.94147002697
Passed v0 cuts
looking at tracks now
1
OBJ: GblTrack	GblTrack	
satisfied timing cuts...
Passed v0 cuts
42.6325302124 -0.193836435676
Passed v0 cuts
looking at tracks now
1
OBJ: GblTrack	GblTrack	
satisfied timing cuts...
Passed v0 cuts
Passed v0 cuts
Passed v0 cuts
Passed v0 cuts
Passed v0 cuts
looking at tracks now
1
OBJ: GblTrack	GblTrack	
satisfied timing cuts...
77.5919684938   195.059739788
44.6257705688 1.53477442265
Passed v0 cuts
looking at tracks now
1
OBJ: GblTrack	GblTrack	
satisfied timing cuts...
165.162247547   187.356056102
165.162247547   246.972843548
44.6465797424 -0.332970827818
Passed v0 cuts
looking at tracks now
1
OBJ: GblTrack	GblTrack	
satisfied timing cuts...
159.745699365   210.19281476
159.745699365   189.231315068
40.6403884888 -2.68013477325
Passed v0 cuts
looking at tracks now
1
OBJ: GblTrack	GblTrack	
satisfied timing cuts...
42.642326355 -1.83097457886
Passed v0 cuts
looking at tracks now
1
OBJ: GblTrack	GblTrack	
satisfied timing cuts...
42.5601997375 -0.180876642466
Passed v0 cuts
looking at tracks now
1
OBJ: GblTrack	GblTrack	
satisfied timing cuts...
170.748609702   230.72001024
40.6070518494 -2.87778329849
Passed v0 cuts
looking at tracks now
1
OBJ: GblTrack	GblTrack	
satisfied timing cuts...
166.963069927   209.927192239
40.6231079102 -3.6240336895
Passed v0 cuts
Passed v0 cuts
Passed v0 cuts
Passed v0 cuts
Passed v0 cuts
looking at tracks now
1
OBJ: GblTrack	GblTrack	
satisfied timing cuts...
170.816713258   187.725370446
170.816713258   209.138566092
40.5847663879 -2.61374735832
Passed v0 cuts
Passed v0 cuts
Passed v0 cuts
Passed v0 cuts
Passed v0 cuts
looking at tracks now
1
OBJ: GblTrack	GblTrack	
satisfied timing cuts...
42.6532592773 -1.34612166882
Passed v0 cuts
looking at tracks now
1
OBJ: GblTrack	GblTrack	
satisfied timing cuts...
42.5935211182 -1.22564637661
Passed v0 cuts
Passed v0 cuts
Passed v0 cuts
Passed v0 cuts
Passed v0 cuts
looking at tracks now
1
OBJ: GblTrack	GblTrack	
satisfied timing cuts...
145.861147664   189.963343541
Passed v0 cuts
looking at tracks now
1
OBJ: GblTrack	GblTrack	
satisfied timing cuts...
145.861147664   189.963343541
Passed v0 cuts
looking at tracks now
1
OBJ: GblTrack	GblTrack	
satisfied timing cuts...
145.861147664   189.963343541
42.5888748169 -1.18969357014
42.5888748169 -1.18969357014
42.5888748169 -1.18969357014
Passed v0 cuts
looking at tracks now
1
OBJ: GblTrack	GblTrack	
satisfied timing cuts...
157.278162809   187.625804945
42.6036491394 -0.916123747826
Passed v0 cuts
looking at tracks now
1
OBJ: GblTrack	GblTrack	
satisfied timing cuts...
168.610709874   230.88644853
168.610709874   187.422459584
168.610709874   267.069085086
44.6024971008 0.621030688286
Passed v0 cuts
looking at tracks now
1
OBJ: GblTrack	GblTrack	
satisfied timing cuts...
141.54995939   284.779207336
44.5988349915 0.0836858674884
Passed v0 cuts
Passed v0 cuts
Passed v0 cuts
looking at tracks now
1
OBJ: GblTrack	GblTrack	
satisfied timing cuts...
170.064470372   191.633576748
170.064470372   305.5972637
170.064470372   254.841704691
42.5693588257 -1.28320252895
Passed v0 cuts
Passed v0 cuts
Passed v0 cuts
Passed v0 cuts
looking at tracks now
1
OBJ: GblTrack	GblTrack	
satisfied timing cuts...
161.696229585   214.421984703
161.696229585   230.212212545
44.6556510925 0.758711099625
Passed v0 cuts
Passed v0 cuts
Passed v0 cuts
looking at tracks now
1
OBJ: GblTrack	GblTrack	
satisfied timing cuts...
167.571438478   213.931285429
50.4519462585 5.49610090256
Passed v0 cuts
looking at tracks now
1
OBJ: GblTrack	GblTrack	
satisfied timing cuts...
110.375412173   188.079578896
42.6130180359 -0.662662565708
Passed v0 cuts
Passed v0 cuts
Passed v0 cuts
looking at tracks now
1
OBJ: GblTrack	GblTrack	
satisfied timing cuts...
160.315811173   190.936128274
42.6063613892 0.449121177197
Passed v0 cuts
Passed v0 cuts
Passed v0 cuts
Passed v0 cuts
Passed v0 cuts
looking at tracks now
1
OBJ: GblTrack	GblTrack	
satisfied timing cuts...
42.6405105591 -1.03715348244
Passed v0 cuts
looking at tracks now
1
OBJ: GblTrack	GblTrack	
satisfied timing cuts...
169.490579709   247.928974657
42.645362854 -0.79063898325
Passed v0 cuts
looking at tracks now
1
OBJ: GblTrack	GblTrack	
Passed v0 cuts
looking at tracks now
1
OBJ: GblTrack	GblTrack	
satisfied timing cuts...
172.219307057   294.57056686
172.219307057   207.03302763
42.6185150146 -1.18055522442
Passed v0 cuts
looking at tracks now
1
OBJ: GblTrack	GblTrack	
satisfied timing cuts...
113.729361815   191.598737213
40.6270866394 -3.26166534424
Passed v0 cuts
looking at tracks now
1
OBJ: GblTrack	GblTrack	
Passed v0 cuts
looking at tracks now
1
OBJ: GblTrack	GblTrack	
satisfied timing cuts...
161.702895573   192.297267719
40.645401001 -3.27771830559
Passed v0 cuts
Passed v0 cuts
looking at tracks now
1
OBJ: GblTrack	GblTrack	
satisfied timing cuts...
170.115802628   200.116071217
40.6348838806 -3.60686302185
Passed v0 cuts
Passed v0 cuts
looking at tracks now
1
OBJ: GblTrack	GblTrack	
satisfied timing cuts...
38.7045173645 -4.58168125153
Passed v0 cuts
looking at tracks now
1
OBJ: GblTrack	GblTrack	
satisfied timing cuts...
Passed v0 cuts
looking at tracks now
1
OBJ: GblTrack	GblTrack	
satisfied timing cuts...
Passed v0 cuts
looking at tracks now
1
OBJ: GblTrack	GblTrack	
satisfied timing cuts...
172.301669206   204.78311395
42.5309562683 -0.182434722781
Passed v0 cuts
looking at tracks now
1
OBJ: GblTrack	GblTrack	
satisfied timing cuts...
42.6648483276 -1.2270963192
Passed v0 cuts
Passed v0 cuts
looking at tracks now
1
OBJ: GblTrack	GblTrack	
satisfied timing cuts...
166.141394877   252.05427142
166.141394877   201.818532393
166.141394877   189.474043743
40.4636001587 -2.56143522263
Passed v0 cuts
looking at tracks now
1
OBJ: GblTrack	GblTrack	
satisfied timing cuts...
42.618347168 -1.08539044857
Passed v0 cuts
Passed v0 cuts
Passed v0 cuts
looking at tracks now
1
OBJ: GblTrack	GblTrack	
Passed v0 cuts
Passed v0 cuts
Passed v0 cuts
Passed v0 cuts
Passed v0 cuts
Passed v0 cuts
looking at tracks now
1
OBJ: GblTrack	GblTrack	
satisfied timing cuts...
Passed v0 cuts
Passed v0 cuts
looking at tracks now
1
OBJ: GblTrack	GblTrack	
satisfied timing cuts...
158.315601965   216.35152416
42.5916061401 -3.29618930817
Passed v0 cuts
looking at tracks now
1
OBJ: GblTrack	GblTrack	
satisfied timing cuts...
104.717426183   198.215659381
128.451738985   198.215659381
42.5812530518 0.43201059103
Passed v0 cuts
looking at tracks now
1
OBJ: GblTrack	GblTrack	
satisfied timing cuts...
171.473368338   281.287688833
40.5998001099 -4.02842521667
Passed v0 cuts
Passed v0 cuts
looking at tracks now
1
OBJ: GblTrack	GblTrack	
satisfied timing cuts...
171.165101441   191.406031918
106.027039826   191.406031918
44.5290679932 2.15783214569
Passed v0 cuts
looking at tracks now
1
OBJ: GblTrack	GblTrack	
satisfied timing cuts...
Passed v0 cuts
42.6342010498 -0.760271430016
Passed v0 cuts
Passed v0 cuts
looking at tracks now
1
OBJ: GblTrack	GblTrack	
satisfied timing cuts...
169.645626463   191.273296285
169.645626463   213.856283797
40.8161010742 -2.55888724327
Passed v0 cuts
looking at tracks now
1
OBJ: GblTrack	GblTrack	
satisfied timing cuts...
163.735131455   196.71202062
163.735131455   252.71810525
163.735131455   202.398809834
38.5056114197 -5.42395114899
Passed v0 cuts
looking at tracks now
1
OBJ: GblTrack	GblTrack	
satisfied timing cuts...
109.773651558   189.293846012
139.208934854   189.293846012
173.781414442   189.293846012
40.5317497253 -3.16859745979
Passed v0 cuts
looking at tracks now
1
OBJ: GblTrack	GblTrack	
satisfied timing cuts...
Passed v0 cuts
looking at tracks now
1
OBJ: GblTrack	GblTrack	
satisfied timing cuts...
143.621221391   199.367195998
40.6649742126 -2.74205803871
Passed v0 cuts
Passed v0 cuts
looking at tracks now
1
OBJ: GblTrack	GblTrack	
satisfied timing cuts...
40.5205383301 -2.87596535683
Passed v0 cuts
Passed v0 cuts
looking at tracks now
1
OBJ: GblTrack	GblTrack	
satisfied timing cuts...
Passed v0 cuts
looking at tracks now
1
OBJ: GblTrack	GblTrack	
Passed v0 cuts
looking at tracks now
1
OBJ: GblTrack	GblTrack	
satisfied timing cuts...
Passed v0 cuts
looking at tracks now
1
OBJ: GblTrack	GblTrack	
satisfied timing cuts...
Passed v0 cuts
looking at tracks now
1
OBJ: GblTrack	GblTrack	
satisfied timing cuts...
40.605670929 -3.26462125778
Passed v0 cuts
looking at tracks now
1
OBJ: GblTrack	GblTrack	
Passed v0 cuts
Passed v0 cuts
looking at tracks now
1
OBJ: GblTrack	GblTrack	
satisfied timing cuts...
168.490894914   255.608067966
168.490894914   290.314209573
168.490894914   245.983748215
168.490894914   231.850905901
168.490894914   218.66182157
40.5820541382 -3.70059990883
Passed v0 cuts
looking at tracks now
1
OBJ: GblTrack	GblTrack	
satisfied timing cuts...
167.123213443   191.340362789
167.123213443   341.952785279
42.6206855774 -1.37366497517
Passed v0 cuts
looking at tracks now
1
OBJ: GblTrack	GblTrack	
satisfied timing cuts...
124.629236012   204.540068365
44.5476226807 0.899848282337
Passed v0 cuts
Passed v0 cuts
looking at tracks now
1
OBJ: GblTrack	GblTrack	
satisfied timing cuts...
Passed v0 cuts
Passed v0 cuts
looking at tracks now
1
OBJ: GblTrack	GblTrack	
satisfied timing cuts...
44.5986061096 0.169930264354
Passed v0 cuts
looking at tracks now
1
OBJ: GblTrack	GblTrack	
satisfied timing cuts...
103.538449862   197.615963673
42.6755142212 -1.26359307766
Passed v0 cuts
looking at tracks now
1
OBJ: GblTrack	GblTrack	
satisfied timing cuts...
169.284389355   234.638365233
40.6736602783 -2.089605093
Passed v0 cuts
Passed v0 cuts
Passed v0 cuts
Passed v0 cuts
looking at tracks now
1
OBJ: GblTrack	GblTrack	
satisfied timing cuts...
168.127796431   210.298302617
133.25703861   210.298302617
81.2953807401   210.298302617
40.5406150818 -3.84529280663
Passed v0 cuts
******************************************************************************************
Number of Events:		8051 			1.0 			1.0
N(particle) Cuts:		684 			0.0849583902621 			0.0849583902621
V0 Vertex   Cuts:		458 			0.669590643275 			0.0568873431872
Tracking    Cuts:		253 			0.552401746725 			0.0314246677431
ECal Match  Cuts:		222 			0.877470355731 			0.0275742143833
Number of Fake Events Added:  		0 			0.0

------------------------------------------------------------
Sender: LSF System <lsf@fell0131>
Subject: Job 162955: <python tridentAnalysis_pass4.py -m True -o OutputHistograms/MC/wab-beam-tri_HPS-EngRun2015-Nominal-v4-4_pass6_useGBL_ECalMatch.root /nfs/slac/g/hps3/data/engrun2015/pass6/mc/dst/wab-beam-tri/*HPS-EngRun2015-Nominal-v4-4> in cluster <slac> Done

Job <python tridentAnalysis_pass4.py -m True -o OutputHistograms/MC/wab-beam-tri_HPS-EngRun2015-Nominal-v4-4_pass6_useGBL_ECalMatch.root /nfs/slac/g/hps3/data/engrun2015/pass6/mc/dst/wab-beam-tri/*HPS-EngRun2015-Nominal-v4-4> was submitted from host <rhel6-64g> by user <mgraham> in cluster <slac>.
Job was executed on host(s) <fell0131>, in queue <long>, as user <mgraham> in cluster <slac>.
</u/br/mgraham> was used as the home directory.
</u/br/mgraham/hps-analysis/tridents> was used as the working directory.
Started at Tue Jun  7 19:59:52 2016
Results reported on Tue Jun  7 20:00:16 2016

Your job looked like:

------------------------------------------------------------
# LSBATCH: User input
python tridentAnalysis_pass4.py -m True -o OutputHistograms/MC/wab-beam-tri_HPS-EngRun2015-Nominal-v4-4_pass6_useGBL_ECalMatch.root /nfs/slac/g/hps3/data/engrun2015/pass6/mc/dst/wab-beam-tri/*HPS-EngRun2015-Nominal-v4-4
------------------------------------------------------------

Successfully completed.

Resource usage summary:

    CPU time :                                   8.26 sec.
    Max Memory :                                 148 MB
    Average Memory :                             36.00 MB
    Total Requested Memory :                     -
    Delta Memory :                               -
    Max Processes :                              3
    Max Threads :                                4
    Run time :                                   23 sec.
    Turnaround time :                            24 sec.

The output (if any) is above this job summary.

