[ HPS ANALYSIS ]:  Output file is OutputHistograms/MC/BH_HPS-EngRun2015-Nominal-v3-4_pass4_useGBL_ECalMatch_SuperFiducialCut.root
[ HPS ANALYSIS ]: Setting to run as MC
Loading HpsEvent Library from /nfs/slac/g/hps3/users/mgraham/hps-dst/hps-dst-0.10/build/lib/libHpsEvent.so
[ HPS ANALYSIS ]: Reading in root chain from /nfs/slac/g/hps3/data/engrun2015/pass4/mc/dst/BH/*HPS-EngRun2015-Nominal-v3-4
Event 10000
Event 20000
Event 30000
Event 40000
Event 50000
******************************************************************************************
Number of Events:		55176 			1.0 			1.0
N(particle) Cuts:		29296 			0.530955487893 			0.530955487893
V0 Vertex   Cuts:		22569 			0.770378208629 			0.409036537625
Tracking    Cuts:		22021 			0.975718906465 			0.399104683196
ECal Match  Cuts:		2108 			0.0957268062304 			0.0382050166739

------------------------------------------------------------
Sender: LSF System <lsf@kiso0029>
Subject: Job 814459: <python tridentAnalysis_pass4.py -m True -o OutputHistograms/MC/BH_HPS-EngRun2015-Nominal-v3-4_pass4_useGBL_ECalMatch_SuperFiducialCut.root /nfs/slac/g/hps3/data/engrun2015/pass4/mc/dst/BH/*HPS-EngRun2015-Nominal-v3-4> in cluster <slac> Done

Job <python tridentAnalysis_pass4.py -m True -o OutputHistograms/MC/BH_HPS-EngRun2015-Nominal-v3-4_pass4_useGBL_ECalMatch_SuperFiducialCut.root /nfs/slac/g/hps3/data/engrun2015/pass4/mc/dst/BH/*HPS-EngRun2015-Nominal-v3-4> was submitted from host <rhel6-64h> by user <mgraham> in cluster <slac>.
Job was executed on host(s) <kiso0029>, in queue <long>, as user <mgraham> in cluster <slac>.
</u/br/mgraham> was used as the home directory.
</u/br/mgraham/hps-analysis/tridents> was used as the working directory.
Started at Mon May 16 14:32:50 2016
Results reported on Mon May 16 14:33:27 2016

Your job looked like:

------------------------------------------------------------
# LSBATCH: User input
python tridentAnalysis_pass4.py -m True -o OutputHistograms/MC/BH_HPS-EngRun2015-Nominal-v3-4_pass4_useGBL_ECalMatch_SuperFiducialCut.root /nfs/slac/g/hps3/data/engrun2015/pass4/mc/dst/BH/*HPS-EngRun2015-Nominal-v3-4
------------------------------------------------------------

Successfully completed.

Resource usage summary:

    CPU time :                                   29.99 sec.
    Max Memory :                                 152 MB
    Average Memory :                             77.00 MB
    Total Requested Memory :                     -
    Delta Memory :                               -
    Max Processes :                              3
    Max Threads :                                4
    Run time :                                   37 sec.
    Turnaround time :                            38 sec.

The output (if any) is above this job summary.

