[ HPS ANALYSIS ]:  Output file is OutputHistograms/MC/tri_HPS-EngRun2015-Nominal-v3-4_pass4_useGBL.root
[ HPS ANALYSIS ]: Setting to run as MC
Loading HpsEvent Library from /nfs/slac/g/hps3/users/mgraham/hps-dst/hps-dst-0.10/build/lib/libHpsEvent.so
[ HPS ANALYSIS ]: Reading in root chain from /nfs/slac/g/hps3/data/engrun2015/pass4/mc/dst/tri/*HPS-EngRun2015-Nominal-v3-4
******************************************************************************************
Number of Events:		6408 			1.0 			1.0
N(particle) Cuts:		3049 			0.475811485643 			0.475811485643
V0 Vertex   Cuts:		2186 			0.716956379141 			0.3411360799
Tracking    Cuts:		2163 			0.989478499543 			0.337546816479

------------------------------------------------------------
Sender: LSF System <lsf@hequ0118>
Subject: Job 188004: <python tridentAnalysis_pass4.py -m True -o OutputHistograms/MC/tri_HPS-EngRun2015-Nominal-v3-4_pass4_useGBL.root /nfs/slac/g/hps3/data/engrun2015/pass4/mc/dst/tri/*HPS-EngRun2015-Nominal-v3-4> in cluster <slac> Done

Job <python tridentAnalysis_pass4.py -m True -o OutputHistograms/MC/tri_HPS-EngRun2015-Nominal-v3-4_pass4_useGBL.root /nfs/slac/g/hps3/data/engrun2015/pass4/mc/dst/tri/*HPS-EngRun2015-Nominal-v3-4> was submitted from host <rhel6-64l> by user <mgraham> in cluster <slac>.
Job was executed on host(s) <hequ0118>, in queue <long>, as user <mgraham> in cluster <slac>.
</u/br/mgraham> was used as the home directory.
</u/br/mgraham/hps-analysis/tridents> was used as the working directory.
Started at Wed Feb 10 09:54:20 2016
Results reported on Wed Feb 10 09:54:40 2016

Your job looked like:

------------------------------------------------------------
# LSBATCH: User input
python tridentAnalysis_pass4.py -m True -o OutputHistograms/MC/tri_HPS-EngRun2015-Nominal-v3-4_pass4_useGBL.root /nfs/slac/g/hps3/data/engrun2015/pass4/mc/dst/tri/*HPS-EngRun2015-Nominal-v3-4
------------------------------------------------------------

Successfully completed.

Resource usage summary:

    CPU time :                                   14.29 sec.
    Max Memory :                                 48 MB
    Average Memory :                             48.00 MB
    Total Requested Memory :                     -
    Delta Memory :                               -
    Max Swap :                                   441 MB
    Max Processes :                              3
    Max Threads :                                4
    Run time :                                   20 sec.
    Turnaround time :                            22 sec.

The output (if any) is above this job summary.

