[ HPS ANALYSIS ]:  Output file is OutputHistograms/MC/tri_HPS-EngRun2015-Nominal-v3-4_pass4_useGBL_ECalMatch_SuperFiducialCut.root
[ HPS ANALYSIS ]: Setting to run as MC
Loading HpsEvent Library from /nfs/slac/g/hps3/users/mgraham/hps-dst/hps-dst-0.10/build/lib/libHpsEvent.so
[ HPS ANALYSIS ]: Reading in root chain from /nfs/slac/g/hps3/data/engrun2015/pass4/mc/dst/tri/*HPS-EngRun2015-Nominal-v3-4
******************************************************************************************
Number of Events:		6408 			1.0 			1.0
N(particle) Cuts:		3049 			0.475811485643 			0.475811485643
V0 Vertex   Cuts:		2186 			0.716956379141 			0.3411360799
Tracking    Cuts:		2163 			0.989478499543 			0.337546816479
ECal Match  Cuts:		161 			0.0744336569579 			0.0251248439451

------------------------------------------------------------
Sender: LSF System <lsf@hequ0109>
Subject: Job 662174: <python tridentAnalysis_pass4.py -m True -o OutputHistograms/MC/tri_HPS-EngRun2015-Nominal-v3-4_pass4_useGBL_ECalMatch_SuperFiducialCut.root /nfs/slac/g/hps3/data/engrun2015/pass4/mc/dst/tri/*HPS-EngRun2015-Nominal-v3-4> in cluster <slac> Done

Job <python tridentAnalysis_pass4.py -m True -o OutputHistograms/MC/tri_HPS-EngRun2015-Nominal-v3-4_pass4_useGBL_ECalMatch_SuperFiducialCut.root /nfs/slac/g/hps3/data/engrun2015/pass4/mc/dst/tri/*HPS-EngRun2015-Nominal-v3-4> was submitted from host <rhel6-64k> by user <mgraham> in cluster <slac>.
Job was executed on host(s) <hequ0109>, in queue <long>, as user <mgraham> in cluster <slac>.
</u/br/mgraham> was used as the home directory.
</u/br/mgraham/hps-analysis/tridents> was used as the working directory.
Started at Fri May 13 15:37:22 2016
Results reported on Fri May 13 15:37:49 2016

Your job looked like:

------------------------------------------------------------
# LSBATCH: User input
python tridentAnalysis_pass4.py -m True -o OutputHistograms/MC/tri_HPS-EngRun2015-Nominal-v3-4_pass4_useGBL_ECalMatch_SuperFiducialCut.root /nfs/slac/g/hps3/data/engrun2015/pass4/mc/dst/tri/*HPS-EngRun2015-Nominal-v3-4
------------------------------------------------------------

Successfully completed.

Resource usage summary:

    CPU time :                                   13.94 sec.
    Max Memory :                                 41 MB
    Total Requested Memory :                     -
    Delta Memory :                               -
    Max Swap :                                   444 MB
    Max Processes :                              3
    Max Threads :                                4
    Run time :                                   27 sec.
    Turnaround time :                            28 sec.

The output (if any) is above this job summary.

