Loading HpsEvent Library from /nfs/slac/g/hps3/users/mgraham/hps-dst/hps-dst-0.10/build/lib/libHpsEvent.so

[1mRooFit v3.60 -- Developed by Wouter Verkerke and David Kirkby[0m 
                Copyright (C) 2000-2013 NIKHEF, University of California & Stanford University
                All rights reserved, please read http://roofit.sourceforge.net/license.txt

TStreamerInfo::BuildCheck:0: RuntimeWarning: 
   The StreamerInfo of class HpsParticle read from file /nfs/slac/g/hps3/data/engrun2015/pass6/mc/dst/pulser-wab-beam-tri/wabv1-egsv3-triv2-g4v1_1to1_HPS-EngRun2015-Nominal-v4-4-fieldmap_3.8-fix_pulser200ev_1.root
   has the same version (=1) as the active class but a different checksum.
   You should update the version to ClassDef(HpsParticle,2).
   Do not try to write objects with the current class definition,
   the files will not be readable.

TStreamerInfo::CompareContent:0: RuntimeWarning: The following data member of
the in-memory layout version 1 of class 'HpsParticle' is missing from 
the on-file layout version 1:
   double px_corr; //
TStreamerInfo::CompareContent:0: RuntimeWarning: The following data member of
the in-memory layout version 1 of class 'HpsParticle' is missing from 
the on-file layout version 1:
   double py; //
TStreamerInfo::CompareContent:0: RuntimeWarning: The following data member of
the in-memory layout version 1 of class 'HpsParticle' is missing from 
the on-file layout version 1:
   double py_corr; //
TStreamerInfo::CompareContent:0: RuntimeWarning: The following data member of
the in-memory layout version 1 of class 'HpsParticle' is missing from 
the on-file layout version 1:
   double pz; //
TStreamerInfo::CompareContent:0: RuntimeWarning: The following data member of
the in-memory layout version 1 of class 'HpsParticle' is missing from 
the on-file layout version 1:
   double pz_corr; //
TStreamerInfo::CompareContent:0: RuntimeWarning: The following data member of
the in-memory layout version 1 of class 'HpsParticle' is missing from 
the on-file layout version 1:
   double vtx_x; //
TStreamerInfo::CompareContent:0: RuntimeWarning: The following data member of
the in-memory layout version 1 of class 'HpsParticle' is missing from 
the on-file layout version 1:
   double vtx_y; //
TStreamerInfo::CompareContent:0: RuntimeWarning: The following data member of
the in-memory layout version 1 of class 'HpsParticle' is missing from 
the on-file layout version 1:
   double vtx_z; //
TStreamerInfo::CompareContent:0: RuntimeWarning: The following data member of
the in-memory layout version 1 of class 'HpsParticle' is missing from 
the on-file layout version 1:
   double vtx_fit_chi2; //
TStreamerInfo::CompareContent:0: RuntimeWarning: The following data member of
the in-memory layout version 1 of class 'HpsParticle' is missing from 
the on-file layout version 1:
   double energy; //
TStreamerInfo::CompareContent:0: RuntimeWarning: The following data member of
the in-memory layout version 1 of class 'HpsParticle' is missing from 
the on-file layout version 1:
   double mass; //
[ HPS ANALYSIS ]:  Output file is OutputHistograms/MC/pulser-wab-beam-tri_HPS-EngRun2015-Nominal-v4-4_pass6_useGBL_ECalMatch_SuperFiducialCut.root
[ HPS ANALYSIS ]: Setting to run as MC
[ HPS ANALYSIS ]: Reading in root chain from /nfs/slac/g/hps3/data/engrun2015/pass6/mc/dst/pulser-wab-beam-tri/*HPS-EngRun2015-Nominal-v4-4
Passed v0 cuts
Passed v0 cuts
Event 10000
Passed v0 cuts
Passed v0 cuts
Event 20000
Event 30000
Passed v0 cuts
Passed v0 cuts
Passed v0 cuts
Passed v0 cuts
Passed v0 cuts
Passed v0 cuts
Passed v0 cuts
Passed v0 cuts
Passed v0 cuts
Passed v0 cuts
Passed v0 cuts
Passed v0 cuts
Passed v0 cuts
Passed v0 cuts
Passed v0 cuts
Passed v0 cuts
Passed v0 cuts
Passed v0 cuts
Event 40000
Passed v0 cuts
Passed v0 cuts
Passed v0 cuts
Event 50000
Event 60000
Passed v0 cuts
Passed v0 cuts
Passed v0 cuts
Passed v0 cuts
Passed v0 cuts
Passed v0 cuts
Passed v0 cuts
Event 70000
Passed v0 cuts
Passed v0 cuts
Passed v0 cuts
Event 80000
Passed v0 cuts
Passed v0 cuts
Passed v0 cuts
Passed v0 cuts
Event 90000
Passed v0 cuts
Passed v0 cuts
******************************************************************************************
Number of Events:		92500 			1.0 			1.0
N(particle) Cuts:		68 			0.000735135135135 			0.000735135135135
V0 Vertex   Cuts:		41 			0.602941176471 			0.000443243243243
Tracking    Cuts:		0 			0.0 			0.0
ECal Match  Cuts:		0 			Traceback (most recent call last):
  File "tridentAnalysis_pass4.py", line 600, in <module>
    main()
  File "tridentAnalysis_pass4.py", line 587, in main
    print "ECal Match  Cuts:\t\t",nPassECalMatch,"\t\t\t",float(nPassECalMatch)/nPassTrkCuts,"\t\t\t",float(nPassECalMatch)/nEvents
ZeroDivisionError: float division by zero

------------------------------------------------------------
Sender: LSF System <lsf@hequ0046>
Subject: Job 113888: <python tridentAnalysis_pass4.py -m True -o OutputHistograms/MC/pulser-wab-beam-tri_HPS-EngRun2015-Nominal-v4-4_pass6_useGBL_ECalMatch_SuperFiducialCut.root /nfs/slac/g/hps3/data/engrun2015/pass6/mc/dst/pulser-wab-beam-tri/*HPS-EngRun2015-Nominal-v4-4> in cluster <slac> Exited

Job <python tridentAnalysis_pass4.py -m True -o OutputHistograms/MC/pulser-wab-beam-tri_HPS-EngRun2015-Nominal-v4-4_pass6_useGBL_ECalMatch_SuperFiducialCut.root /nfs/slac/g/hps3/data/engrun2015/pass6/mc/dst/pulser-wab-beam-tri/*HPS-EngRun2015-Nominal-v4-4> was submitted from host <rhel6-64e> by user <mgraham> in cluster <slac>.
Job was executed on host(s) <hequ0046>, in queue <long>, as user <mgraham> in cluster <slac>.
</u/br/mgraham> was used as the home directory.
</u/br/mgraham/hps-analysis/tridents> was used as the working directory.
Started at Thu Jun  2 20:18:58 2016
Results reported on Thu Jun  2 20:19:36 2016

Your job looked like:

------------------------------------------------------------
# LSBATCH: User input
python tridentAnalysis_pass4.py -m True -o OutputHistograms/MC/pulser-wab-beam-tri_HPS-EngRun2015-Nominal-v4-4_pass6_useGBL_ECalMatch_SuperFiducialCut.root /nfs/slac/g/hps3/data/engrun2015/pass6/mc/dst/pulser-wab-beam-tri/*HPS-EngRun2015-Nominal-v4-4
------------------------------------------------------------

Exited with exit code 1.

Resource usage summary:

    CPU time :                                   14.36 sec.
    Max Memory :                                 68 MB
    Average Memory :                             68.00 MB
    Total Requested Memory :                     -
    Delta Memory :                               -
    Max Swap :                                   496 MB
    Max Processes :                              3
    Max Threads :                                4
    Run time :                                   25 sec.
    Turnaround time :                            39 sec.

The output (if any) is above this job summary.

