Loading HpsEvent Library from /nfs/slac/g/hps3/users/mgraham/hps-dst/hps-dst-0.10/build/lib/libHpsEvent.so

[1mRooFit v3.60 -- Developed by Wouter Verkerke and David Kirkby[0m 
                Copyright (C) 2000-2013 NIKHEF, University of California & Stanford University
                All rights reserved, please read http://roofit.sourceforge.net/license.txt

TStreamerInfo::BuildCheck:0: RuntimeWarning: 
   The StreamerInfo of class HpsParticle read from file /nfs/slac/g/hps3/data/engrun2015/pass6/mc/dst/pulser-beam-tri/egsv3-triv2-g4v1_1to1_HPS-EngRun2015-Nominal-v4-4-fieldmap_3.8-fix_pulser200ev_1.root
   has the same version (=1) as the active class but a different checksum.
   You should update the version to ClassDef(HpsParticle,2).
   Do not try to write objects with the current class definition,
   the files will not be readable.

TStreamerInfo::CompareContent:0: RuntimeWarning: The following data member of
the in-memory layout version 1 of class 'HpsParticle' is missing from 
the on-file layout version 1:
   double px_corr; //
TStreamerInfo::CompareContent:0: RuntimeWarning: The following data member of
the in-memory layout version 1 of class 'HpsParticle' is missing from 
the on-file layout version 1:
   double py; //
TStreamerInfo::CompareContent:0: RuntimeWarning: The following data member of
the in-memory layout version 1 of class 'HpsParticle' is missing from 
the on-file layout version 1:
   double py_corr; //
TStreamerInfo::CompareContent:0: RuntimeWarning: The following data member of
the in-memory layout version 1 of class 'HpsParticle' is missing from 
the on-file layout version 1:
   double pz; //
TStreamerInfo::CompareContent:0: RuntimeWarning: The following data member of
the in-memory layout version 1 of class 'HpsParticle' is missing from 
the on-file layout version 1:
   double pz_corr; //
TStreamerInfo::CompareContent:0: RuntimeWarning: The following data member of
the in-memory layout version 1 of class 'HpsParticle' is missing from 
the on-file layout version 1:
   double vtx_x; //
TStreamerInfo::CompareContent:0: RuntimeWarning: The following data member of
the in-memory layout version 1 of class 'HpsParticle' is missing from 
the on-file layout version 1:
   double vtx_y; //
TStreamerInfo::CompareContent:0: RuntimeWarning: The following data member of
the in-memory layout version 1 of class 'HpsParticle' is missing from 
the on-file layout version 1:
   double vtx_z; //
TStreamerInfo::CompareContent:0: RuntimeWarning: The following data member of
the in-memory layout version 1 of class 'HpsParticle' is missing from 
the on-file layout version 1:
   double vtx_fit_chi2; //
TStreamerInfo::CompareContent:0: RuntimeWarning: The following data member of
the in-memory layout version 1 of class 'HpsParticle' is missing from 
the on-file layout version 1:
   double energy; //
TStreamerInfo::CompareContent:0: RuntimeWarning: The following data member of
the in-memory layout version 1 of class 'HpsParticle' is missing from 
the on-file layout version 1:
   double mass; //
[ HPS ANALYSIS ]:  Output file is OutputHistograms/MC/pulser-beam-tri_HPS-EngRun2015-Nominal-v4-4_pass6_useGBL_ECalMatch.root
[ HPS ANALYSIS ]: Setting to run as MC
[ HPS ANALYSIS ]: Reading in root chain from /nfs/slac/g/hps3/data/engrun2015/pass6/mc/dst/pulser-beam-tri/*HPS-EngRun2015-Nominal-v4-4
Passed v0 cuts
Passed v0 cuts
Passed v0 cuts
Passed v0 cuts
Passed v0 cuts
Passed v0 cuts
Passed v0 cuts
Passed v0 cuts
Passed v0 cuts
Passed v0 cuts
Passed v0 cuts
Passed v0 cuts
Passed v0 cuts
Passed v0 cuts
Passed v0 cuts
Passed v0 cuts
Passed v0 cuts
Passed v0 cuts
Passed v0 cuts
Passed v0 cuts
looking at tracks now
1
OBJ: GblTrack	GblTrack	
satisfied timing cuts...
Passed v0 cuts
Passed v0 cuts
Passed v0 cuts
looking at tracks now
1
OBJ: GblTrack	GblTrack	
satisfied timing cuts...
Passed v0 cuts
74.7237701416 2.91811823845
74.7237701416 2.41797113419
Event 10000
Passed v0 cuts
Passed v0 cuts
Passed v0 cuts
Passed v0 cuts
Passed v0 cuts
Passed v0 cuts
Passed v0 cuts
looking at tracks now
1
OBJ: GblTrack	GblTrack	
Passed v0 cuts
Passed v0 cuts
Passed v0 cuts
Passed v0 cuts
Passed v0 cuts
Event 20000
Passed v0 cuts
Passed v0 cuts
Passed v0 cuts
looking at tracks now
1
OBJ: GblTrack	GblTrack	
satisfied timing cuts...
34.6885910034 -5.5626745224
Passed v0 cuts
Passed v0 cuts
Passed v0 cuts
Passed v0 cuts
Passed v0 cuts
Passed v0 cuts
Passed v0 cuts
Passed v0 cuts
Passed v0 cuts
Passed v0 cuts
Passed v0 cuts
Passed v0 cuts
Passed v0 cuts
Passed v0 cuts
Passed v0 cuts
Passed v0 cuts
Passed v0 cuts
Passed v0 cuts
Passed v0 cuts
Passed v0 cuts
looking at tracks now
1
OBJ: GblTrack	GblTrack	
satisfied timing cuts...
156.678327181   215.536542091
156.678327181   282.365387983
60.5604171753 -6.69285106659
Passed v0 cuts
Event 30000
Passed v0 cuts
Passed v0 cuts
Passed v0 cuts
Passed v0 cuts
Passed v0 cuts
Passed v0 cuts
Passed v0 cuts
looking at tracks now
1
OBJ: GblTrack	GblTrack	
satisfied timing cuts...
145.020844102   203.885154632
137.377963489   203.885154632
Passed v0 cuts
Passed v0 cuts
looking at tracks now
1
OBJ: GblTrack	GblTrack	
satisfied timing cuts...
145.020844102   203.885154632
137.377963489   203.885154632
116.130661011 -5.24539995193
116.130661011 -5.06768846512
Passed v0 cuts
Passed v0 cuts
Passed v0 cuts
Passed v0 cuts
Passed v0 cuts
Passed v0 cuts
Passed v0 cuts
Passed v0 cuts
Passed v0 cuts
Passed v0 cuts
Passed v0 cuts
Passed v0 cuts
Passed v0 cuts
Event 40000
Passed v0 cuts
Passed v0 cuts
Passed v0 cuts
Passed v0 cuts
Passed v0 cuts
Passed v0 cuts
Passed v0 cuts
Passed v0 cuts
Passed v0 cuts
Passed v0 cuts
Passed v0 cuts
Passed v0 cuts
Passed v0 cuts
Passed v0 cuts
Passed v0 cuts
Event 50000
Passed v0 cuts
Passed v0 cuts
Passed v0 cuts
Passed v0 cuts
looking at tracks now
1
OBJ: GblTrack	GblTrack	
satisfied timing cuts...
54.7132949829 9.43539142609
Passed v0 cuts
Passed v0 cuts
Passed v0 cuts
Passed v0 cuts
Passed v0 cuts
Passed v0 cuts
Passed v0 cuts
Passed v0 cuts
Passed v0 cuts
Passed v0 cuts
Passed v0 cuts
Passed v0 cuts
Passed v0 cuts
Passed v0 cuts
Passed v0 cuts
Passed v0 cuts
Passed v0 cuts
Passed v0 cuts
Passed v0 cuts
Passed v0 cuts
Passed v0 cuts
Passed v0 cuts
Passed v0 cuts
Passed v0 cuts
Passed v0 cuts
Passed v0 cuts
Passed v0 cuts
Passed v0 cuts
Passed v0 cuts
Passed v0 cuts
Passed v0 cuts
Event 60000
Passed v0 cuts
Passed v0 cuts
Passed v0 cuts
Passed v0 cuts
Passed v0 cuts
Passed v0 cuts
Passed v0 cuts
Passed v0 cuts
Passed v0 cuts
Passed v0 cuts
Passed v0 cuts
looking at tracks now
1
OBJ: GblTrack	GblTrack	
Passed v0 cuts
Passed v0 cuts
looking at tracks now
1
OBJ: GblTrack	GblTrack	
satisfied timing cuts...
Passed v0 cuts
Passed v0 cuts
Event 70000
Passed v0 cuts
Passed v0 cuts
Passed v0 cuts
Passed v0 cuts
Passed v0 cuts
Passed v0 cuts
Passed v0 cuts
Passed v0 cuts
Passed v0 cuts
Passed v0 cuts
Passed v0 cuts
Passed v0 cuts
Passed v0 cuts
Passed v0 cuts
Passed v0 cuts
Passed v0 cuts
Passed v0 cuts
Passed v0 cuts
Passed v0 cuts
Passed v0 cuts
Passed v0 cuts
Passed v0 cuts
Passed v0 cuts
Passed v0 cuts
Passed v0 cuts
Event 80000
Passed v0 cuts
Passed v0 cuts
Passed v0 cuts
Passed v0 cuts
Passed v0 cuts
Passed v0 cuts
Passed v0 cuts
Passed v0 cuts
Passed v0 cuts
Passed v0 cuts
Passed v0 cuts
Passed v0 cuts
Passed v0 cuts
Passed v0 cuts
Passed v0 cuts
Passed v0 cuts
Passed v0 cuts
Passed v0 cuts
Passed v0 cuts
Passed v0 cuts
Passed v0 cuts
Passed v0 cuts
Event 90000
Passed v0 cuts
looking at tracks now
1
OBJ: GblTrack	GblTrack	
satisfied timing cuts...
68.3790843454   194.882389031
105.150482544   194.882389031
149.014440542   194.882389031
103.388244699   194.882389031
62.6261405945 -5.42565202713
Passed v0 cuts
Passed v0 cuts
Passed v0 cuts
Passed v0 cuts
Passed v0 cuts
Passed v0 cuts
Passed v0 cuts
Passed v0 cuts
Passed v0 cuts
Passed v0 cuts
Passed v0 cuts
Passed v0 cuts
Passed v0 cuts
Passed v0 cuts
Passed v0 cuts
Passed v0 cuts
Passed v0 cuts
Passed v0 cuts
Passed v0 cuts
Passed v0 cuts
Passed v0 cuts
Passed v0 cuts
Passed v0 cuts
Passed v0 cuts
Passed v0 cuts
Passed v0 cuts
Passed v0 cuts
Passed v0 cuts
Passed v0 cuts
Passed v0 cuts
Passed v0 cuts
Passed v0 cuts
Passed v0 cuts
Passed v0 cuts
Event 100000
Passed v0 cuts
Passed v0 cuts
Passed v0 cuts
Passed v0 cuts
Passed v0 cuts
Passed v0 cuts
Passed v0 cuts
Passed v0 cuts
Passed v0 cuts
Passed v0 cuts
Passed v0 cuts
Passed v0 cuts
Passed v0 cuts
Passed v0 cuts
Passed v0 cuts
Passed v0 cuts
Passed v0 cuts
Passed v0 cuts
Passed v0 cuts
Passed v0 cuts
Passed v0 cuts
Passed v0 cuts
Passed v0 cuts
Passed v0 cuts
looking at tracks now
1
OBJ: GblTrack	GblTrack	
satisfied timing cuts...
118.887162887   191.644708156
55.8391246128   191.644708156
40.6706314087 -3.3573486805
Passed v0 cuts
Passed v0 cuts
Passed v0 cuts
Passed v0 cuts
Passed v0 cuts
Passed v0 cuts
Passed v0 cuts
Passed v0 cuts
looking at tracks now
1
OBJ: GblTrack	GblTrack	
satisfied timing cuts...
159.311421728   200.825877073
38.697177887 -7.82537221909
Passed v0 cuts
Event 110000
Passed v0 cuts
Passed v0 cuts
Passed v0 cuts
Passed v0 cuts
Passed v0 cuts
Passed v0 cuts
Passed v0 cuts
Passed v0 cuts
Passed v0 cuts
Passed v0 cuts
Passed v0 cuts
Event 120000
Passed v0 cuts
Passed v0 cuts
Passed v0 cuts
Passed v0 cuts
Passed v0 cuts
Passed v0 cuts
Passed v0 cuts
Passed v0 cuts
Passed v0 cuts
Passed v0 cuts
Passed v0 cuts
Passed v0 cuts
Passed v0 cuts
Passed v0 cuts
Passed v0 cuts
Passed v0 cuts
Passed v0 cuts
Passed v0 cuts
Passed v0 cuts
Passed v0 cuts
Passed v0 cuts
Passed v0 cuts
Event 130000
Passed v0 cuts
Passed v0 cuts
Passed v0 cuts
Passed v0 cuts
Passed v0 cuts
Passed v0 cuts
Passed v0 cuts
Passed v0 cuts
Passed v0 cuts
Passed v0 cuts
Passed v0 cuts
Passed v0 cuts
Passed v0 cuts
Passed v0 cuts
Passed v0 cuts
Passed v0 cuts
Passed v0 cuts
Passed v0 cuts
Passed v0 cuts
Passed v0 cuts
Passed v0 cuts
Passed v0 cuts
Passed v0 cuts
Passed v0 cuts
Passed v0 cuts
Passed v0 cuts
Passed v0 cuts
Passed v0 cuts
Passed v0 cuts
Event 140000
Passed v0 cuts
Passed v0 cuts
Passed v0 cuts
Passed v0 cuts
Passed v0 cuts
looking at tracks now
1
OBJ: GblTrack	GblTrack	
satisfied timing cuts...
121.980300903 1.20021104813
Passed v0 cuts
Passed v0 cuts
Passed v0 cuts
Passed v0 cuts
Passed v0 cuts
Passed v0 cuts
Passed v0 cuts
Passed v0 cuts
Passed v0 cuts
Passed v0 cuts
Passed v0 cuts
Passed v0 cuts
Passed v0 cuts
Passed v0 cuts
Passed v0 cuts
Passed v0 cuts
Event 150000
Passed v0 cuts
Passed v0 cuts
Passed v0 cuts
Passed v0 cuts
Passed v0 cuts
Passed v0 cuts
Passed v0 cuts
Passed v0 cuts
Passed v0 cuts
Passed v0 cuts
Passed v0 cuts
Passed v0 cuts
Passed v0 cuts
looking at tracks now
1
OBJ: GblTrack	GblTrack	
satisfied timing cuts...
Passed v0 cuts
looking at tracks now
1
OBJ: GblTrack	GblTrack	
satisfied timing cuts...
Passed v0 cuts
Event 160000
Passed v0 cuts
Passed v0 cuts
Passed v0 cuts
Passed v0 cuts
Passed v0 cuts
Passed v0 cuts
Passed v0 cuts
Passed v0 cuts
Passed v0 cuts
Passed v0 cuts
Passed v0 cuts
Passed v0 cuts
Passed v0 cuts
Passed v0 cuts
Passed v0 cuts
Event 170000
Passed v0 cuts
Passed v0 cuts
Passed v0 cuts
Passed v0 cuts
Passed v0 cuts
Passed v0 cuts
Passed v0 cuts
Passed v0 cuts
Passed v0 cuts
Passed v0 cuts
Passed v0 cuts
Passed v0 cuts
Passed v0 cuts
Passed v0 cuts
Passed v0 cuts
Passed v0 cuts
Passed v0 cuts
Passed v0 cuts
Passed v0 cuts
Passed v0 cuts
Passed v0 cuts
Passed v0 cuts
Passed v0 cuts
Passed v0 cuts
Event 180000
Passed v0 cuts
Passed v0 cuts
Passed v0 cuts
Passed v0 cuts
Passed v0 cuts
Passed v0 cuts
Passed v0 cuts
looking at tracks now
1
OBJ: GblTrack	GblTrack	
satisfied timing cuts...
Passed v0 cuts
Passed v0 cuts
151.986053467 -5.23309850693
Passed v0 cuts
looking at tracks now
1
OBJ: GblTrack	GblTrack	
satisfied timing cuts...
166.585903828   193.330591483
36.6196136475 -7.17179107666
Passed v0 cuts
Passed v0 cuts
Passed v0 cuts
Passed v0 cuts
looking at tracks now
1
OBJ: GblTrack	GblTrack	
satisfied timing cuts...
74.4915084839 -5.34614467621
Passed v0 cuts
Passed v0 cuts
Passed v0 cuts
looking at tracks now
1
OBJ: GblTrack	GblTrack	
satisfied timing cuts...
Passed v0 cuts
96.1823348999 -1.88373911381
Passed v0 cuts
Passed v0 cuts
Passed v0 cuts
Passed v0 cuts
Passed v0 cuts
Passed v0 cuts
Passed v0 cuts
Passed v0 cuts
Passed v0 cuts
Event 190000
Passed v0 cuts
Passed v0 cuts
Passed v0 cuts
Passed v0 cuts
Passed v0 cuts
Passed v0 cuts
Passed v0 cuts
Passed v0 cuts
Passed v0 cuts
Passed v0 cuts
Passed v0 cuts
Passed v0 cuts
Passed v0 cuts
Passed v0 cuts
Passed v0 cuts
looking at tracks now
1
OBJ: GblTrack	GblTrack	
satisfied timing cuts...
38.6393852234 -6.76225996017
Passed v0 cuts
Passed v0 cuts
Passed v0 cuts
Event 200000
Passed v0 cuts
Passed v0 cuts
Passed v0 cuts
Passed v0 cuts
Passed v0 cuts
Passed v0 cuts
Passed v0 cuts
Passed v0 cuts
Passed v0 cuts
Passed v0 cuts
Passed v0 cuts
Passed v0 cuts
Passed v0 cuts
Passed v0 cuts
looking at tracks now
1
OBJ: GblTrack	GblTrack	
satisfied timing cuts...
60.5589523315 -5.87389945984
Passed v0 cuts
looking at tracks now
1
OBJ: GblTrack	GblTrack	
satisfied timing cuts...
Event 210000
Passed v0 cuts
Passed v0 cuts
Passed v0 cuts
Passed v0 cuts
Passed v0 cuts
Passed v0 cuts
looking at tracks now
1
OBJ: GblTrack	GblTrack	
satisfied timing cuts...
161.379073676   203.370916439
Passed v0 cuts
85.9940032959 6.13573169708
Passed v0 cuts
Passed v0 cuts
Passed v0 cuts
Passed v0 cuts
Passed v0 cuts
Passed v0 cuts
looking at tracks now
1
OBJ: GblTrack	GblTrack	
satisfied timing cuts...
Passed v0 cuts
Passed v0 cuts
Passed v0 cuts
Passed v0 cuts
Passed v0 cuts
Passed v0 cuts
Passed v0 cuts
Passed v0 cuts
Passed v0 cuts
Passed v0 cuts
Event 220000
Passed v0 cuts
Passed v0 cuts
Passed v0 cuts
Passed v0 cuts
Passed v0 cuts
Passed v0 cuts
looking at tracks now
1
OBJ: GblTrack	GblTrack	
satisfied timing cuts...
173.382130296   194.628177936
48.6231193542 5.79882669449
Passed v0 cuts
Passed v0 cuts
Passed v0 cuts
Passed v0 cuts
Passed v0 cuts
Passed v0 cuts
Passed v0 cuts
Passed v0 cuts
Passed v0 cuts
Passed v0 cuts
Passed v0 cuts
Passed v0 cuts
looking at tracks now
1
OBJ: GblTrack	GblTrack	
satisfied timing cuts...
Passed v0 cuts
Passed v0 cuts
Passed v0 cuts
Passed v0 cuts
Passed v0 cuts
Passed v0 cuts
Passed v0 cuts
Passed v0 cuts
Passed v0 cuts
Passed v0 cuts
Passed v0 cuts
Event 230000
Passed v0 cuts
Passed v0 cuts
Passed v0 cuts
Passed v0 cuts
looking at tracks now
1
OBJ: GblTrack	GblTrack	
Passed v0 cuts
Passed v0 cuts
Passed v0 cuts
Passed v0 cuts
Passed v0 cuts
Passed v0 cuts
Passed v0 cuts
Passed v0 cuts
Passed v0 cuts
Passed v0 cuts
Passed v0 cuts
Passed v0 cuts
Passed v0 cuts
Passed v0 cuts
Passed v0 cuts
Passed v0 cuts
******************************************************************************************
Number of Events:		237500 			1.0 			1.0
N(particle) Cuts:		1154 			0.00485894736842 			0.00485894736842
V0 Vertex   Cuts:		531 			0.46013864818 			0.00223578947368
Tracking    Cuts:		25 			0.0470809792844 			0.000105263157895
ECal Match  Cuts:		19 			0.76 			8e-05
Number of Fake Events Added:  		0 			0.0

------------------------------------------------------------
Sender: LSF System <lsf@hequ0119>
Subject: Job 162959: <python tridentAnalysis_pass4.py -m True -o OutputHistograms/MC/pulser-beam-tri_HPS-EngRun2015-Nominal-v4-4_pass6_useGBL_ECalMatch.root /nfs/slac/g/hps3/data/engrun2015/pass6/mc/dst/pulser-beam-tri/*HPS-EngRun2015-Nominal-v4-4> in cluster <slac> Done

Job <python tridentAnalysis_pass4.py -m True -o OutputHistograms/MC/pulser-beam-tri_HPS-EngRun2015-Nominal-v4-4_pass6_useGBL_ECalMatch.root /nfs/slac/g/hps3/data/engrun2015/pass6/mc/dst/pulser-beam-tri/*HPS-EngRun2015-Nominal-v4-4> was submitted from host <rhel6-64g> by user <mgraham> in cluster <slac>.
Job was executed on host(s) <hequ0119>, in queue <long>, as user <mgraham> in cluster <slac>.
</u/br/mgraham> was used as the home directory.
</u/br/mgraham/hps-analysis/tridents> was used as the working directory.
Started at Tue Jun  7 19:59:53 2016
Results reported on Tue Jun  7 20:00:57 2016

Your job looked like:

------------------------------------------------------------
# LSBATCH: User input
python tridentAnalysis_pass4.py -m True -o OutputHistograms/MC/pulser-beam-tri_HPS-EngRun2015-Nominal-v4-4_pass6_useGBL_ECalMatch.root /nfs/slac/g/hps3/data/engrun2015/pass6/mc/dst/pulser-beam-tri/*HPS-EngRun2015-Nominal-v4-4
------------------------------------------------------------

Successfully completed.

Resource usage summary:

    CPU time :                                   41.09 sec.
    Max Memory :                                 81 MB
    Average Memory :                             43.50 MB
    Total Requested Memory :                     -
    Delta Memory :                               -
    Max Swap :                                   499 MB
    Max Processes :                              3
    Max Threads :                                4
    Run time :                                   50 sec.
    Turnaround time :                            65 sec.

The output (if any) is above this job summary.

