Loading HpsEvent Library from /nfs/slac/g/hps3/users/mgraham/hps-dst/hps-dst-0.10/build/lib/libHpsEvent.so

[1mRooFit v3.60 -- Developed by Wouter Verkerke and David Kirkby[0m 
                Copyright (C) 2000-2013 NIKHEF, University of California & Stanford University
                All rights reserved, please read http://roofit.sourceforge.net/license.txt

TStreamerInfo::BuildCheck:0: RuntimeWarning: 
   The StreamerInfo of class HpsParticle read from file /nfs/slac/g/hps3/data/engrun2015/pass6/mc/dst/wab-beam-tri/wabv1-egsv3-triv2-g4v1_1to1_HPS-EngRun2015-Nominal-v4-4-fieldmap_3.8-fix_pairs1_1.root
   has the same version (=1) as the active class but a different checksum.
   You should update the version to ClassDef(HpsParticle,2).
   Do not try to write objects with the current class definition,
   the files will not be readable.

TStreamerInfo::CompareContent:0: RuntimeWarning: The following data member of
the in-memory layout version 1 of class 'HpsParticle' is missing from 
the on-file layout version 1:
   double px_corr; //
TStreamerInfo::CompareContent:0: RuntimeWarning: The following data member of
the in-memory layout version 1 of class 'HpsParticle' is missing from 
the on-file layout version 1:
   double py; //
TStreamerInfo::CompareContent:0: RuntimeWarning: The following data member of
the in-memory layout version 1 of class 'HpsParticle' is missing from 
the on-file layout version 1:
   double py_corr; //
TStreamerInfo::CompareContent:0: RuntimeWarning: The following data member of
the in-memory layout version 1 of class 'HpsParticle' is missing from 
the on-file layout version 1:
   double pz; //
TStreamerInfo::CompareContent:0: RuntimeWarning: The following data member of
the in-memory layout version 1 of class 'HpsParticle' is missing from 
the on-file layout version 1:
   double pz_corr; //
TStreamerInfo::CompareContent:0: RuntimeWarning: The following data member of
the in-memory layout version 1 of class 'HpsParticle' is missing from 
the on-file layout version 1:
   double vtx_x; //
TStreamerInfo::CompareContent:0: RuntimeWarning: The following data member of
the in-memory layout version 1 of class 'HpsParticle' is missing from 
the on-file layout version 1:
   double vtx_y; //
TStreamerInfo::CompareContent:0: RuntimeWarning: The following data member of
the in-memory layout version 1 of class 'HpsParticle' is missing from 
the on-file layout version 1:
   double vtx_z; //
TStreamerInfo::CompareContent:0: RuntimeWarning: The following data member of
the in-memory layout version 1 of class 'HpsParticle' is missing from 
the on-file layout version 1:
   double vtx_fit_chi2; //
TStreamerInfo::CompareContent:0: RuntimeWarning: The following data member of
the in-memory layout version 1 of class 'HpsParticle' is missing from 
the on-file layout version 1:
   double energy; //
TStreamerInfo::CompareContent:0: RuntimeWarning: The following data member of
the in-memory layout version 1 of class 'HpsParticle' is missing from 
the on-file layout version 1:
   double mass; //
[ HPS ANALYSIS ]:  Output file is OutputHistograms/MC/wab-beam-tri_HPS-EngRun2015-Nominal-v4-4_pass6_useGBL_ECalMatch_SuperFiducialCut.root
[ HPS ANALYSIS ]: Setting to run as MC
[ HPS ANALYSIS ]: Reading in root chain from /nfs/slac/g/hps3/data/engrun2015/pass6/mc/dst/wab-beam-tri/*HPS-EngRun2015-Nominal-v4-4
Passed v0 cuts
looking at tracks now
1
OBJ: GblTrack	GblTrack	
satisfied timing cuts...
157.070389034   199.406778226
44.6321678162 3.32164955139
Passed v0 cuts
Passed v0 cuts
looking at tracks now
1
OBJ: GblTrack	GblTrack	
satisfied timing cuts...
Passed v0 cuts
looking at tracks now
1
OBJ: GblTrack	GblTrack	
satisfied timing cuts...
Passed v0 cuts
looking at tracks now
1
OBJ: GblTrack	GblTrack	
Passed v0 cuts
looking at tracks now
1
OBJ: GblTrack	GblTrack	
Passed v0 cuts
looking at tracks now
1
OBJ: GblTrack	GblTrack	
satisfied timing cuts...
163.502468296   285.819197958
42.5923461914 -0.946319758892
Passed v0 cuts
Passed v0 cuts
Passed v0 cuts
Passed v0 cuts
Passed v0 cuts
Passed v0 cuts
looking at tracks now
1
OBJ: GblTrack	GblTrack	
Passed v0 cuts
Passed v0 cuts
Passed v0 cuts
Passed v0 cuts
Passed v0 cuts
Passed v0 cuts
looking at tracks now
1
OBJ: GblTrack	GblTrack	
satisfied timing cuts...
40.6007347107 -3.00901556015
Passed v0 cuts
looking at tracks now
1
OBJ: GblTrack	GblTrack	
satisfied timing cuts...
Passed v0 cuts
looking at tracks now
1
OBJ: GblTrack	GblTrack	
satisfied timing cuts...
144.155159017   211.399396525
144.155159017   207.551994881
40.5885124207 -2.99297142029
Passed v0 cuts
looking at tracks now
1
OBJ: GblTrack	GblTrack	
satisfied timing cuts...
Passed v0 cuts
Passed v0 cuts
Passed v0 cuts
Passed v0 cuts
Passed v0 cuts
Passed v0 cuts
Passed v0 cuts
Passed v0 cuts
looking at tracks now
1
OBJ: GblTrack	GblTrack	
satisfied timing cuts...
Passed v0 cuts
Passed v0 cuts
Passed v0 cuts
Passed v0 cuts
looking at tracks now
1
OBJ: GblTrack	GblTrack	
satisfied timing cuts...
135.665243174   212.667858101
42.6834526062 -1.32689678669
Passed v0 cuts
looking at tracks now
1
OBJ: GblTrack	GblTrack	
satisfied timing cuts...
Passed v0 cuts
looking at tracks now
1
OBJ: GblTrack	GblTrack	
satisfied timing cuts...
Passed v0 cuts
looking at tracks now
1
OBJ: GblTrack	GblTrack	
satisfied timing cuts...
123.818768845   189.302613496
123.818768845   207.467705237
42.634311676 -0.544531047344
Passed v0 cuts
looking at tracks now
1
OBJ: GblTrack	GblTrack	
satisfied timing cuts...
119.370564259   205.026570031
44.5349998474 1.06950616837
Passed v0 cuts
Passed v0 cuts
Passed v0 cuts
Passed v0 cuts
Passed v0 cuts
Passed v0 cuts
Passed v0 cuts
Passed v0 cuts
Passed v0 cuts
Passed v0 cuts
Passed v0 cuts
Passed v0 cuts
Passed v0 cuts
looking at tracks now
1
OBJ: GblTrack	GblTrack	
satisfied timing cuts...
Passed v0 cuts
Passed v0 cuts
Passed v0 cuts
looking at tracks now
1
OBJ: GblTrack	GblTrack	
satisfied timing cuts...
141.950016508   195.588582949
110.954417113   195.588582949
Passed v0 cuts
looking at tracks now
1
OBJ: GblTrack	GblTrack	
satisfied timing cuts...
141.950016508   195.588582949
110.954417113   195.588582949
42.6809387207 -1.47800040245
42.6809387207 -1.47800040245
Passed v0 cuts
looking at tracks now
1
OBJ: GblTrack	GblTrack	
satisfied timing cuts...
166.08716182   232.102546331
40.5859222412 -2.35644960403
Passed v0 cuts
looking at tracks now
1
OBJ: GblTrack	GblTrack	
satisfied timing cuts...
159.745699365   210.19281476
159.745699365   189.231315068
40.6403884888 -2.68013477325
Passed v0 cuts
looking at tracks now
1
OBJ: GblTrack	GblTrack	
satisfied timing cuts...
42.5601997375 -0.180876642466
Passed v0 cuts
looking at tracks now
1
OBJ: GblTrack	GblTrack	
satisfied timing cuts...
42.5935211182 -1.22564637661
Passed v0 cuts
looking at tracks now
1
OBJ: GblTrack	GblTrack	
satisfied timing cuts...
Passed v0 cuts
looking at tracks now
1
OBJ: GblTrack	GblTrack	
satisfied timing cuts...
113.729361815   191.598737213
40.6270866394 -3.26166534424
Passed v0 cuts
looking at tracks now
1
OBJ: GblTrack	GblTrack	
satisfied timing cuts...
Passed v0 cuts
Passed v0 cuts
Passed v0 cuts
Passed v0 cuts
Passed v0 cuts
Passed v0 cuts
looking at tracks now
1
OBJ: GblTrack	GblTrack	
satisfied timing cuts...
42.618347168 -1.08539044857
Passed v0 cuts
looking at tracks now
1
OBJ: GblTrack	GblTrack	
satisfied timing cuts...
Passed v0 cuts
looking at tracks now
1
OBJ: GblTrack	GblTrack	
satisfied timing cuts...
124.629236012   204.540068365
44.5476226807 0.899848282337
******************************************************************************************
Number of Events:		8051 			1.0 			1.0
N(particle) Cuts:		80 			0.00993665383182 			0.00993665383182
V0 Vertex   Cuts:		70 			0.875 			0.00869457210284
Tracking    Cuts:		27 			0.385714285714 			0.00335362066824
ECal Match  Cuts:		16 			0.592592592593 			0.00198733076636
Number of Fake Events Added:  		0 			0.0

------------------------------------------------------------
Sender: LSF System <lsf@kiso0049>
Subject: Job 113880: <python tridentAnalysis_pass4.py -m True -o OutputHistograms/MC/wab-beam-tri_HPS-EngRun2015-Nominal-v4-4_pass6_useGBL_ECalMatch_SuperFiducialCut.root /nfs/slac/g/hps3/data/engrun2015/pass6/mc/dst/wab-beam-tri/*HPS-EngRun2015-Nominal-v4-4> in cluster <slac> Done

Job <python tridentAnalysis_pass4.py -m True -o OutputHistograms/MC/wab-beam-tri_HPS-EngRun2015-Nominal-v4-4_pass6_useGBL_ECalMatch_SuperFiducialCut.root /nfs/slac/g/hps3/data/engrun2015/pass6/mc/dst/wab-beam-tri/*HPS-EngRun2015-Nominal-v4-4> was submitted from host <rhel6-64e> by user <mgraham> in cluster <slac>.
Job was executed on host(s) <kiso0049>, in queue <long>, as user <mgraham> in cluster <slac>.
</u/br/mgraham> was used as the home directory.
</u/br/mgraham/hps-analysis/tridents> was used as the working directory.
Started at Thu Jun  2 20:18:57 2016
Results reported on Thu Jun  2 20:19:15 2016

Your job looked like:

------------------------------------------------------------
# LSBATCH: User input
python tridentAnalysis_pass4.py -m True -o OutputHistograms/MC/wab-beam-tri_HPS-EngRun2015-Nominal-v4-4_pass6_useGBL_ECalMatch_SuperFiducialCut.root /nfs/slac/g/hps3/data/engrun2015/pass6/mc/dst/wab-beam-tri/*HPS-EngRun2015-Nominal-v4-4
------------------------------------------------------------

Successfully completed.

Resource usage summary:

    CPU time :                                   9.33 sec.
    Max Memory :                                 110 MB
    Average Memory :                             17.00 MB
    Total Requested Memory :                     -
    Delta Memory :                               -
    Max Processes :                              3
    Max Threads :                                4
    Run time :                                   18 sec.
    Turnaround time :                            19 sec.

The output (if any) is above this job summary.

