[ HPS ANALYSIS ]:  Output file is OutputHistograms/MC/BH_HPS-EngRun2015-Nominal-v3-4_pass4_useGBL_ECalMatch_SuperFiducialCut_MoreThan2Tracks.root
[ HPS ANALYSIS ]: Setting to run as MC
Loading HpsEvent Library from /nfs/slac/g/hps3/users/mgraham/hps-dst/hps-dst-0.10/build/lib/libHpsEvent.so
[ HPS ANALYSIS ]: Reading in root chain from /nfs/slac/g/hps3/data/engrun2015/pass4/mc/dst/BH/*HPS-EngRun2015-Nominal-v3-4
Event 10000
Event 20000
Event 30000
Event 40000
Event 50000
******************************************************************************************
Number of Events:		55176 			1.0 			1.0
N(particle) Cuts:		3760 			0.0681455705379 			0.0681455705379
V0 Vertex   Cuts:		5291 			1.40718085106 			0.0958931419458
Tracking    Cuts:		4839 			0.914571914572 			0.0877011744237
ECal Match  Cuts:		465 			0.0960942343459 			0.00842757720748

------------------------------------------------------------
Sender: LSF System <lsf@hequ0105>
Subject: Job 20985: <python tridentAnalysis_pass4.py -m True -o OutputHistograms/MC/BH_HPS-EngRun2015-Nominal-v3-4_pass4_useGBL_ECalMatch_SuperFiducialCut_MoreThan2Tracks.root /nfs/slac/g/hps3/data/engrun2015/pass4/mc/dst/BH/*HPS-EngRun2015-Nominal-v3-4> in cluster <slac> Done

Job <python tridentAnalysis_pass4.py -m True -o OutputHistograms/MC/BH_HPS-EngRun2015-Nominal-v3-4_pass4_useGBL_ECalMatch_SuperFiducialCut_MoreThan2Tracks.root /nfs/slac/g/hps3/data/engrun2015/pass4/mc/dst/BH/*HPS-EngRun2015-Nominal-v3-4> was submitted from host <rhel6-64m> by user <mgraham> in cluster <slac>.
Job was executed on host(s) <hequ0105>, in queue <long>, as user <mgraham> in cluster <slac>.
</u/br/mgraham> was used as the home directory.
</u/br/mgraham/hps-analysis/tridents> was used as the working directory.
Started at Sat May 14 14:06:09 2016
Results reported on Sat May 14 14:06:24 2016

Your job looked like:

------------------------------------------------------------
# LSBATCH: User input
python tridentAnalysis_pass4.py -m True -o OutputHistograms/MC/BH_HPS-EngRun2015-Nominal-v3-4_pass4_useGBL_ECalMatch_SuperFiducialCut_MoreThan2Tracks.root /nfs/slac/g/hps3/data/engrun2015/pass4/mc/dst/BH/*HPS-EngRun2015-Nominal-v3-4
------------------------------------------------------------

Successfully completed.

Resource usage summary:

    CPU time :                                   10.67 sec.
    Max Memory :                                 44 MB
    Average Memory :                             44.00 MB
    Total Requested Memory :                     -
    Delta Memory :                               -
    Max Swap :                                   429 MB
    Max Processes :                              3
    Max Threads :                                4
    Run time :                                   15 sec.
    Turnaround time :                            16 sec.

The output (if any) is above this job summary.

