[ HPS ANALYSIS ]:  Output file is OutputHistograms/MC/BH_HPS-EngRun2015-Nominal-v3-4_pass4_useGBL_ECalMatch_SuperFiducialCut.root
[ HPS ANALYSIS ]: Setting to run as MC
Loading HpsEvent Library from /nfs/slac/g/hps3/users/mgraham/hps-dst/hps-dst-0.10/build/lib/libHpsEvent.so
[ HPS ANALYSIS ]: Reading in root chain from /nfs/slac/g/hps3/data/engrun2015/pass4/mc/dst/BH/*HPS-EngRun2015-Nominal-v3-4
Event 10000
Event 20000
Event 30000
Event 40000
Event 50000
******************************************************************************************
Number of Events:		55176 			1.0 			1.0
N(particle) Cuts:		3190 			0.0578149920255 			0.0578149920255
V0 Vertex   Cuts:		2575 			0.807210031348 			0.0466688415253
Tracking    Cuts:		2513 			0.975922330097 			0.0455451645643
ECal Match  Cuts:		2108 			0.838838042181 			0.0382050166739

------------------------------------------------------------
Sender: LSF System <lsf@hequ0006>
Subject: Job 938427: <python tridentAnalysis_pass4.py -m True -o OutputHistograms/MC/BH_HPS-EngRun2015-Nominal-v3-4_pass4_useGBL_ECalMatch_SuperFiducialCut.root /nfs/slac/g/hps3/data/engrun2015/pass4/mc/dst/BH/*HPS-EngRun2015-Nominal-v3-4> in cluster <slac> Done

Job <python tridentAnalysis_pass4.py -m True -o OutputHistograms/MC/BH_HPS-EngRun2015-Nominal-v3-4_pass4_useGBL_ECalMatch_SuperFiducialCut.root /nfs/slac/g/hps3/data/engrun2015/pass4/mc/dst/BH/*HPS-EngRun2015-Nominal-v3-4> was submitted from host <rhel6-64i> by user <mgraham> in cluster <slac>.
Job was executed on host(s) <hequ0006>, in queue <long>, as user <mgraham> in cluster <slac>.
</u/br/mgraham> was used as the home directory.
</u/br/mgraham/hps-analysis/tridents> was used as the working directory.
Started at Mon May 16 21:11:28 2016
Results reported on Mon May 16 21:11:57 2016

Your job looked like:

------------------------------------------------------------
# LSBATCH: User input
python tridentAnalysis_pass4.py -m True -o OutputHistograms/MC/BH_HPS-EngRun2015-Nominal-v3-4_pass4_useGBL_ECalMatch_SuperFiducialCut.root /nfs/slac/g/hps3/data/engrun2015/pass4/mc/dst/BH/*HPS-EngRun2015-Nominal-v3-4
------------------------------------------------------------

Successfully completed.

Resource usage summary:

    CPU time :                                   19.27 sec.
    Max Memory :                                 15 MB
    Average Memory :                             15.00 MB
    Total Requested Memory :                     -
    Delta Memory :                               -
    Max Swap :                                   387 MB
    Max Processes :                              3
    Max Threads :                                4
    Run time :                                   29 sec.
    Turnaround time :                            51 sec.

The output (if any) is above this job summary.

