[ HPS ANALYSIS ]:  Output file is OutputHistograms/MC/BH_HPS-EngRun2015-Nominal-v3-4_pass4_useGBL_ECalMatch_SuperFiducialCut_2Tracks.root
[ HPS ANALYSIS ]: Setting to run as MC
Loading HpsEvent Library from /nfs/slac/g/hps3/users/mgraham/hps-dst/hps-dst-0.10/build/lib/libHpsEvent.so
[ HPS ANALYSIS ]: Reading in root chain from /nfs/slac/g/hps3/data/engrun2015/pass4/mc/dst/BH/*HPS-EngRun2015-Nominal-v3-4
Event 10000
Event 20000
Event 30000
Event 40000
Event 50000
******************************************************************************************
Number of Events:		55176 			1.0 			1.0
N(particle) Cuts:		25536 			0.462809917355 			0.462809917355
V0 Vertex   Cuts:		17278 			0.676613408521 			0.313143395679
Tracking    Cuts:		17182 			0.994443801366 			0.311403508772
ECal Match  Cuts:		1643 			0.0956233267373 			0.0297774394664

------------------------------------------------------------
Sender: LSF System <lsf@hequ0115>
Subject: Job 14856: <python tridentAnalysis_pass4.py -m True -o OutputHistograms/MC/BH_HPS-EngRun2015-Nominal-v3-4_pass4_useGBL_ECalMatch_SuperFiducialCut_2Tracks.root /nfs/slac/g/hps3/data/engrun2015/pass4/mc/dst/BH/*HPS-EngRun2015-Nominal-v3-4> in cluster <slac> Done

Job <python tridentAnalysis_pass4.py -m True -o OutputHistograms/MC/BH_HPS-EngRun2015-Nominal-v3-4_pass4_useGBL_ECalMatch_SuperFiducialCut_2Tracks.root /nfs/slac/g/hps3/data/engrun2015/pass4/mc/dst/BH/*HPS-EngRun2015-Nominal-v3-4> was submitted from host <rhel6-64m> by user <mgraham> in cluster <slac>.
Job was executed on host(s) <hequ0115>, in queue <long>, as user <mgraham> in cluster <slac>.
</u/br/mgraham> was used as the home directory.
</u/br/mgraham/hps-analysis/tridents> was used as the working directory.
Started at Sat May 14 13:39:51 2016
Results reported on Sat May 14 13:40:12 2016

Your job looked like:

------------------------------------------------------------
# LSBATCH: User input
python tridentAnalysis_pass4.py -m True -o OutputHistograms/MC/BH_HPS-EngRun2015-Nominal-v3-4_pass4_useGBL_ECalMatch_SuperFiducialCut_2Tracks.root /nfs/slac/g/hps3/data/engrun2015/pass4/mc/dst/BH/*HPS-EngRun2015-Nominal-v3-4
------------------------------------------------------------

Successfully completed.

Resource usage summary:

    CPU time :                                   15.66 sec.
    Max Memory :                                 58 MB
    Average Memory :                             58.00 MB
    Total Requested Memory :                     -
    Delta Memory :                               -
    Max Swap :                                   457 MB
    Max Processes :                              3
    Max Threads :                                4
    Run time :                                   21 sec.
    Turnaround time :                            22 sec.

The output (if any) is above this job summary.

