[ HPS ANALYSIS ]:  Output file is OutputHistograms/MC/RAD_HPS-EngRun2015-Nominal-v3-4_pass4_useGBL_ECalMatch_SuperFiducialCut.root
[ HPS ANALYSIS ]: Setting to run as MC
Loading HpsEvent Library from /nfs/slac/g/hps3/users/mgraham/hps-dst/hps-dst-0.10/build/lib/libHpsEvent.so
[ HPS ANALYSIS ]: Reading in root chain from /nfs/slac/g/hps3/data/engrun2015/pass4/mc/dst/RAD/*HPS-EngRun2015-Nominal-v3-4
Event 10000
Event 20000
Event 30000
Event 40000
Event 50000
Event 60000
Event 70000
Event 80000
Event 90000
Event 100000
Event 110000
Event 120000
Event 130000
Event 140000
Event 150000
Event 160000
Event 170000
Event 180000
Event 190000
Event 200000
Event 210000
Event 220000
Event 230000
Event 240000
Event 250000
Event 260000
Event 270000
Event 280000
Event 290000
Event 300000
Event 310000
Event 320000
Event 330000
Event 340000
Event 350000
Event 360000
Event 370000
Event 380000
Event 390000
Event 400000
Event 410000
Event 420000
Event 430000
Event 440000
Event 450000
Event 460000
Event 470000
Event 480000
Event 490000
Event 500000
Event 510000
Event 520000
Event 530000
Event 540000
Event 550000
Event 560000
Event 570000
Event 580000
Event 590000
Event 600000
Event 610000
Event 620000
Event 630000
Event 640000
Event 650000
******************************************************************************************
Number of Events:		656884 			1.0 			1.0
N(particle) Cuts:		47316 			0.0720309826392 			0.0720309826392
V0 Vertex   Cuts:		54609 			1.15413390819 			0.0831333995043
Tracking    Cuts:		49268 			0.902195608782 			0.075002587976
ECal Match  Cuts:		40846 			0.829057400341 			0.0621814506062

------------------------------------------------------------
Sender: LSF System <lsf@fell0200>
Subject: Job 938424: <python tridentAnalysis_pass4.py -m True -o OutputHistograms/MC/RAD_HPS-EngRun2015-Nominal-v3-4_pass4_useGBL_ECalMatch_SuperFiducialCut.root /nfs/slac/g/hps3/data/engrun2015/pass4/mc/dst/RAD/*HPS-EngRun2015-Nominal-v3-4> in cluster <slac> Done

Job <python tridentAnalysis_pass4.py -m True -o OutputHistograms/MC/RAD_HPS-EngRun2015-Nominal-v3-4_pass4_useGBL_ECalMatch_SuperFiducialCut.root /nfs/slac/g/hps3/data/engrun2015/pass4/mc/dst/RAD/*HPS-EngRun2015-Nominal-v3-4> was submitted from host <rhel6-64i> by user <mgraham> in cluster <slac>.
Job was executed on host(s) <fell0200>, in queue <long>, as user <mgraham> in cluster <slac>.
</u/br/mgraham> was used as the home directory.
</u/br/mgraham/hps-analysis/tridents> was used as the working directory.
Started at Mon May 16 21:11:28 2016
Results reported on Mon May 16 21:16:58 2016

Your job looked like:

------------------------------------------------------------
# LSBATCH: User input
python tridentAnalysis_pass4.py -m True -o OutputHistograms/MC/RAD_HPS-EngRun2015-Nominal-v3-4_pass4_useGBL_ECalMatch_SuperFiducialCut.root /nfs/slac/g/hps3/data/engrun2015/pass4/mc/dst/RAD/*HPS-EngRun2015-Nominal-v3-4
------------------------------------------------------------

Successfully completed.

Resource usage summary:

    CPU time :                                   304.23 sec.
    Max Memory :                                 1444 MB
    Average Memory :                             686.00 MB
    Total Requested Memory :                     -
    Delta Memory :                               -
    Max Processes :                              3
    Max Threads :                                4
    Run time :                                   330 sec.
    Turnaround time :                            352 sec.

The output (if any) is above this job summary.

