[ HPS ANALYSIS ]:  Output file is OutputHistograms/MC/tritrig-beam-tri_HPS-EngRun2015-Nominal-v3_10022015_BeamEle0pt8_ECal_GBL_v0Mom_slopeGT0pt2.root
[ HPS ANALYSIS ]: Setting to run as MC
Loading HpsEvent Library from /nfs/slac/g/hps3/software/hps-dst/build/lib/libHpsEvent.so
[ HPS ANALYSIS ]: Reading in root chain from /nfs/slac/g/hps3/data/engrun2015/pass2/mc/dst/tritrig-beam-tri/*HPS-EngRun2015-Nominal-v3
Event 10000
			Trident Selection Summary
******************************************************************************************
Number of Events:		12386 			1.0 			1.0
N(particle) Cuts:		6608 			0.533505570806 			0.533505570806
V0 Vertex   Cuts:		5034 			0.761803874092 			0.406426610689
Tracking    Cuts:		2752 			0.546682558602 			0.222186339415

------------------------------------------------------------
Sender: LSF System <lsf@fell0071>
Subject: Job 472592: <python tridentAnalysis_pass2.py -m True -o OutputHistograms/MC/tritrig-beam-tri_HPS-EngRun2015-Nominal-v3_10022015_BeamEle0pt8_ECal_GBL_v0Mom_slopeGT0pt2.root /nfs/slac/g/hps3/data/engrun2015/pass2/mc/dst/tritrig-beam-tri/*HPS-EngRun2015-Nominal-v3> in cluster <slac> Done

Job <python tridentAnalysis_pass2.py -m True -o OutputHistograms/MC/tritrig-beam-tri_HPS-EngRun2015-Nominal-v3_10022015_BeamEle0pt8_ECal_GBL_v0Mom_slopeGT0pt2.root /nfs/slac/g/hps3/data/engrun2015/pass2/mc/dst/tritrig-beam-tri/*HPS-EngRun2015-Nominal-v3> was submitted from host <rhel6-64h> by user <mgraham> in cluster <slac>.
Job was executed on host(s) <fell0071>, in queue <long>, as user <mgraham> in cluster <slac>.
</u/br/mgraham> was used as the home directory.
</u/br/mgraham/hps3/analysis/tridents> was used as the working directory.
Started at Mon Oct 12 10:06:38 2015
Results reported on Mon Oct 12 10:06:50 2015

Your job looked like:

------------------------------------------------------------
# LSBATCH: User input
python tridentAnalysis_pass2.py -m True -o OutputHistograms/MC/tritrig-beam-tri_HPS-EngRun2015-Nominal-v3_10022015_BeamEle0pt8_ECal_GBL_v0Mom_slopeGT0pt2.root /nfs/slac/g/hps3/data/engrun2015/pass2/mc/dst/tritrig-beam-tri/*HPS-EngRun2015-Nominal-v3
------------------------------------------------------------

Successfully completed.

Resource usage summary:

    CPU time :                                   6.59 sec.
    Max Memory :                                 120 MB
    Average Memory :                             19.00 MB
    Total Requested Memory :                     -
    Delta Memory :                               -
    Max Processes :                              3
    Max Threads :                                4
    Run time :                                   12 sec.
    Turnaround time :                            13 sec.

The output (if any) is above this job summary.

