[ HPS ANALYSIS ]:  Output file is OutputHistograms/MC/tritrig_HPS-EngRun2015-Nominal-v3-1-fieldmap_3.4.1_pass3_useGBL.root
[ HPS ANALYSIS ]: Setting to run as MC
Loading HpsEvent Library from /nfs/slac/g/hps3/software/hps-dst/build/lib/libHpsEvent.so
[ HPS ANALYSIS ]: Reading in root chain from /nfs/slac/g/hps3/data/engrun2015/pass3/mc/dst/tritrig/*HPS-EngRun2015-Nominal-v3-1-fieldmap_3.4.1
Event 10000
Event 20000
Event 30000
Event 40000
Event 50000
Event 60000
Event 70000
Event 80000
Event 90000
Event 100000
Event 110000
Event 120000
Event 130000
Event 140000
Event 150000
Event 160000
Event 170000
Event 180000
Event 190000
Event 200000
Event 210000
Event 220000
Event 230000
Event 240000
Event 250000
Event 260000
Event 270000
Event 280000
Event 290000
Event 300000
Event 310000
Event 320000
Event 330000
Event 340000
Event 350000
Event 360000
Event 370000
Event 380000
Event 390000
Event 400000
Event 410000
Event 420000
Event 430000
Event 440000
Event 450000
Event 460000
Event 470000
Event 480000
Event 490000
Event 500000
Event 510000
Event 520000
Event 530000
Event 540000
Event 550000
Event 560000
Event 570000
Event 580000
Event 590000
Event 600000
Event 610000
Event 620000
Event 630000
Event 640000
Event 650000
Event 660000
Event 670000
Event 680000
Event 690000
Event 700000
Event 710000
Event 720000
Event 730000
Event 740000
Event 750000
Event 760000
Event 770000
Event 780000
Event 790000
Event 800000
Event 810000
			Trident Selection Summary
******************************************************************************************
Number of Events:		816565 			1.0 			1.0
N(particle) Cuts:		446457 			0.546750105625 			0.546750105625
V0 Vertex   Cuts:		385239 			0.862880411775 			0.47177995628
Tracking    Cuts:		379995 			0.98638767103 			0.465357932314

------------------------------------------------------------
Sender: LSF System <lsf@hequ0113>
Subject: Job 60657: <python tridentAnalysis_pass3.py -m True -o OutputHistograms/MC/tritrig_HPS-EngRun2015-Nominal-v3-1-fieldmap_3.4.1_pass3_useGBL.root /nfs/slac/g/hps3/data/engrun2015/pass3/mc/dst/tritrig/*HPS-EngRun2015-Nominal-v3-1-fieldmap_3.4.1> in cluster <slac> Done

Job <python tridentAnalysis_pass3.py -m True -o OutputHistograms/MC/tritrig_HPS-EngRun2015-Nominal-v3-1-fieldmap_3.4.1_pass3_useGBL.root /nfs/slac/g/hps3/data/engrun2015/pass3/mc/dst/tritrig/*HPS-EngRun2015-Nominal-v3-1-fieldmap_3.4.1> was submitted from host <rhel6-64h> by user <mgraham> in cluster <slac>.
Job was executed on host(s) <hequ0113>, in queue <short>, as user <mgraham> in cluster <slac>.
</u/br/mgraham> was used as the home directory.
</u/br/mgraham/hps-analysis/tridents> was used as the working directory.
Started at Mon Oct 26 09:17:09 2015
Results reported on Mon Oct 26 09:25:14 2015

Your job looked like:

------------------------------------------------------------
# LSBATCH: User input
python tridentAnalysis_pass3.py -m True -o OutputHistograms/MC/tritrig_HPS-EngRun2015-Nominal-v3-1-fieldmap_3.4.1_pass3_useGBL.root /nfs/slac/g/hps3/data/engrun2015/pass3/mc/dst/tritrig/*HPS-EngRun2015-Nominal-v3-1-fieldmap_3.4.1
------------------------------------------------------------

Successfully completed.

Resource usage summary:

    CPU time :                                   424.66 sec.
    Max Memory :                                 162 MB
    Average Memory :                             138.94 MB
    Total Requested Memory :                     -
    Delta Memory :                               -
    Max Swap :                                   557 MB
    Max Processes :                              3
    Max Threads :                                4
    Run time :                                   485 sec.
    Turnaround time :                            488 sec.

The output (if any) is above this job summary.

