[ HPS ANALYSIS ]:  Output file is OutputHistograms/MC/tritrig-beam-tri_HPS-EngRun2015-Nominal-v3_10132015.root
[ HPS ANALYSIS ]: Setting to run as MC
Loading HpsEvent Library from /nfs/slac/g/hps3/software/hps-dst/build/lib/libHpsEvent.so
[ HPS ANALYSIS ]: Reading in root chain from /nfs/slac/g/hps3/data/engrun2015/pass2/mc/dst/tritrig-beam-tri/*HPS-EngRun2015-Nominal-v3
Event 10000
			Trident Selection Summary
******************************************************************************************
Number of Events:		12386 			1.0 			1.0
N(particle) Cuts:		6608 			0.533505570806 			0.533505570806
V0 Vertex   Cuts:		6780 			1.02602905569 			0.547392217019
Tracking    Cuts:		4768 			0.703244837758 			0.384950750848

------------------------------------------------------------
Sender: LSF System <lsf@fell0177>
Subject: Job 210383: <python tridentAnalysis_pass2.py -m True -o OutputHistograms/MC/tritrig-beam-tri_HPS-EngRun2015-Nominal-v3_10132015.root /nfs/slac/g/hps3/data/engrun2015/pass2/mc/dst/tritrig-beam-tri/*HPS-EngRun2015-Nominal-v3> in cluster <slac> Done

Job <python tridentAnalysis_pass2.py -m True -o OutputHistograms/MC/tritrig-beam-tri_HPS-EngRun2015-Nominal-v3_10132015.root /nfs/slac/g/hps3/data/engrun2015/pass2/mc/dst/tritrig-beam-tri/*HPS-EngRun2015-Nominal-v3> was submitted from host <rhel6-64m> by user <mgraham> in cluster <slac>.
Job was executed on host(s) <fell0177>, in queue <short>, as user <mgraham> in cluster <slac>.
</u/br/mgraham> was used as the home directory.
</u/br/mgraham/hps-analysis/tridents> was used as the working directory.
Started at Wed Oct 14 07:10:13 2015
Results reported on Wed Oct 14 07:10:48 2015

Your job looked like:

------------------------------------------------------------
# LSBATCH: User input
python tridentAnalysis_pass2.py -m True -o OutputHistograms/MC/tritrig-beam-tri_HPS-EngRun2015-Nominal-v3_10132015.root /nfs/slac/g/hps3/data/engrun2015/pass2/mc/dst/tritrig-beam-tri/*HPS-EngRun2015-Nominal-v3
------------------------------------------------------------

Successfully completed.

Resource usage summary:

    CPU time :                                   12.31 sec.
    Max Memory :                                 140 MB
    Average Memory :                             31.00 MB
    Total Requested Memory :                     -
    Delta Memory :                               -
    Max Processes :                              4
    Max Threads :                                5
    Run time :                                   34 sec.
    Turnaround time :                            36 sec.

The output (if any) is above this job summary.

