TStreamerInfo::BuildCheck:0: RuntimeWarning: 
   The StreamerInfo of class HpsEvent read from file /nfs/slac/g/hps3/data/engrun2015/pass4/mc/dst/tritrig-beam-tri/FIXEDJAR_tritrig-egsv3-triv2-g4v1_HPS-EngRun2015-Nominal-v3-4-fieldmap_3.5-20160124.015630-32_pairs1_1.root
   has the same version (=1) as the active class but a different checksum.
   You should update the version to ClassDef(HpsEvent,2).
   Do not try to write objects with the current class definition,
   the files will not be readable.

TStreamerInfo::CompareContent:0: RuntimeWarning: The following data member of
the in-memory layout version 1 of class 'HpsEvent' is missing from 
the on-file layout version 1:
   double rf_times; //
TStreamerInfo::CompareContent:0: RuntimeWarning: The following data member of
the in-memory layout version 1 of class 'HpsEvent' is missing from 
the on-file layout version 1:
   int event_number; //
TStreamerInfo::CompareContent:0: RuntimeWarning: The following data member of
the in-memory layout version 1 of class 'HpsEvent' is missing from 
the on-file layout version 1:
   long event_time; //
TStreamerInfo::CompareContent:0: RuntimeWarning: The following data member of
the in-memory layout version 1 of class 'HpsEvent' is missing from 
the on-file layout version 1:
   int pair0_trigger; //
TStreamerInfo::CompareContent:0: RuntimeWarning: The following data member of
the in-memory layout version 1 of class 'HpsEvent' is missing from 
the on-file layout version 1:
   int pair1_trigger; //
TStreamerInfo::CompareContent:0: RuntimeWarning: The following data member of
the in-memory layout version 1 of class 'HpsEvent' is missing from 
the on-file layout version 1:
   int pulser_trigger; //
TStreamerInfo::CompareContent:0: RuntimeWarning: The following data member of
the in-memory layout version 1 of class 'HpsEvent' is missing from 
the on-file layout version 1:
   int run_number; //
TStreamerInfo::CompareContent:0: RuntimeWarning: The following data member of
the in-memory layout version 1 of class 'HpsEvent' is missing from 
the on-file layout version 1:
   int single0_trigger; //
TStreamerInfo::CompareContent:0: RuntimeWarning: The following data member of
the in-memory layout version 1 of class 'HpsEvent' is missing from 
the on-file layout version 1:
   int single1_trigger; //
TStreamerInfo::CompareContent:0: RuntimeWarning: The following data member of
the in-memory layout version 1 of class 'HpsEvent' is missing from 
the on-file layout version 1:
   int svt_bias_state; //
TStreamerInfo::CompareContent:0: RuntimeWarning: The following data member of
the in-memory layout version 1 of class 'HpsEvent' is missing from 
the on-file layout version 1:
   int svt_burstmode_noise; //
TStreamerInfo::CompareContent:0: RuntimeWarning: The following data member of
the in-memory layout version 1 of class 'HpsEvent' is missing from 
the on-file layout version 1:
   int svt_event_header_state; //
TStreamerInfo::CompareContent:0: RuntimeWarning: The following data member of
the in-memory layout version 1 of class 'HpsEvent' is missing from 
the on-file layout version 1:
   int svt_latency_state; //
TStreamerInfo::CompareContent:0: RuntimeWarning: The following data member of
the in-memory layout version 1 of class 'HpsEvent' is missing from 
the on-file layout version 1:
   int svt_position_state; //
TStreamerInfo::CompareContent:0: RuntimeWarning: The following data member of
the in-memory layout version 1 of class 'HpsEvent' is missing from 
the on-file layout version 1:
   int n_tracks; //
TStreamerInfo::CompareContent:0: RuntimeWarning: The following data member of
the in-memory layout version 1 of class 'HpsEvent' is missing from 
the on-file layout version 1:
   int n_gbl_tracks; //
TStreamerInfo::CompareContent:0: RuntimeWarning: The following data member of
the in-memory layout version 1 of class 'HpsEvent' is missing from 
the on-file layout version 1:
   int n_svt_hits; //
TStreamerInfo::CompareContent:0: RuntimeWarning: The following data member of
the in-memory layout version 1 of class 'HpsEvent' is missing from 
the on-file layout version 1:
   int n_ecal_clusters; //
TStreamerInfo::CompareContent:0: RuntimeWarning: The following data member of
the in-memory layout version 1 of class 'HpsEvent' is missing from 
the on-file layout version 1:
   int n_ecal_hits; //
TStreamerInfo::CompareContent:0: RuntimeWarning: The following data member of
the in-memory layout version 1 of class 'HpsEvent' is missing from 
the on-file layout version 1:
   int n_fs_particles; //
TStreamerInfo::CompareContent:0: RuntimeWarning: The following data member of
the in-memory layout version 1 of class 'HpsEvent' is missing from 
the on-file layout version 1:
   int n_uc_v0_candidates; //
TStreamerInfo::CompareContent:0: RuntimeWarning: The following data member of
the in-memory layout version 1 of class 'HpsEvent' is missing from 
the on-file layout version 1:
   int n_uc_moller_candidates; //
TStreamerInfo::CompareContent:0: RuntimeWarning: The following data member of
the in-memory layout version 1 of class 'HpsEvent' is missing from 
the on-file layout version 1:
   int n_bsc_v0_candidates; //
TStreamerInfo::CompareContent:0: RuntimeWarning: The following data member of
the in-memory layout version 1 of class 'HpsEvent' is missing from 
the on-file layout version 1:
   int n_bsc_moller_candidates; //
TStreamerInfo::CompareContent:0: RuntimeWarning: The following data member of
the in-memory layout version 1 of class 'HpsEvent' is missing from 
the on-file layout version 1:
   int n_tc_v0_candidates; //
TStreamerInfo::CompareContent:0: RuntimeWarning: The following data member of
the in-memory layout version 1 of class 'HpsEvent' is missing from 
the on-file layout version 1:
   int n_tc_moller_candidates; //
TStreamerInfo::CompareContent:0: RuntimeWarning: The following data member of
the in-memory layout version 1 of class 'HpsEvent' is missing from 
the on-file layout version 1:
   int n_mc_particles; //
TStreamerInfo::BuildCheck:0: RuntimeWarning: 
   The StreamerInfo of class HpsParticle read from file /nfs/slac/g/hps3/data/engrun2015/pass4/mc/dst/tritrig-beam-tri/FIXEDJAR_tritrig-egsv3-triv2-g4v1_HPS-EngRun2015-Nominal-v3-4-fieldmap_3.5-20160124.015630-32_pairs1_1.root
   has the same version (=1) as the active class but a different checksum.
   You should update the version to ClassDef(HpsParticle,2).
   Do not try to write objects with the current class definition,
   the files will not be readable.

TStreamerInfo::CompareContent:0: RuntimeWarning: The following data member of
the in-memory layout version 1 of class 'HpsParticle' is missing from 
the on-file layout version 1:
   double goodness_pid; //
TStreamerInfo::CompareContent:0: RuntimeWarning: The following data member of
the in-memory layout version 1 of class 'HpsParticle' is missing from 
the on-file layout version 1:
   double px; //
TStreamerInfo::CompareContent:0: RuntimeWarning: The following data member of
the in-memory layout version 1 of class 'HpsParticle' is missing from 
the on-file layout version 1:
   double py; //
TStreamerInfo::CompareContent:0: RuntimeWarning: The following data member of
the in-memory layout version 1 of class 'HpsParticle' is missing from 
the on-file layout version 1:
   double pz; //
TStreamerInfo::CompareContent:0: RuntimeWarning: The following data member of
the in-memory layout version 1 of class 'HpsParticle' is missing from 
the on-file layout version 1:
   double vtx_x; //
TStreamerInfo::CompareContent:0: RuntimeWarning: The following data member of
the in-memory layout version 1 of class 'HpsParticle' is missing from 
the on-file layout version 1:
   double vtx_y; //
TStreamerInfo::CompareContent:0: RuntimeWarning: The following data member of
the in-memory layout version 1 of class 'HpsParticle' is missing from 
the on-file layout version 1:
   double vtx_z; //
TStreamerInfo::CompareContent:0: RuntimeWarning: The following data member of
the in-memory layout version 1 of class 'HpsParticle' is missing from 
the on-file layout version 1:
   double vtx_fit_chi2; //
TStreamerInfo::CompareContent:0: RuntimeWarning: The following data member of
the in-memory layout version 1 of class 'HpsParticle' is missing from 
the on-file layout version 1:
   double energy; //
TStreamerInfo::CompareContent:0: RuntimeWarning: The following data member of
the in-memory layout version 1 of class 'HpsParticle' is missing from 
the on-file layout version 1:
   double mass; //
TStreamerInfo::BuildCheck:0: RuntimeWarning: 
   The StreamerInfo of class GblTrack read from file /nfs/slac/g/hps3/data/engrun2015/pass4/mc/dst/tritrig-beam-tri/FIXEDJAR_tritrig-egsv3-triv2-g4v1_HPS-EngRun2015-Nominal-v3-4-fieldmap_3.5-20160124.015630-32_pairs1_1.root
   has the same version (=1) as the active class but a different checksum.
   You should update the version to ClassDef(GblTrack,2).
   Do not try to write objects with the current class definition,
   the files will not be readable.

TStreamerInfo::CompareContent:0: RuntimeWarning: One base class of the on-file layout version 1 and of the in memory layout version 1 for 'GblTrack' is different: 'SvtTrack' vs 'TObject'
TStreamerInfo::CompareContent:0: RuntimeWarning: The following data member of
the in-memory layout version 1 of class 'GblTrack' is missing from 
the on-file layout version 1:
   double lambda_kinks; //
TStreamerInfo::CompareContent:0: RuntimeWarning: The following data member of
the in-memory layout version 1 of class 'GblTrack' is missing from 
the on-file layout version 1:
   double phi_kinks; //
[ HPS ANALYSIS ]:  Output file is VertexHistograms/MC/tritrig-beam-tri_HPS-EngRun2015-Nominal-v3-4_pass4_noIsoCut_v0chi2_10_useGBL.root
[ HPS ANALYSIS ]: Setting to run as MC
Loading HpsEvent Library from /nfs/slac/g/hps3/software/hps-dst/build/lib/libHpsEvent.so
[ HPS ANALYSIS ]: Reading in root chain from /nfs/slac/g/hps3/data/engrun2015/pass4/mc/dst/tritrig-beam-tri/*HPS-EngRun2015-Nominal-v3-4
Traceback (most recent call last):
  File "vertexAnalysis_pass4.py", line 298, in <module>
    main()
  File "vertexAnalysis_pass4.py", line 196, in main
    if not (useGBL ^ track.type<32)  : continue
AttributeError: 'SvtTrack' object has no attribute 'type'

------------------------------------------------------------
Sender: LSF System <lsf@hequ0011>
Subject: Job 906640: <python vertexAnalysis_pass4.py -m True -o VertexHistograms/MC/tritrig-beam-tri_HPS-EngRun2015-Nominal-v3-4_pass4_noIsoCut_v0chi2_10_useGBL.root /nfs/slac/g/hps3/data/engrun2015/pass4/mc/dst/tritrig-beam-tri/*HPS-EngRun2015-Nominal-v3-4> in cluster <slac> Exited

Job <python vertexAnalysis_pass4.py -m True -o VertexHistograms/MC/tritrig-beam-tri_HPS-EngRun2015-Nominal-v3-4_pass4_noIsoCut_v0chi2_10_useGBL.root /nfs/slac/g/hps3/data/engrun2015/pass4/mc/dst/tritrig-beam-tri/*HPS-EngRun2015-Nominal-v3-4> was submitted from host <rhel6-64c> by user <mgraham> in cluster <slac>.
Job was executed on host(s) <hequ0011>, in queue <long>, as user <mgraham> in cluster <slac>.
</u/br/mgraham> was used as the home directory.
</u/br/mgraham/hps-analysis/tridents> was used as the working directory.
Started at Sun Feb  7 09:39:52 2016
Results reported on Sun Feb  7 09:40:03 2016

Your job looked like:

------------------------------------------------------------
# LSBATCH: User input
python vertexAnalysis_pass4.py -m True -o VertexHistograms/MC/tritrig-beam-tri_HPS-EngRun2015-Nominal-v3-4_pass4_noIsoCut_v0chi2_10_useGBL.root /nfs/slac/g/hps3/data/engrun2015/pass4/mc/dst/tritrig-beam-tri/*HPS-EngRun2015-Nominal-v3-4
------------------------------------------------------------

Exited with exit code 1.

Resource usage summary:

    CPU time :                                   5.47 sec.
    Max Memory :                                 26 MB
    Average Memory :                             26.00 MB
    Total Requested Memory :                     -
    Delta Memory :                               -
    Max Swap :                                   395 MB
    Max Processes :                              3
    Max Threads :                                4
    Run time :                                   11 sec.
    Turnaround time :                            12 sec.

The output (if any) is above this job summary.

