Loading libHpsEvent.so

Processing runAnalysis.cc(4)...
Number of entries = 1234567890
# Passed previous file = 0
0
# Passed previous file = 1
# Passed previous file = 5
# Passed previous file = 3
# Passed previous file = 2
10000
# Passed previous file = 0
# Passed previous file = 3
# Passed previous file = 1
# Passed previous file = 3
20000
# Passed previous file = 2
# Passed previous file = 1
# Passed previous file = 4
# Passed previous file = 3
30000
# Passed previous file = 1
# Passed previous file = 1
# Passed previous file = 2
# Passed previous file = 3
40000
# Passed previous file = 1
# Passed previous file = 1
# Passed previous file = 0
# Passed previous file = 2
# Passed previous file = 3
50000
# Passed previous file = 4
# Passed previous file = 2
# Passed previous file = 3
# Passed previous file = 1
60000
# Passed previous file = 0
# Passed previous file = 0
# Passed previous file = 2
# Passed previous file = 4
70000
# Passed previous file = 2
# Passed previous file = 1
# Passed previous file = 1
# Passed previous file = 3
80000
# Passed previous file = 2
# Passed previous file = 2
# Passed previous file = 2
# Passed previous file = 0
# Passed previous file = 0
90000
# Passed previous file = 2
# Passed previous file = 1
# Passed previous file = 2
# Passed previous file = 0
100000
# Passed previous file = 1
# Passed previous file = 3
# Passed previous file = 4
# Passed previous file = 4
110000
# Passed previous file = 0
# Passed previous file = 0
# Passed previous file = 0
# Passed previous file = 0
120000
# Passed previous file = 4
# Passed previous file = 2
# Passed previous file = 4
# Passed previous file = 0
# Passed previous file = 0
130000
# Passed previous file = 2
# Passed previous file = 1
# Passed previous file = 3
# Passed previous file = 4
140000
# Passed previous file = 0
# Passed previous file = 0
# Passed previous file = 0
# Passed previous file = 1
150000
# Passed previous file = 2
# Passed previous file = 0
# Passed previous file = 1
# Passed previous file = 2
160000
# Passed previous file = 3
# Passed previous file = 3
# Passed previous file = 2
# Passed previous file = 2
170000
# Passed previous file = 1
# Passed previous file = 0
# Passed previous file = 1
# Passed previous file = 1
# Passed previous file = 1
180000
# Passed previous file = 3
# Passed previous file = 0
# Passed previous file = 1
# Passed previous file = 3
190000
# Passed previous file = 1
# Passed previous file = 0
# Passed previous file = 1
# Passed previous file = 0
200000
# Passed previous file = 0
# Passed previous file = 2
# Passed previous file = 1
			Trident Selection Summary
******************************************************************************************
Number of Events:		207470			1			1
N(particle) Cuts:		855			0.00412108			0.00412108
V0 Momentum Cuts:		453			0.529825			0.00218345
V0 Vertex   Cuts:		279			0.615894			0.00134477
Tracking    Cuts:		141			0.505376			0.000679616
.....done....

------------------------------------------------------------
Sender: LSF System <lsf@fell0091>
Subject: Job 25961: <root -l -b -q runAnalysis.cc\(4\)> in cluster <slac> Done

Job <root -l -b -q runAnalysis.cc\(4\)> was submitted from host <rhel6-64d> by user <mgraham> in cluster <slac>.
Job was executed on host(s) <fell0091>, in queue <long>, as user <mgraham> in cluster <slac>.
</u/br/mgraham> was used as the home directory.
</u/br/mgraham/hps3/analysis/tridents> was used as the working directory.
Started at Wed Aug 12 18:33:47 2015
Results reported on Wed Aug 12 18:34:10 2015

Your job looked like:

------------------------------------------------------------
# LSBATCH: User input
root -l -b -q runAnalysis.cc\(4\)
------------------------------------------------------------

Successfully completed.

Resource usage summary:

    CPU time :                                   12.66 sec.
    Max Memory :                                 228 MB
    Average Memory :                             61.00 MB
    Total Requested Memory :                     -
    Delta Memory :                               -
    Max Processes :                              4
    Max Threads :                                5
    Run time :                                   23 sec.
    Turnaround time :                            41 sec.

The output (if any) is above this job summary.

